 
****************************************
Report : area
Design : cordic_pipelined
Version: W-2024.09-SP2
Date   : Thu Apr 30 16:53:25 2026
****************************************

Library(s) Used:

    lsi_10k (File: /cad/synopsys/design_compiler/W-2024.09-SP2/libraries/syn/lsi_10k.db)

Number of ports:                           56
Number of nets:                         13820
Number of cells:                        13036
Number of combinational cells:          12135
Number of sequential cells:               900
Number of macros/black boxes:               0
Number of buf/inv:                       1674
Number of references:                      36

Combinational area:              30084.000000
Buf/Inv area:                     2331.000000
Noncombinational area:            8405.000000
Macro/Black Box area:                0.000000
Net Interconnect area:      undefined  (No wire load specified)

Total cell area:                 38489.000000
Total area:                 undefined

Hierarchical area distribution
------------------------------

                                  Global cell area            Local cell area
                                  -------------------  ----------------------------- 
Hierarchical cell                 Absolute    Percent  Combi-      Noncombi-  Black-
                                  Total       Total    national    national   boxes   Design
--------------------------------  ----------  -------  ----------  ---------  ------  ---------
cordic_pipelined                  38489.0000    100.0  30084.0000  8405.0000  0.0000  cordic_pipelined
--------------------------------  ----------  -------  ----------  ---------  ------  ---------
Total                                                  30084.0000  8405.0000  0.0000

1
