 
****************************************
Report : area
Design : cordic_pipelined
Version: W-2024.09-SP2
Date   : Thu Apr 30 18:28:53 2026
****************************************

Library(s) Used:

    lsi_10k (File: /cad/synopsys/design_compiler/W-2024.09-SP2/libraries/syn/lsi_10k.db)

Number of ports:                           56
Number of nets:                         14690
Number of cells:                        13930
Number of combinational cells:          13031
Number of sequential cells:               898
Number of macros/black boxes:               0
Number of buf/inv:                       1151
Number of references:                      35

Combinational area:              27393.000000
Buf/Inv area:                     1395.000000
Noncombinational area:            8328.000000
Macro/Black Box area:                0.000000
Net Interconnect area:      undefined  (No wire load specified)

Total cell area:                 35721.000000
Total area:                 undefined

Hierarchical area distribution
------------------------------

                                  Global cell area            Local cell area
                                  -------------------  ----------------------------- 
Hierarchical cell                 Absolute    Percent  Combi-      Noncombi-  Black-
                                  Total       Total    national    national   boxes   Design
--------------------------------  ----------  -------  ----------  ---------  ------  ---------
cordic_pipelined                  35721.0000    100.0  27393.0000  8328.0000  0.0000  cordic_pipelined
--------------------------------  ----------  -------  ----------  ---------  ------  ---------
Total                                                  27393.0000  8328.0000  0.0000

1
