 
****************************************
Report : constraint
        -all_violators
Design : cordic_pipelined
Version: W-2024.09-SP2
Date   : Thu Apr 30 18:28:53 2026
****************************************


   max_delay/setup ('clk' group)

                             Required        Actual
   Endpoint                 Path Delay     Path Delay        Slack
   -----------------------------------------------------------------
   x_pipe_reg[15][14]/D         8.45           9.10 f        -0.65  (VIOLATED)
   y_pipe_reg[7][16]/D          8.45           9.09 f        -0.64  (VIOLATED)
   x_pipe_reg[14][15]/D         8.45           9.09 r        -0.64  (VIOLATED)
   y_pipe_reg[6][16]/D          8.45           9.08 f        -0.63  (VIOLATED)
   y_pipe_reg[13][17]/D         8.45           9.08 r        -0.63  (VIOLATED)
   y_pipe_reg[12][18]/D         8.45           9.07 r        -0.62  (VIOLATED)
   y_pipe_reg[12][19]/D         8.45           9.07 r        -0.62  (VIOLATED)
   y_pipe_reg[14][15]/D         8.45           9.07 f        -0.62  (VIOLATED)
   x_pipe_reg[9][16]/D          8.45           9.07 f        -0.62  (VIOLATED)
   x_pipe_reg[10][16]/D         8.45           9.07 f        -0.62  (VIOLATED)
   y_pipe_reg[9][16]/D          8.45           9.07 f        -0.62  (VIOLATED)
   x_pipe_reg[11][8]/D          8.45           9.07 f        -0.62  (VIOLATED)
   y_pipe_reg[5][16]/D          8.45           9.07 f        -0.62  (VIOLATED)
   y_pipe_reg[3][16]/D          8.45           9.06 r        -0.61  (VIOLATED)
   y_pipe_reg[10][16]/D         8.45           9.06 f        -0.61  (VIOLATED)
   x_pipe_reg[8][16]/D          8.45           9.06 f        -0.61  (VIOLATED)
   y_pipe_reg[15][14]/D         8.45           9.06 r        -0.61  (VIOLATED)
   x_pipe_reg[13][14]/D         8.45           9.06 f        -0.61  (VIOLATED)
   y_pipe_reg[12][15]/D         8.45           9.06 r        -0.61  (VIOLATED)
   y_pipe_reg[15][16]/D         8.45           9.05 r        -0.60  (VIOLATED)
   y_pipe_reg[12][9]/D          8.45           9.05 r        -0.60  (VIOLATED)
   y_pipe_reg[12][10]/D         8.45           9.05 r        -0.60  (VIOLATED)
   y_pipe_reg[12][11]/D         8.45           9.05 r        -0.60  (VIOLATED)
   y_pipe_reg[12][12]/D         8.45           9.05 r        -0.60  (VIOLATED)
   y_pipe_reg[12][13]/D         8.45           9.05 r        -0.60  (VIOLATED)
   x_pipe_reg[4][16]/D          8.45           9.05 f        -0.60  (VIOLATED)
   y_pipe_reg[8][16]/D          8.45           9.05 f        -0.60  (VIOLATED)
   y_pipe_reg[16][16]/D         8.45           9.04 r        -0.59  (VIOLATED)
   y_pipe_reg[11][8]/D          8.45           9.04 f        -0.59  (VIOLATED)
   y_pipe_reg[14][9]/D          8.45           9.04 f        -0.59  (VIOLATED)
   y_pipe_reg[14][10]/D         8.45           9.04 f        -0.59  (VIOLATED)
   y_pipe_reg[14][11]/D         8.45           9.04 f        -0.59  (VIOLATED)
   y_pipe_reg[14][12]/D         8.45           9.04 f        -0.59  (VIOLATED)
   y_pipe_reg[14][14]/D         8.45           9.04 f        -0.59  (VIOLATED)
   x_pipe_reg[12][17]/D         8.45           9.04 r        -0.59  (VIOLATED)
   x_pipe_reg[12][18]/D         8.45           9.04 r        -0.59  (VIOLATED)
   x_pipe_reg[12][19]/D         8.45           9.04 r        -0.59  (VIOLATED)
   x_pipe_reg[5][16]/D          8.45           9.04 f        -0.59  (VIOLATED)
   x_pipe_reg[14][9]/D          8.45           9.03 f        -0.59  (VIOLATED)
   x_pipe_reg[14][11]/D         8.45           9.03 f        -0.59  (VIOLATED)
   x_pipe_reg[14][12]/D         8.45           9.03 f        -0.59  (VIOLATED)
   x_pipe_reg[14][13]/D         8.45           9.03 f        -0.59  (VIOLATED)
   x_pipe_reg[14][16]/D         8.45           9.03 r        -0.58  (VIOLATED)
   x_pipe_reg[14][17]/D         8.45           9.03 r        -0.58  (VIOLATED)
   x_pipe_reg[15][16]/D         8.45           9.03 r        -0.58  (VIOLATED)
   x_pipe_reg[6][16]/D          8.45           9.03 f        -0.58  (VIOLATED)
   y_pipe_reg[13][15]/D         8.45           9.03 r        -0.58  (VIOLATED)
   y_pipe_reg[13][16]/D         8.45           9.03 r        -0.58  (VIOLATED)
   y_pipe_reg[13][18]/D         8.45           9.03 r        -0.58  (VIOLATED)
   y_pipe_reg[13][19]/D         8.45           9.03 r        -0.58  (VIOLATED)
   x_pipe_reg[14][8]/D          8.45           9.03 r        -0.58  (VIOLATED)
   x_pipe_reg[14][10]/D         8.45           9.03 r        -0.58  (VIOLATED)
   x_pipe_reg[16][16]/D         8.45           9.03 r        -0.58  (VIOLATED)
   x_pipe_reg[3][16]/D          8.45           9.03 f        -0.58  (VIOLATED)
   x_pipe_reg[7][16]/D          8.45           9.03 f        -0.58  (VIOLATED)
   y_pipe_reg[16][15]/D         8.45           9.03 r        -0.58  (VIOLATED)
   y_pipe_reg[4][16]/D          8.45           9.03 f        -0.58  (VIOLATED)
   x_pipe_reg[14][18]/D         8.45           9.03 r        -0.58  (VIOLATED)
   y_pipe_reg[11][16]/D         8.45           9.03 r        -0.58  (VIOLATED)
   x_pipe_reg[12][15]/D         8.45           9.02 r        -0.57  (VIOLATED)
   x_pipe_reg[4][17]/D          8.45           9.02 r        -0.57  (VIOLATED)
   x_pipe_reg[4][18]/D          8.45           9.02 r        -0.57  (VIOLATED)
   x_pipe_reg[4][19]/D          8.45           9.02 r        -0.57  (VIOLATED)
   y_pipe_reg[12][8]/D          8.45           9.01 f        -0.56  (VIOLATED)
   x_pipe_reg[12][16]/D         8.45           9.01 r        -0.56  (VIOLATED)
   y_pipe_reg[11][14]/D         8.45           9.01 r        -0.56  (VIOLATED)
   x_pipe_reg[14][19]/D         8.45           9.00 r        -0.55  (VIOLATED)
   x_pipe_reg[15][9]/D          8.45           9.00 r        -0.55  (VIOLATED)
   x_pipe_reg[15][10]/D         8.45           9.00 r        -0.55  (VIOLATED)
   x_pipe_reg[15][11]/D         8.45           9.00 r        -0.55  (VIOLATED)
   x_pipe_reg[15][12]/D         8.45           9.00 r        -0.55  (VIOLATED)
   x_pipe_reg[15][13]/D         8.45           9.00 r        -0.55  (VIOLATED)
   x_pipe_reg[16][17]/D         8.45           8.99 r        -0.54  (VIOLATED)
   x_pipe_reg[16][18]/D         8.45           8.99 r        -0.54  (VIOLATED)
   x_pipe_reg[16][19]/D         8.45           8.99 r        -0.54  (VIOLATED)
   x_pipe_reg[13][16]/D         8.45           8.99 f        -0.54  (VIOLATED)
   y_pipe_reg[15][6]/D          8.45           8.99 f        -0.54  (VIOLATED)
   x_pipe_reg[13][19]/D         8.45           8.98 f        -0.53  (VIOLATED)
   x_pipe_reg[11][16]/D         8.45           8.98 f        -0.53  (VIOLATED)
   x_pipe_reg[16][15]/D         8.45           8.98 f        -0.53  (VIOLATED)
   y_pipe_reg[14][19]/D         8.45           8.98 r        -0.53  (VIOLATED)
   y_pipe_reg[3][17]/D          8.45           8.98 r        -0.53  (VIOLATED)
   y_pipe_reg[3][18]/D          8.45           8.98 r        -0.53  (VIOLATED)
   y_pipe_reg[3][19]/D          8.45           8.98 r        -0.53  (VIOLATED)
   y_pipe_reg[15][15]/D         8.45           8.97 r        -0.52  (VIOLATED)
   y_pipe_reg[15][17]/D         8.45           8.97 r        -0.52  (VIOLATED)
   y_pipe_reg[15][18]/D         8.45           8.97 r        -0.52  (VIOLATED)
   y_pipe_reg[15][19]/D         8.45           8.97 r        -0.52  (VIOLATED)
   x_pipe_reg[13][15]/D         8.45           8.97 r        -0.52  (VIOLATED)
   x_pipe_reg[13][17]/D         8.45           8.97 r        -0.52  (VIOLATED)
   x_pipe_reg[13][18]/D         8.45           8.97 r        -0.52  (VIOLATED)
   y_pipe_reg[12][17]/D         8.45           8.97 r        -0.52  (VIOLATED)
   x_pipe_reg[9][9]/D           8.45           8.97 r        -0.52  (VIOLATED)
   x_pipe_reg[9][10]/D          8.45           8.97 r        -0.52  (VIOLATED)
   x_pipe_reg[9][11]/D          8.45           8.97 r        -0.52  (VIOLATED)
   x_pipe_reg[9][12]/D          8.45           8.97 r        -0.52  (VIOLATED)
   x_pipe_reg[9][13]/D          8.45           8.97 r        -0.52  (VIOLATED)
   x_pipe_reg[9][14]/D          8.45           8.97 r        -0.52  (VIOLATED)
   x_pipe_reg[9][15]/D          8.45           8.97 r        -0.52  (VIOLATED)
   x_pipe_reg[10][9]/D          8.45           8.97 r        -0.52  (VIOLATED)
   x_pipe_reg[10][10]/D         8.45           8.97 r        -0.52  (VIOLATED)
   x_pipe_reg[10][11]/D         8.45           8.97 r        -0.52  (VIOLATED)
   x_pipe_reg[10][12]/D         8.45           8.97 r        -0.52  (VIOLATED)
   x_pipe_reg[10][13]/D         8.45           8.97 r        -0.52  (VIOLATED)
   x_pipe_reg[10][14]/D         8.45           8.97 r        -0.52  (VIOLATED)
   x_pipe_reg[10][15]/D         8.45           8.97 r        -0.52  (VIOLATED)
   y_pipe_reg[9][9]/D           8.45           8.97 r        -0.52  (VIOLATED)
   y_pipe_reg[9][10]/D          8.45           8.97 r        -0.52  (VIOLATED)
   y_pipe_reg[9][11]/D          8.45           8.97 r        -0.52  (VIOLATED)
   y_pipe_reg[9][12]/D          8.45           8.97 r        -0.52  (VIOLATED)
   y_pipe_reg[9][13]/D          8.45           8.97 r        -0.52  (VIOLATED)
   y_pipe_reg[9][14]/D          8.45           8.97 r        -0.52  (VIOLATED)
   y_pipe_reg[9][15]/D          8.45           8.97 r        -0.52  (VIOLATED)
   y_pipe_reg[16][12]/D         8.45           8.96 r        -0.51  (VIOLATED)
   y_pipe_reg[10][9]/D          8.45           8.96 r        -0.51  (VIOLATED)
   y_pipe_reg[10][10]/D         8.45           8.96 r        -0.51  (VIOLATED)
   y_pipe_reg[10][11]/D         8.45           8.96 r        -0.51  (VIOLATED)
   y_pipe_reg[10][12]/D         8.45           8.96 r        -0.51  (VIOLATED)
   y_pipe_reg[10][13]/D         8.45           8.96 r        -0.51  (VIOLATED)
   y_pipe_reg[10][14]/D         8.45           8.96 r        -0.51  (VIOLATED)
   y_pipe_reg[10][15]/D         8.45           8.96 r        -0.51  (VIOLATED)
   x_pipe_reg[14][14]/D         8.45           8.96 r        -0.51  (VIOLATED)
   x_pipe_reg[5][17]/D          8.45           8.96 r        -0.51  (VIOLATED)
   x_pipe_reg[5][18]/D          8.45           8.96 r        -0.51  (VIOLATED)
   x_pipe_reg[5][19]/D          8.45           8.96 r        -0.51  (VIOLATED)
   x_pipe_reg[13][9]/D          8.45           8.96 f        -0.51  (VIOLATED)
   x_pipe_reg[13][10]/D         8.45           8.96 f        -0.51  (VIOLATED)
   x_pipe_reg[13][11]/D         8.45           8.96 f        -0.51  (VIOLATED)
   x_pipe_reg[13][12]/D         8.45           8.96 f        -0.51  (VIOLATED)
   x_pipe_reg[13][13]/D         8.45           8.96 f        -0.51  (VIOLATED)
   z_pipe_reg[5][16]/D          8.45           8.96 f        -0.51  (VIOLATED)
   x_pipe_reg[15][17]/D         8.45           8.95 r        -0.50  (VIOLATED)
   x_pipe_reg[15][18]/D         8.45           8.95 r        -0.50  (VIOLATED)
   x_pipe_reg[15][19]/D         8.45           8.95 r        -0.50  (VIOLATED)
   y_pipe_reg[13][9]/D          8.45           8.95 f        -0.50  (VIOLATED)
   y_pipe_reg[13][10]/D         8.45           8.95 f        -0.50  (VIOLATED)
   y_pipe_reg[13][11]/D         8.45           8.95 f        -0.50  (VIOLATED)
   y_pipe_reg[13][12]/D         8.45           8.95 f        -0.50  (VIOLATED)
   y_pipe_reg[13][13]/D         8.45           8.95 f        -0.50  (VIOLATED)
   y_pipe_reg[13][14]/D         8.45           8.95 f        -0.50  (VIOLATED)
   y_pipe_reg[3][9]/D           8.45           8.94 r        -0.49  (VIOLATED)
   y_pipe_reg[3][10]/D          8.45           8.94 r        -0.49  (VIOLATED)
   y_pipe_reg[3][11]/D          8.45           8.94 r        -0.49  (VIOLATED)
   y_pipe_reg[3][12]/D          8.45           8.94 r        -0.49  (VIOLATED)
   y_pipe_reg[3][13]/D          8.45           8.94 r        -0.49  (VIOLATED)
   y_pipe_reg[3][14]/D          8.45           8.94 r        -0.49  (VIOLATED)
   y_pipe_reg[14][8]/D          8.45           8.94 r        -0.49  (VIOLATED)
   y_pipe_reg[14][13]/D         8.45           8.94 r        -0.49  (VIOLATED)
   y_pipe_reg[16][17]/D         8.45           8.94 r        -0.49  (VIOLATED)
   y_pipe_reg[16][18]/D         8.45           8.94 r        -0.49  (VIOLATED)
   y_pipe_reg[16][19]/D         8.45           8.94 r        -0.49  (VIOLATED)
   y_pipe_reg[11][17]/D         8.45           8.94 r        -0.49  (VIOLATED)
   y_pipe_reg[11][18]/D         8.45           8.94 r        -0.49  (VIOLATED)
   y_pipe_reg[11][19]/D         8.45           8.94 r        -0.49  (VIOLATED)
   x_pipe_reg[8][9]/D           8.45           8.93 r        -0.48  (VIOLATED)
   x_pipe_reg[8][10]/D          8.45           8.93 r        -0.48  (VIOLATED)
   x_pipe_reg[8][11]/D          8.45           8.93 r        -0.48  (VIOLATED)
   x_pipe_reg[8][12]/D          8.45           8.93 r        -0.48  (VIOLATED)
   x_pipe_reg[8][13]/D          8.45           8.93 r        -0.48  (VIOLATED)
   x_pipe_reg[8][14]/D          8.45           8.93 r        -0.48  (VIOLATED)
   x_pipe_reg[8][15]/D          8.45           8.93 r        -0.48  (VIOLATED)
   x_pipe_reg[6][8]/D           8.45           8.92 f        -0.47  (VIOLATED)
   y_pipe_reg[13][7]/D          8.45           8.92 f        -0.47  (VIOLATED)
   x_pipe_reg[7][8]/D           8.45           8.91 f        -0.46  (VIOLATED)
   y_pipe_reg[14][16]/D         8.45           8.91 f        -0.46  (VIOLATED)
   y_pipe_reg[7][17]/D          8.45           8.91 r        -0.46  (VIOLATED)
   y_pipe_reg[7][18]/D          8.45           8.91 r        -0.46  (VIOLATED)
   y_pipe_reg[7][19]/D          8.45           8.91 r        -0.46  (VIOLATED)
   x_pipe_reg[11][14]/D         8.45           8.90 r        -0.45  (VIOLATED)
   x_pipe_reg[5][9]/D           8.45           8.89 r        -0.44  (VIOLATED)
   x_pipe_reg[5][10]/D          8.45           8.89 r        -0.44  (VIOLATED)
   x_pipe_reg[5][11]/D          8.45           8.89 r        -0.44  (VIOLATED)
   x_pipe_reg[5][12]/D          8.45           8.89 r        -0.44  (VIOLATED)
   x_pipe_reg[5][13]/D          8.45           8.89 r        -0.44  (VIOLATED)
   x_pipe_reg[5][14]/D          8.45           8.89 r        -0.44  (VIOLATED)
   y_pipe_reg[12][16]/D         8.45           8.89 r        -0.44  (VIOLATED)
   z_pipe_reg[2][17]/D          8.45           8.89 f        -0.44  (VIOLATED)
   x_pipe_reg[4][8]/D           8.45           8.88 f        -0.43  (VIOLATED)
   y_pipe_reg[5][9]/D           8.45           8.88 r        -0.43  (VIOLATED)
   y_pipe_reg[5][10]/D          8.45           8.88 r        -0.43  (VIOLATED)
   y_pipe_reg[5][11]/D          8.45           8.88 r        -0.43  (VIOLATED)
   y_pipe_reg[5][12]/D          8.45           8.88 r        -0.43  (VIOLATED)
   y_pipe_reg[5][13]/D          8.45           8.88 r        -0.43  (VIOLATED)
   y_pipe_reg[5][14]/D          8.45           8.88 r        -0.43  (VIOLATED)
   z_pipe_reg[14][19]/D         8.45           8.88 f        -0.43  (VIOLATED)
   x_pipe_reg[15][7]/D          8.45           8.87 r        -0.42  (VIOLATED)
   x_pipe_reg[15][8]/D          8.45           8.87 r        -0.42  (VIOLATED)
   y_pipe_reg[6][8]/D           8.45           8.87 f        -0.42  (VIOLATED)
   x_pipe_reg[15][15]/D         8.45           8.87 r        -0.42  (VIOLATED)
   y_pipe_reg[13][5]/D          8.45           8.86 f        -0.41  (VIOLATED)
   y_pipe_reg[13][6]/D          8.45           8.86 f        -0.41  (VIOLATED)
   z_pipe_reg[1][15]/D          8.45           8.86 f        -0.41  (VIOLATED)
   z_pipe_reg[1][16]/D          8.45           8.86 f        -0.41  (VIOLATED)
   z_pipe_reg[1][17]/D          8.45           8.86 f        -0.41  (VIOLATED)
   z_pipe_reg[1][18]/D          8.45           8.86 f        -0.41  (VIOLATED)
   z_pipe_reg[1][19]/D          8.45           8.86 f        -0.41  (VIOLATED)
   x_pipe_reg[16][8]/D          8.45           8.86 f        -0.41  (VIOLATED)
   x_pipe_reg[12][9]/D          8.45           8.86 r        -0.41  (VIOLATED)
   x_pipe_reg[12][10]/D         8.45           8.86 r        -0.41  (VIOLATED)
   x_pipe_reg[12][11]/D         8.45           8.86 r        -0.41  (VIOLATED)
   x_pipe_reg[12][12]/D         8.45           8.86 r        -0.41  (VIOLATED)
   x_pipe_reg[12][13]/D         8.45           8.86 r        -0.41  (VIOLATED)
   x_pipe_reg[6][9]/D           8.45           8.85 r        -0.40  (VIOLATED)
   x_pipe_reg[6][10]/D          8.45           8.85 r        -0.40  (VIOLATED)
   x_pipe_reg[6][11]/D          8.45           8.85 r        -0.40  (VIOLATED)
   x_pipe_reg[6][12]/D          8.45           8.85 r        -0.40  (VIOLATED)
   x_pipe_reg[6][13]/D          8.45           8.85 r        -0.40  (VIOLATED)
   x_pipe_reg[6][14]/D          8.45           8.85 r        -0.40  (VIOLATED)
   y_pipe_reg[6][17]/D          8.45           8.85 r        -0.40  (VIOLATED)
   y_pipe_reg[6][18]/D          8.45           8.85 r        -0.40  (VIOLATED)
   y_pipe_reg[6][19]/D          8.45           8.85 r        -0.40  (VIOLATED)
   y_pipe_reg[12][14]/D         8.45           8.84 r        -0.39  (VIOLATED)
   y_pipe_reg[6][9]/D           8.45           8.84 r        -0.39  (VIOLATED)
   y_pipe_reg[6][10]/D          8.45           8.84 r        -0.39  (VIOLATED)
   y_pipe_reg[6][11]/D          8.45           8.84 r        -0.39  (VIOLATED)
   y_pipe_reg[6][12]/D          8.45           8.84 r        -0.39  (VIOLATED)
   y_pipe_reg[6][13]/D          8.45           8.84 r        -0.39  (VIOLATED)
   y_pipe_reg[6][14]/D          8.45           8.84 r        -0.39  (VIOLATED)
   y_pipe_reg[14][18]/D         8.45           8.84 r        -0.39  (VIOLATED)
   z_pipe_reg[4][9]/D           8.45           8.84 f        -0.39  (VIOLATED)
   x_pipe_reg[9][17]/D          8.45           8.84 r        -0.39  (VIOLATED)
   x_pipe_reg[9][18]/D          8.45           8.84 r        -0.39  (VIOLATED)
   x_pipe_reg[9][19]/D          8.45           8.84 r        -0.39  (VIOLATED)
   x_pipe_reg[10][17]/D         8.45           8.84 r        -0.39  (VIOLATED)
   x_pipe_reg[10][18]/D         8.45           8.84 r        -0.39  (VIOLATED)
   x_pipe_reg[10][19]/D         8.45           8.84 r        -0.39  (VIOLATED)
   y_pipe_reg[9][17]/D          8.45           8.84 r        -0.39  (VIOLATED)
   y_pipe_reg[9][18]/D          8.45           8.84 r        -0.39  (VIOLATED)
   y_pipe_reg[9][19]/D          8.45           8.84 r        -0.39  (VIOLATED)
   x_pipe_reg[11][9]/D          8.45           8.83 r        -0.38  (VIOLATED)
   x_pipe_reg[11][10]/D         8.45           8.83 r        -0.38  (VIOLATED)
   x_pipe_reg[11][11]/D         8.45           8.83 r        -0.38  (VIOLATED)
   x_pipe_reg[11][12]/D         8.45           8.83 r        -0.38  (VIOLATED)
   x_pipe_reg[11][13]/D         8.45           8.83 r        -0.38  (VIOLATED)
   x_pipe_reg[11][15]/D         8.45           8.83 r        -0.38  (VIOLATED)
   x_pipe_reg[11][17]/D         8.45           8.83 r        -0.38  (VIOLATED)
   x_pipe_reg[11][18]/D         8.45           8.83 r        -0.38  (VIOLATED)
   x_pipe_reg[11][19]/D         8.45           8.83 r        -0.38  (VIOLATED)
   y_pipe_reg[16][9]/D          8.45           8.83 r        -0.38  (VIOLATED)
   y_pipe_reg[16][10]/D         8.45           8.83 r        -0.38  (VIOLATED)
   y_pipe_reg[16][11]/D         8.45           8.83 r        -0.38  (VIOLATED)
   y_pipe_reg[16][13]/D         8.45           8.83 r        -0.38  (VIOLATED)
   y_pipe_reg[16][14]/D         8.45           8.83 r        -0.38  (VIOLATED)
   y_pipe_reg[14][17]/D         8.45           8.83 r        -0.38  (VIOLATED)
   y_pipe_reg[5][17]/D          8.45           8.83 r        -0.38  (VIOLATED)
   y_pipe_reg[5][18]/D          8.45           8.83 r        -0.38  (VIOLATED)
   y_pipe_reg[5][19]/D          8.45           8.83 r        -0.38  (VIOLATED)
   x_pipe_reg[12][8]/D          8.45           8.83 f        -0.38  (VIOLATED)
   y_pipe_reg[10][17]/D         8.45           8.83 r        -0.38  (VIOLATED)
   y_pipe_reg[10][18]/D         8.45           8.83 r        -0.38  (VIOLATED)
   y_pipe_reg[10][19]/D         8.45           8.83 r        -0.38  (VIOLATED)
   x_pipe_reg[3][9]/D           8.45           8.83 r        -0.38  (VIOLATED)
   x_pipe_reg[3][10]/D          8.45           8.83 r        -0.38  (VIOLATED)
   x_pipe_reg[3][11]/D          8.45           8.83 r        -0.38  (VIOLATED)
   x_pipe_reg[3][12]/D          8.45           8.83 r        -0.38  (VIOLATED)
   x_pipe_reg[3][13]/D          8.45           8.83 r        -0.38  (VIOLATED)
   x_pipe_reg[3][14]/D          8.45           8.83 r        -0.38  (VIOLATED)
   x_pipe_reg[8][17]/D          8.45           8.83 r        -0.38  (VIOLATED)
   x_pipe_reg[8][18]/D          8.45           8.83 r        -0.38  (VIOLATED)
   x_pipe_reg[8][19]/D          8.45           8.83 r        -0.38  (VIOLATED)
   y_pipe_reg[7][9]/D           8.45           8.82 r        -0.37  (VIOLATED)
   y_pipe_reg[7][10]/D          8.45           8.82 r        -0.37  (VIOLATED)
   y_pipe_reg[7][11]/D          8.45           8.82 r        -0.37  (VIOLATED)
   y_pipe_reg[7][12]/D          8.45           8.82 r        -0.37  (VIOLATED)
   y_pipe_reg[7][13]/D          8.45           8.82 r        -0.37  (VIOLATED)
   y_pipe_reg[7][14]/D          8.45           8.82 r        -0.37  (VIOLATED)
   y_pipe_reg[8][17]/D          8.45           8.81 r        -0.36  (VIOLATED)
   y_pipe_reg[8][18]/D          8.45           8.81 r        -0.36  (VIOLATED)
   y_pipe_reg[8][19]/D          8.45           8.81 r        -0.36  (VIOLATED)
   x_pipe_reg[16][7]/D          8.45           8.81 f        -0.36  (VIOLATED)
   y_pipe_reg[11][9]/D          8.45           8.81 r        -0.36  (VIOLATED)
   y_pipe_reg[11][10]/D         8.45           8.81 r        -0.36  (VIOLATED)
   y_pipe_reg[11][11]/D         8.45           8.81 r        -0.36  (VIOLATED)
   y_pipe_reg[11][12]/D         8.45           8.81 r        -0.36  (VIOLATED)
   y_pipe_reg[11][13]/D         8.45           8.81 r        -0.36  (VIOLATED)
   y_pipe_reg[11][15]/D         8.45           8.81 r        -0.36  (VIOLATED)
   x_pipe_reg[13][7]/D          8.45           8.81 r        -0.36  (VIOLATED)
   x_pipe_reg[6][17]/D          8.45           8.80 r        -0.35  (VIOLATED)
   x_pipe_reg[6][18]/D          8.45           8.80 r        -0.35  (VIOLATED)
   x_pipe_reg[6][19]/D          8.45           8.80 r        -0.35  (VIOLATED)
   x_pipe_reg[3][19]/D          8.45           8.80 r        -0.35  (VIOLATED)
   x_pipe_reg[3][17]/D          8.45           8.80 r        -0.35  (VIOLATED)
   x_pipe_reg[3][18]/D          8.45           8.80 r        -0.35  (VIOLATED)
   x_pipe_reg[7][17]/D          8.45           8.80 r        -0.35  (VIOLATED)
   x_pipe_reg[7][18]/D          8.45           8.80 r        -0.35  (VIOLATED)
   x_pipe_reg[7][19]/D          8.45           8.80 r        -0.35  (VIOLATED)
   y_pipe_reg[4][17]/D          8.45           8.80 r        -0.35  (VIOLATED)
   y_pipe_reg[4][18]/D          8.45           8.80 r        -0.35  (VIOLATED)
   y_pipe_reg[4][19]/D          8.45           8.80 r        -0.35  (VIOLATED)
   x_pipe_reg[12][14]/D         8.45           8.79 r        -0.34  (VIOLATED)
   z_pipe_reg[2][9]/D           8.45           8.76 f        -0.31  (VIOLATED)
   y_pipe_reg[15][9]/D          8.45           8.76 r        -0.31  (VIOLATED)
   y_pipe_reg[15][10]/D         8.45           8.76 r        -0.31  (VIOLATED)
   y_pipe_reg[15][11]/D         8.45           8.76 r        -0.31  (VIOLATED)
   y_pipe_reg[15][12]/D         8.45           8.76 r        -0.31  (VIOLATED)
   y_pipe_reg[15][13]/D         8.45           8.76 r        -0.31  (VIOLATED)
   y_pipe_reg[8][9]/D           8.45           8.76 r        -0.31  (VIOLATED)
   y_pipe_reg[8][10]/D          8.45           8.76 r        -0.31  (VIOLATED)
   y_pipe_reg[8][11]/D          8.45           8.76 r        -0.31  (VIOLATED)
   y_pipe_reg[8][12]/D          8.45           8.76 r        -0.31  (VIOLATED)
   y_pipe_reg[8][13]/D          8.45           8.76 r        -0.31  (VIOLATED)
   y_pipe_reg[8][14]/D          8.45           8.76 r        -0.31  (VIOLATED)
   y_pipe_reg[15][7]/D          8.45           8.76 r        -0.31  (VIOLATED)
   y_pipe_reg[15][8]/D          8.45           8.76 r        -0.31  (VIOLATED)
   x_pipe_reg[16][12]/D         8.45           8.76 r        -0.31  (VIOLATED)
   y_pipe_reg[3][7]/D           8.45           8.75 f        -0.30  (VIOLATED)
   x_pipe_reg[7][9]/D           8.45           8.73 r        -0.28  (VIOLATED)
   x_pipe_reg[7][10]/D          8.45           8.73 r        -0.28  (VIOLATED)
   x_pipe_reg[7][11]/D          8.45           8.73 r        -0.28  (VIOLATED)
   x_pipe_reg[7][12]/D          8.45           8.73 r        -0.28  (VIOLATED)
   x_pipe_reg[7][13]/D          8.45           8.73 r        -0.28  (VIOLATED)
   x_pipe_reg[7][14]/D          8.45           8.73 r        -0.28  (VIOLATED)
   y_pipe_reg[4][9]/D           8.45           8.73 r        -0.28  (VIOLATED)
   y_pipe_reg[4][10]/D          8.45           8.73 r        -0.28  (VIOLATED)
   y_pipe_reg[4][11]/D          8.45           8.73 r        -0.28  (VIOLATED)
   y_pipe_reg[4][12]/D          8.45           8.73 r        -0.28  (VIOLATED)
   y_pipe_reg[4][13]/D          8.45           8.73 r        -0.28  (VIOLATED)
   y_pipe_reg[4][14]/D          8.45           8.73 r        -0.28  (VIOLATED)
   z_pipe_reg[3][19]/D          8.45           8.72 r        -0.27  (VIOLATED)
   z_pipe_reg[1][13]/D          8.45           8.72 f        -0.27  (VIOLATED)
   z_pipe_reg[1][14]/D          8.45           8.72 f        -0.27  (VIOLATED)
   x_pipe_reg[13][8]/D          8.45           8.72 r        -0.27  (VIOLATED)
   x_pipe_reg[16][14]/D         8.45           8.71 r        -0.26  (VIOLATED)
   x_pipe_reg[3][15]/D          8.45           8.70 f        -0.25  (VIOLATED)
   z_pipe_reg[3][16]/D          8.45           8.69 f        -0.24  (VIOLATED)
   z_pipe_reg[4][17]/D          8.45           8.67 f        -0.22  (VIOLATED)
   z_pipe_reg[6][16]/D          8.45           8.67 f        -0.22  (VIOLATED)
   z_pipe_reg[5][17]/D          8.45           8.66 r        -0.21  (VIOLATED)
   z_pipe_reg[5][18]/D          8.45           8.66 r        -0.21  (VIOLATED)
   y_pipe_reg[4][8]/D           8.45           8.64 f        -0.19  (VIOLATED)
   x_pipe_reg[5][15]/D          8.45           8.62 f        -0.17  (VIOLATED)
   x_pipe_reg[6][15]/D          8.45           8.62 r        -0.17  (VIOLATED)
   y_pipe_reg[13][8]/D          8.45           8.62 r        -0.17  (VIOLATED)
   z_pipe_reg[5][19]/D          8.45           8.62 r        -0.17  (VIOLATED)
   x_pipe_reg[7][15]/D          8.45           8.61 r        -0.16  (VIOLATED)
   y_pipe_reg[6][7]/D           8.45           8.60 f        -0.15  (VIOLATED)
   x_pipe_reg[3][7]/D           8.45           8.60 f        -0.15  (VIOLATED)
   x_pipe_reg[4][7]/D           8.45           8.60 f        -0.15  (VIOLATED)
   y_pipe_reg[4][7]/D           8.45           8.60 f        -0.15  (VIOLATED)
   z_pipe_reg[2][19]/D          8.45           8.59 r        -0.14  (VIOLATED)
   z_pipe_reg[2][18]/D          8.45           8.59 r        -0.14  (VIOLATED)
   x_pipe_reg[4][9]/D           8.45           8.58 r        -0.13  (VIOLATED)
   x_pipe_reg[4][10]/D          8.45           8.58 r        -0.13  (VIOLATED)
   x_pipe_reg[4][11]/D          8.45           8.58 r        -0.13  (VIOLATED)
   x_pipe_reg[4][12]/D          8.45           8.58 r        -0.13  (VIOLATED)
   x_pipe_reg[4][13]/D          8.45           8.58 r        -0.13  (VIOLATED)
   x_pipe_reg[4][14]/D          8.45           8.58 r        -0.13  (VIOLATED)
   x_pipe_reg[16][11]/D         8.45           8.58 r        -0.13  (VIOLATED)
   z_pipe_reg[12][13]/D         8.45           8.58 f        -0.13  (VIOLATED)
   y_pipe_reg[6][15]/D          8.45           8.57 r        -0.12  (VIOLATED)
   x_pipe_reg[16][9]/D          8.45           8.56 r        -0.11  (VIOLATED)
   x_pipe_reg[16][10]/D         8.45           8.56 r        -0.11  (VIOLATED)
   x_pipe_reg[16][13]/D         8.45           8.56 r        -0.11  (VIOLATED)
   z_pipe_reg[4][19]/D          8.45           8.56 r        -0.11  (VIOLATED)
   z_pipe_reg[4][10]/D          8.45           8.54 r        -0.09  (VIOLATED)
   z_pipe_reg[4][11]/D          8.45           8.54 r        -0.09  (VIOLATED)
   z_pipe_reg[4][12]/D          8.45           8.54 r        -0.09  (VIOLATED)
   z_pipe_reg[4][13]/D          8.45           8.54 r        -0.09  (VIOLATED)
   z_pipe_reg[4][14]/D          8.45           8.54 r        -0.09  (VIOLATED)
   z_pipe_reg[4][15]/D          8.45           8.54 r        -0.09  (VIOLATED)
   y_pipe_reg[16][7]/D          8.45           8.53 f        -0.08  (VIOLATED)
   y_pipe_reg[7][15]/D          8.45           8.48 f        -0.03  (VIOLATED)
   y_pipe_reg[4][15]/D          8.45           8.48 f        -0.03  (VIOLATED)
   z_pipe_reg[2][10]/D          8.45           8.46 r        -0.01  (VIOLATED)
   z_pipe_reg[2][11]/D          8.45           8.46 r        -0.01  (VIOLATED)
   z_pipe_reg[2][12]/D          8.45           8.46 r        -0.01  (VIOLATED)
   z_pipe_reg[2][13]/D          8.45           8.46 r        -0.01  (VIOLATED)
   z_pipe_reg[2][14]/D          8.45           8.46 r        -0.01  (VIOLATED)
   z_pipe_reg[2][15]/D          8.45           8.46 r        -0.01  (VIOLATED)
   z_pipe_reg[3][8]/D           8.45           8.45 f         0.00  (VIOLATED: increase significant digits)


1
