 
****************************************
Report : constraint
        -all_violators
Design : cordic_pipelined
Version: W-2024.09-SP2
Date   : Thu Apr 30 16:54:44 2026
****************************************


   max_delay/setup ('clk' group)

                             Required        Actual
   Endpoint                 Path Delay     Path Delay        Slack
   -----------------------------------------------------------------
   x_pipe_reg[14][17]/D         2.45           8.83 f        -6.38  (VIOLATED)
   x_pipe_reg[14][18]/D         2.45           8.83 f        -6.38  (VIOLATED)
   y_pipe_reg[12][16]/D         2.45           8.83 f        -6.38  (VIOLATED)
   x_pipe_reg[14][15]/D         2.45           8.81 r        -6.36  (VIOLATED)
   y_pipe_reg[12][15]/D         2.45           8.81 r        -6.36  (VIOLATED)
   x_pipe_reg[14][7]/D          2.45           8.81 f        -6.36  (VIOLATED)
   x_pipe_reg[4][16]/D          2.45           8.81 r        -6.36  (VIOLATED)
   x_pipe_reg[13][14]/D         2.45           8.81 r        -6.36  (VIOLATED)
   y_pipe_reg[16][16]/D         2.45           8.81 r        -6.36  (VIOLATED)
   y_pipe_reg[14][19]/D         2.45           8.80 r        -6.35  (VIOLATED)
   y_pipe_reg[13][17]/D         2.45           8.79 r        -6.34  (VIOLATED)
   y_pipe_reg[14][17]/D         2.45           8.79 r        -6.34  (VIOLATED)
   x_pipe_reg[12][15]/D         2.45           8.79 r        -6.34  (VIOLATED)
   x_pipe_reg[14][10]/D         2.45           8.79 f        -6.34  (VIOLATED)
   x_pipe_reg[14][11]/D         2.45           8.79 f        -6.34  (VIOLATED)
   y_pipe_reg[7][16]/D          2.45           8.78 r        -6.33  (VIOLATED)
   x_pipe_reg[3][17]/D          2.45           8.78 r        -6.33  (VIOLATED)
   x_pipe_reg[3][19]/D          2.45           8.78 r        -6.33  (VIOLATED)
   y_pipe_reg[13][16]/D         2.45           8.78 r        -6.33  (VIOLATED)
   x_pipe_reg[14][9]/D          2.45           8.78 f        -6.33  (VIOLATED)
   x_pipe_reg[14][12]/D         2.45           8.78 f        -6.33  (VIOLATED)
   x_pipe_reg[5][16]/D          2.45           8.77 r        -6.32  (VIOLATED)
   y_pipe_reg[4][19]/D          2.45           8.77 r        -6.32  (VIOLATED)
   y_pipe_reg[15][16]/D         2.45           8.77 r        -6.32  (VIOLATED)
   y_pipe_reg[6][8]/D           2.45           8.76 f        -6.31  (VIOLATED)
   y_pipe_reg[3][17]/D          2.45           8.76 r        -6.31  (VIOLATED)
   y_pipe_reg[3][19]/D          2.45           8.76 r        -6.31  (VIOLATED)
   y_pipe_reg[9][16]/D          2.45           8.76 r        -6.31  (VIOLATED)
   y_pipe_reg[4][16]/D          2.45           8.76 r        -6.31  (VIOLATED)
   x_pipe_reg[13][18]/D         2.45           8.76 r        -6.31  (VIOLATED)
   y_pipe_reg[14][9]/D          2.45           8.76 r        -6.31  (VIOLATED)
   y_pipe_reg[14][11]/D         2.45           8.76 r        -6.31  (VIOLATED)
   y_pipe_reg[14][12]/D         2.45           8.76 r        -6.31  (VIOLATED)
   x_pipe_reg[6][16]/D          2.45           8.76 r        -6.31  (VIOLATED)
   y_pipe_reg[5][17]/D          2.45           8.75 r        -6.30  (VIOLATED)
   y_pipe_reg[5][19]/D          2.45           8.75 r        -6.30  (VIOLATED)
   y_pipe_reg[12][8]/D          2.45           8.75 f        -6.30  (VIOLATED)
   x_pipe_reg[9][16]/D          2.45           8.75 r        -6.30  (VIOLATED)
   x_pipe_reg[8][16]/D          2.45           8.75 r        -6.30  (VIOLATED)
   y_pipe_reg[14][10]/D         2.45           8.74 f        -6.29  (VIOLATED)
   x_pipe_reg[15][14]/D         2.45           8.74 r        -6.29  (VIOLATED)
   y_pipe_reg[14][13]/D         2.45           8.74 f        -6.29  (VIOLATED)
   y_pipe_reg[12][18]/D         2.45           8.74 f        -6.29  (VIOLATED)
   x_pipe_reg[12][16]/D         2.45           8.74 f        -6.29  (VIOLATED)
   x_pipe_reg[12][18]/D         2.45           8.74 f        -6.29  (VIOLATED)
   y_pipe_reg[6][16]/D          2.45           8.74 r        -6.29  (VIOLATED)
   y_pipe_reg[8][16]/D          2.45           8.74 r        -6.29  (VIOLATED)
   y_pipe_reg[15][14]/D         2.45           8.73 r        -6.28  (VIOLATED)
   x_pipe_reg[3][16]/D          2.45           8.73 r        -6.28  (VIOLATED)
   y_pipe_reg[14][15]/D         2.45           8.72 r        -6.27  (VIOLATED)
   y_pipe_reg[16][15]/D         2.40           8.67 r        -6.27  (VIOLATED)
   x_pipe_reg[16][19]/D         2.45           8.71 r        -6.26  (VIOLATED)
   x_pipe_reg[14][19]/D         2.45           8.71 f        -6.26  (VIOLATED)
   y_pipe_reg[12][19]/D         2.45           8.71 f        -6.26  (VIOLATED)
   x_pipe_reg[16][16]/D         2.45           8.71 f        -6.26  (VIOLATED)
   x_pipe_reg[16][17]/D         2.45           8.71 f        -6.26  (VIOLATED)
   y_pipe_reg[3][16]/D          2.45           8.71 r        -6.26  (VIOLATED)
   x_pipe_reg[16][15]/D         2.40           8.66 r        -6.26  (VIOLATED)
   y_pipe_reg[9][8]/D           2.45           8.71 r        -6.26  (VIOLATED)
   x_pipe_reg[11][19]/D         2.45           8.70 r        -6.25  (VIOLATED)
   y_pipe_reg[11][10]/D         2.45           8.70 f        -6.25  (VIOLATED)
   y_pipe_reg[11][11]/D         2.45           8.70 f        -6.25  (VIOLATED)
   x_pipe_reg[10][16]/D         2.45           8.70 r        -6.25  (VIOLATED)
   y_pipe_reg[5][16]/D          2.45           8.70 r        -6.25  (VIOLATED)
   x_pipe_reg[15][16]/D         2.45           8.69 r        -6.24  (VIOLATED)
   x_pipe_reg[9][8]/D           2.45           8.68 f        -6.23  (VIOLATED)
   x_pipe_reg[13][9]/D          2.45           8.68 f        -6.23  (VIOLATED)
   x_pipe_reg[13][12]/D         2.45           8.68 f        -6.23  (VIOLATED)
   y_pipe_reg[15][6]/D          2.45           8.67 f        -6.22  (VIOLATED)
   x_pipe_reg[3][8]/D           2.45           8.67 f        -6.22  (VIOLATED)
   x_pipe_reg[11][17]/D         2.45           8.67 r        -6.22  (VIOLATED)
   x_pipe_reg[11][18]/D         2.45           8.67 r        -6.22  (VIOLATED)
   x_pipe_reg[15][6]/D          2.45           8.67 f        -6.22  (VIOLATED)
   x_pipe_reg[7][16]/D          2.45           8.67 r        -6.22  (VIOLATED)
   x_pipe_reg[13][10]/D         2.45           8.66 f        -6.21  (VIOLATED)
   x_pipe_reg[13][11]/D         2.45           8.66 f        -6.21  (VIOLATED)
   x_pipe_reg[13][13]/D         2.45           8.66 f        -6.21  (VIOLATED)
   y_pipe_reg[7][12]/D          2.45           8.66 f        -6.21  (VIOLATED)
   y_pipe_reg[10][16]/D         2.45           8.66 r        -6.21  (VIOLATED)
   x_pipe_reg[14][16]/D         2.45           8.66 f        -6.21  (VIOLATED)
   y_pipe_reg[12][17]/D         2.45           8.66 f        -6.21  (VIOLATED)
   y_pipe_reg[13][14]/D         2.45           8.66 r        -6.21  (VIOLATED)
   x_pipe_reg[15][15]/D         2.45           8.66 f        -6.21  (VIOLATED)
   x_pipe_reg[15][17]/D         2.45           8.66 f        -6.21  (VIOLATED)
   x_pipe_reg[9][13]/D          2.45           8.66 f        -6.21  (VIOLATED)
   x_pipe_reg[4][17]/D          2.45           8.66 f        -6.21  (VIOLATED)
   x_pipe_reg[4][18]/D          2.45           8.66 f        -6.21  (VIOLATED)
   x_pipe_reg[4][19]/D          2.45           8.66 f        -6.21  (VIOLATED)
   x_pipe_reg[13][15]/D         2.45           8.65 f        -6.20  (VIOLATED)
   x_pipe_reg[13][16]/D         2.45           8.65 f        -6.20  (VIOLATED)
   x_pipe_reg[13][17]/D         2.45           8.65 f        -6.20  (VIOLATED)
   y_pipe_reg[16][17]/D         2.45           8.65 f        -6.20  (VIOLATED)
   y_pipe_reg[16][18]/D         2.45           8.65 f        -6.20  (VIOLATED)
   y_pipe_reg[16][19]/D         2.45           8.65 f        -6.20  (VIOLATED)
   y_pipe_reg[9][13]/D          2.45           8.65 f        -6.20  (VIOLATED)
   y_pipe_reg[9][14]/D          2.45           8.65 f        -6.20  (VIOLATED)
   y_pipe_reg[11][16]/D         2.45           8.65 r        -6.20  (VIOLATED)
   x_pipe_reg[15][7]/D          2.45           8.65 f        -6.20  (VIOLATED)
   x_pipe_reg[12][8]/D          2.45           8.65 f        -6.20  (VIOLATED)
   x_pipe_reg[8][12]/D          2.45           8.65 f        -6.20  (VIOLATED)
   y_pipe_reg[15][9]/D          2.45           8.64 f        -6.19  (VIOLATED)
   y_pipe_reg[15][10]/D         2.45           8.64 f        -6.19  (VIOLATED)
   y_pipe_reg[15][12]/D         2.45           8.64 f        -6.19  (VIOLATED)
   x_pipe_reg[12][17]/D         2.45           8.64 f        -6.19  (VIOLATED)
   y_pipe_reg[13][5]/D          2.45           8.64 f        -6.19  (VIOLATED)
   y_pipe_reg[13][6]/D          2.45           8.64 f        -6.19  (VIOLATED)
   x_pipe_reg[16][18]/D         2.40           8.59 f        -6.19  (VIOLATED)
   x_pipe_reg[9][17]/D          2.45           8.63 f        -6.18  (VIOLATED)
   y_pipe_reg[7][17]/D          2.45           8.63 f        -6.18  (VIOLATED)
   y_pipe_reg[7][18]/D          2.45           8.63 f        -6.18  (VIOLATED)
   y_pipe_reg[7][19]/D          2.45           8.63 f        -6.18  (VIOLATED)
   y_pipe_reg[9][17]/D          2.45           8.63 f        -6.18  (VIOLATED)
   y_pipe_reg[9][19]/D          2.45           8.63 f        -6.18  (VIOLATED)
   y_pipe_reg[13][7]/D          2.45           8.63 f        -6.18  (VIOLATED)
   x_pipe_reg[12][10]/D         2.45           8.63 f        -6.18  (VIOLATED)
   z_pipe_reg[6][16]/D          2.45           8.62 f        -6.17  (VIOLATED)
   x_pipe_reg[5][17]/D          2.45           8.62 f        -6.17  (VIOLATED)
   x_pipe_reg[5][18]/D          2.45           8.62 f        -6.17  (VIOLATED)
   y_pipe_reg[6][17]/D          2.45           8.62 f        -6.17  (VIOLATED)
   y_pipe_reg[6][19]/D          2.45           8.62 f        -6.17  (VIOLATED)
   y_pipe_reg[15][17]/D         2.45           8.62 f        -6.17  (VIOLATED)
   y_pipe_reg[15][18]/D         2.45           8.62 f        -6.17  (VIOLATED)
   y_pipe_reg[15][19]/D         2.45           8.62 f        -6.17  (VIOLATED)
   x_pipe_reg[11][16]/D         2.45           8.62 r        -6.17  (VIOLATED)
   x_pipe_reg[12][19]/D         2.45           8.62 f        -6.17  (VIOLATED)
   y_pipe_reg[11][14]/D         2.45           8.61 r        -6.16  (VIOLATED)
   y_pipe_reg[4][8]/D           2.45           8.61 f        -6.16  (VIOLATED)
   x_pipe_reg[4][8]/D           2.45           8.61 f        -6.16  (VIOLATED)
   y_pipe_reg[9][18]/D          2.45           8.61 f        -6.16  (VIOLATED)
   y_pipe_reg[4][17]/D          2.45           8.61 f        -6.16  (VIOLATED)
   y_pipe_reg[4][18]/D          2.45           8.61 f        -6.16  (VIOLATED)
   y_pipe_reg[14][18]/D         2.45           8.61 f        -6.16  (VIOLATED)
   y_pipe_reg[3][8]/D           2.45           8.61 f        -6.16  (VIOLATED)
   x_pipe_reg[7][8]/D           2.45           8.61 f        -6.16  (VIOLATED)
   x_pipe_reg[11][8]/D          2.45           8.60 f        -6.15  (VIOLATED)
   x_pipe_reg[6][17]/D          2.45           8.60 f        -6.15  (VIOLATED)
   x_pipe_reg[6][18]/D          2.45           8.60 f        -6.15  (VIOLATED)
   x_pipe_reg[6][19]/D          2.45           8.60 f        -6.15  (VIOLATED)
   y_pipe_reg[12][14]/D         2.45           8.60 r        -6.15  (VIOLATED)
   x_pipe_reg[9][18]/D          2.45           8.60 f        -6.15  (VIOLATED)
   x_pipe_reg[5][19]/D          2.45           8.60 f        -6.15  (VIOLATED)
   x_pipe_reg[8][17]/D          2.45           8.60 f        -6.15  (VIOLATED)
   x_pipe_reg[8][18]/D          2.45           8.60 f        -6.15  (VIOLATED)
   x_pipe_reg[8][19]/D          2.45           8.60 f        -6.15  (VIOLATED)
   y_pipe_reg[14][16]/D         2.45           8.60 r        -6.15  (VIOLATED)
   x_pipe_reg[15][18]/D         2.45           8.59 f        -6.14  (VIOLATED)
   x_pipe_reg[10][12]/D         2.45           8.59 f        -6.14  (VIOLATED)
   y_pipe_reg[13][13]/D         2.45           8.59 f        -6.14  (VIOLATED)
   y_pipe_reg[6][18]/D          2.45           8.58 f        -6.13  (VIOLATED)
   y_pipe_reg[8][17]/D          2.45           8.58 f        -6.13  (VIOLATED)
   y_pipe_reg[8][18]/D          2.45           8.58 f        -6.13  (VIOLATED)
   y_pipe_reg[8][19]/D          2.45           8.58 f        -6.13  (VIOLATED)
   y_pipe_reg[15][15]/D         2.45           8.58 f        -6.13  (VIOLATED)
   y_pipe_reg[3][12]/D          2.45           8.58 f        -6.13  (VIOLATED)
   x_pipe_reg[9][19]/D          2.45           8.58 f        -6.13  (VIOLATED)
   x_pipe_reg[13][6]/D          2.45           8.57 f        -6.12  (VIOLATED)
   x_pipe_reg[13][7]/D          2.45           8.57 f        -6.12  (VIOLATED)
   y_pipe_reg[3][9]/D           2.45           8.57 f        -6.12  (VIOLATED)
   y_pipe_reg[3][11]/D          2.45           8.57 f        -6.12  (VIOLATED)
   x_pipe_reg[7][10]/D          2.45           8.57 f        -6.12  (VIOLATED)
   y_pipe_reg[7][8]/D           2.45           8.57 f        -6.12  (VIOLATED)
   x_pipe_reg[9][12]/D          2.45           8.57 r        -6.12  (VIOLATED)
   x_pipe_reg[11][12]/D         2.45           8.57 f        -6.12  (VIOLATED)
   y_pipe_reg[12][12]/D         2.45           8.57 r        -6.12  (VIOLATED)
   y_pipe_reg[13][15]/D         2.45           8.57 r        -6.12  (VIOLATED)
   y_pipe_reg[14][7]/D          2.45           8.57 f        -6.12  (VIOLATED)
   x_pipe_reg[5][14]/D          2.45           8.57 f        -6.12  (VIOLATED)
   y_pipe_reg[15][8]/D          2.45           8.57 f        -6.12  (VIOLATED)
   x_pipe_reg[15][19]/D         2.45           8.56 f        -6.11  (VIOLATED)
   x_pipe_reg[13][5]/D          2.45           8.56 f        -6.11  (VIOLATED)
   y_pipe_reg[5][7]/D           2.45           8.56 f        -6.11  (VIOLATED)
   x_pipe_reg[13][19]/D         2.45           8.56 f        -6.11  (VIOLATED)
   x_pipe_reg[15][8]/D          2.45           8.56 r        -6.11  (VIOLATED)
   y_pipe_reg[3][18]/D          2.45           8.56 f        -6.11  (VIOLATED)
   y_pipe_reg[6][9]/D           2.45           8.56 r        -6.11  (VIOLATED)
   y_pipe_reg[6][12]/D          2.45           8.56 r        -6.11  (VIOLATED)
   x_pipe_reg[7][17]/D          2.45           8.55 f        -6.10  (VIOLATED)
   x_pipe_reg[7][18]/D          2.45           8.55 f        -6.10  (VIOLATED)
   x_pipe_reg[6][8]/D           2.45           8.55 f        -6.10  (VIOLATED)
   x_pipe_reg[10][17]/D         2.45           8.55 f        -6.10  (VIOLATED)
   x_pipe_reg[10][18]/D         2.45           8.55 f        -6.10  (VIOLATED)
   y_pipe_reg[5][18]/D          2.45           8.55 f        -6.10  (VIOLATED)
   y_pipe_reg[13][10]/D         2.45           8.54 r        -6.09  (VIOLATED)
   x_pipe_reg[8][8]/D           2.45           8.54 f        -6.09  (VIOLATED)
   x_pipe_reg[5][8]/D           2.45           8.53 f        -6.08  (VIOLATED)
   x_pipe_reg[14][13]/D         2.40           8.48 r        -6.08  (VIOLATED)
   y_pipe_reg[12][9]/D          2.45           8.53 r        -6.08  (VIOLATED)
   y_pipe_reg[12][13]/D         2.45           8.53 r        -6.08  (VIOLATED)
   y_pipe_reg[8][8]/D           2.45           8.53 f        -6.08  (VIOLATED)
   x_pipe_reg[6][10]/D          2.45           8.53 f        -6.08  (VIOLATED)
   x_pipe_reg[6][14]/D          2.45           8.53 f        -6.08  (VIOLATED)
   y_pipe_reg[6][10]/D          2.45           8.52 r        -6.07  (VIOLATED)
   y_pipe_reg[6][11]/D          2.45           8.52 r        -6.07  (VIOLATED)
   y_pipe_reg[6][13]/D          2.45           8.52 r        -6.07  (VIOLATED)
   y_pipe_reg[6][14]/D          2.45           8.52 r        -6.07  (VIOLATED)
   y_pipe_reg[10][8]/D          2.45           8.52 f        -6.07  (VIOLATED)
   y_pipe_reg[11][17]/D         2.45           8.52 f        -6.07  (VIOLATED)
   x_pipe_reg[7][19]/D          2.45           8.51 f        -6.06  (VIOLATED)
   y_pipe_reg[11][12]/D         2.45           8.51 r        -6.06  (VIOLATED)
   x_pipe_reg[10][19]/D         2.45           8.51 f        -6.06  (VIOLATED)
   y_pipe_reg[10][17]/D         2.45           8.51 f        -6.06  (VIOLATED)
   y_pipe_reg[10][18]/D         2.45           8.51 f        -6.06  (VIOLATED)
   y_pipe_reg[10][19]/D         2.45           8.51 f        -6.06  (VIOLATED)
   y_pipe_reg[8][10]/D          2.45           8.51 f        -6.06  (VIOLATED)
   y_pipe_reg[8][11]/D          2.45           8.51 f        -6.06  (VIOLATED)
   x_pipe_reg[14][5]/D          2.45           8.51 f        -6.06  (VIOLATED)
   x_pipe_reg[5][10]/D          2.45           8.50 f        -6.05  (VIOLATED)
   y_pipe_reg[12][10]/D         2.45           8.50 r        -6.05  (VIOLATED)
   y_pipe_reg[12][11]/D         2.45           8.50 r        -6.05  (VIOLATED)
   y_pipe_reg[11][18]/D         2.45           8.50 f        -6.05  (VIOLATED)
   y_pipe_reg[11][19]/D         2.45           8.50 f        -6.05  (VIOLATED)
   x_pipe_reg[14][6]/D          2.45           8.49 f        -6.04  (VIOLATED)
   y_pipe_reg[10][13]/D         2.45           8.49 f        -6.04  (VIOLATED)
   y_pipe_reg[5][8]/D           2.45           8.49 f        -6.04  (VIOLATED)
   x_pipe_reg[10][8]/D          2.45           8.49 f        -6.04  (VIOLATED)
   x_pipe_reg[14][14]/D         2.45           8.48 r        -6.03  (VIOLATED)
   y_pipe_reg[11][9]/D          2.45           8.48 r        -6.03  (VIOLATED)
   y_pipe_reg[11][13]/D         2.45           8.48 r        -6.03  (VIOLATED)
   y_pipe_reg[11][15]/D         2.45           8.48 r        -6.03  (VIOLATED)
   y_pipe_reg[13][18]/D         2.45           8.47 f        -6.02  (VIOLATED)
   y_pipe_reg[13][19]/D         2.45           8.47 f        -6.02  (VIOLATED)
   y_pipe_reg[5][11]/D          2.45           8.47 f        -6.02  (VIOLATED)
   y_pipe_reg[5][12]/D          2.45           8.47 f        -6.02  (VIOLATED)
   x_pipe_reg[9][9]/D           2.45           8.47 r        -6.02  (VIOLATED)
   x_pipe_reg[12][11]/D         2.45           8.47 r        -6.02  (VIOLATED)
   x_pipe_reg[10][11]/D         2.45           8.47 f        -6.02  (VIOLATED)
   y_pipe_reg[9][9]/D           2.45           8.46 r        -6.01  (VIOLATED)
   y_pipe_reg[9][12]/D          2.45           8.46 r        -6.01  (VIOLATED)
   x_pipe_reg[4][15]/D          2.45           8.46 r        -6.01  (VIOLATED)
   x_pipe_reg[3][13]/D          2.45           8.45 r        -6.00  (VIOLATED)
   y_pipe_reg[14][5]/D          2.45           8.45 f        -6.00  (VIOLATED)
   y_pipe_reg[14][6]/D          2.45           8.45 f        -6.00  (VIOLATED)
   y_pipe_reg[4][15]/D          2.45           8.45 r        -6.00  (VIOLATED)
   y_pipe_reg[14][14]/D         2.45           8.45 r        -6.00  (VIOLATED)
   x_pipe_reg[3][18]/D          2.45           8.44 f        -5.99  (VIOLATED)
   x_pipe_reg[12][12]/D         2.45           8.44 r        -5.99  (VIOLATED)
   x_pipe_reg[12][13]/D         2.45           8.44 r        -5.99  (VIOLATED)
   x_pipe_reg[9][10]/D          2.45           8.44 r        -5.99  (VIOLATED)
   x_pipe_reg[9][11]/D          2.45           8.44 r        -5.99  (VIOLATED)
   x_pipe_reg[9][14]/D          2.45           8.44 r        -5.99  (VIOLATED)
   y_pipe_reg[9][10]/D          2.45           8.43 r        -5.98  (VIOLATED)
   y_pipe_reg[9][11]/D          2.45           8.43 r        -5.98  (VIOLATED)
   y_pipe_reg[7][15]/D          2.45           8.43 r        -5.98  (VIOLATED)
   x_pipe_reg[15][9]/D          2.45           8.43 r        -5.98  (VIOLATED)
   x_pipe_reg[15][10]/D         2.45           8.43 r        -5.98  (VIOLATED)
   x_pipe_reg[15][11]/D         2.45           8.43 r        -5.98  (VIOLATED)
   x_pipe_reg[15][12]/D         2.45           8.43 r        -5.98  (VIOLATED)
   y_pipe_reg[11][8]/D          2.45           8.43 r        -5.98  (VIOLATED)
   x_pipe_reg[11][14]/D         2.45           8.42 r        -5.97  (VIOLATED)
   y_pipe_reg[15][7]/D          2.45           8.42 r        -5.97  (VIOLATED)
   y_pipe_reg[15][11]/D         2.45           8.42 r        -5.97  (VIOLATED)
   x_pipe_reg[3][9]/D           2.45           8.42 r        -5.97  (VIOLATED)
   x_pipe_reg[3][11]/D          2.45           8.42 r        -5.97  (VIOLATED)
   x_pipe_reg[3][12]/D          2.45           8.42 r        -5.97  (VIOLATED)
   z_pipe_reg[4][19]/D          2.40           8.37 f        -5.97  (VIOLATED)
   x_pipe_reg[12][9]/D          2.45           8.41 r        -5.96  (VIOLATED)
   y_pipe_reg[13][9]/D          2.45           8.40 f        -5.95  (VIOLATED)
   y_pipe_reg[13][11]/D         2.45           8.40 f        -5.95  (VIOLATED)
   x_pipe_reg[8][15]/D          2.45           8.40 r        -5.95  (VIOLATED)
   y_pipe_reg[4][9]/D           2.45           8.39 r        -5.94  (VIOLATED)
   y_pipe_reg[4][12]/D          2.45           8.39 r        -5.94  (VIOLATED)
   y_pipe_reg[13][12]/D         2.45           8.39 f        -5.94  (VIOLATED)
   y_pipe_reg[3][13]/D          2.45           8.39 r        -5.94  (VIOLATED)
   y_pipe_reg[3][14]/D          2.45           8.39 r        -5.94  (VIOLATED)
   x_pipe_reg[7][11]/D          2.45           8.39 r        -5.94  (VIOLATED)
   x_pipe_reg[11][10]/D         2.45           8.38 r        -5.93  (VIOLATED)
   x_pipe_reg[11][11]/D         2.45           8.38 r        -5.93  (VIOLATED)
   x_pipe_reg[13][8]/D          2.45           8.38 f        -5.93  (VIOLATED)
   x_pipe_reg[10][15]/D         2.45           8.38 r        -5.93  (VIOLATED)
   y_pipe_reg[7][10]/D          2.45           8.37 r        -5.92  (VIOLATED)
   y_pipe_reg[4][10]/D          2.45           8.36 r        -5.91  (VIOLATED)
   y_pipe_reg[4][11]/D          2.45           8.36 r        -5.91  (VIOLATED)
   y_pipe_reg[4][13]/D          2.45           8.36 r        -5.91  (VIOLATED)
   y_pipe_reg[4][14]/D          2.45           8.36 r        -5.91  (VIOLATED)
   x_pipe_reg[4][9]/D           2.45           8.36 r        -5.91  (VIOLATED)
   x_pipe_reg[4][10]/D          2.45           8.36 r        -5.91  (VIOLATED)
   x_pipe_reg[4][11]/D          2.45           8.36 r        -5.91  (VIOLATED)
   x_pipe_reg[4][12]/D          2.45           8.36 r        -5.91  (VIOLATED)
   x_pipe_reg[4][13]/D          2.45           8.36 r        -5.91  (VIOLATED)
   x_pipe_reg[4][14]/D          2.45           8.36 r        -5.91  (VIOLATED)
   x_pipe_reg[7][9]/D           2.45           8.36 r        -5.91  (VIOLATED)
   x_pipe_reg[7][12]/D          2.45           8.36 r        -5.91  (VIOLATED)
   x_pipe_reg[7][13]/D          2.45           8.36 r        -5.91  (VIOLATED)
   x_pipe_reg[7][14]/D          2.45           8.36 r        -5.91  (VIOLATED)
   z_pipe_reg[2][17]/D          2.45           8.36 f        -5.91  (VIOLATED)
   y_pipe_reg[16][8]/D          2.40           8.30 r        -5.90  (VIOLATED)
   x_pipe_reg[11][9]/D          2.45           8.35 r        -5.90  (VIOLATED)
   x_pipe_reg[11][13]/D         2.45           8.35 r        -5.90  (VIOLATED)
   x_pipe_reg[11][15]/D         2.45           8.35 r        -5.90  (VIOLATED)
   y_pipe_reg[16][7]/D          2.40           8.30 r        -5.90  (VIOLATED)
   x_pipe_reg[2][12]/D          2.45           8.35 f        -5.90  (VIOLATED)
   z_pipe_reg[2][18]/D          2.45           8.33 f        -5.88  (VIOLATED)
   y_pipe_reg[7][9]/D           2.45           8.33 r        -5.88  (VIOLATED)
   y_pipe_reg[7][11]/D          2.45           8.33 r        -5.88  (VIOLATED)
   y_pipe_reg[7][13]/D          2.45           8.33 r        -5.88  (VIOLATED)
   y_pipe_reg[7][14]/D          2.45           8.33 r        -5.88  (VIOLATED)
   z_pipe_reg[4][17]/D          2.40           8.28 r        -5.88  (VIOLATED)
   x_pipe_reg[8][14]/D          2.45           8.33 r        -5.88  (VIOLATED)
   z_pipe_reg[3][16]/D          2.45           8.33 f        -5.88  (VIOLATED)
   y_pipe_reg[3][15]/D          2.45           8.33 f        -5.88  (VIOLATED)
   y_pipe_reg[14][8]/D          2.45           8.33 r        -5.88  (VIOLATED)
   y_pipe_reg[15][13]/D         2.45           8.33 r        -5.88  (VIOLATED)
   x_pipe_reg[16][7]/D          2.40           8.28 r        -5.88  (VIOLATED)
   x_pipe_reg[14][8]/D          2.40           8.27 f        -5.87  (VIOLATED)
   x_pipe_reg[6][12]/D          2.45           8.32 r        -5.87  (VIOLATED)
   y_pipe_reg[8][9]/D           2.45           8.32 r        -5.87  (VIOLATED)
   y_pipe_reg[8][14]/D          2.45           8.32 r        -5.87  (VIOLATED)
   y_pipe_reg[2][8]/D           2.45           8.32 f        -5.87  (VIOLATED)
   x_pipe_reg[5][9]/D           2.45           8.31 r        -5.86  (VIOLATED)
   x_pipe_reg[5][13]/D          2.45           8.31 r        -5.86  (VIOLATED)
   x_pipe_reg[6][9]/D           2.45           8.31 r        -5.86  (VIOLATED)
   x_pipe_reg[6][11]/D          2.45           8.31 r        -5.86  (VIOLATED)
   x_pipe_reg[6][13]/D          2.45           8.31 r        -5.86  (VIOLATED)
   y_pipe_reg[10][9]/D          2.45           8.30 r        -5.85  (VIOLATED)
   y_pipe_reg[10][14]/D         2.45           8.30 r        -5.85  (VIOLATED)
   x_pipe_reg[8][9]/D           2.45           8.30 r        -5.85  (VIOLATED)
   x_pipe_reg[8][10]/D          2.45           8.30 r        -5.85  (VIOLATED)
   x_pipe_reg[8][11]/D          2.45           8.30 r        -5.85  (VIOLATED)
   x_pipe_reg[8][13]/D          2.45           8.30 r        -5.85  (VIOLATED)
   x_pipe_reg[4][7]/D           2.45           8.30 f        -5.85  (VIOLATED)
   y_pipe_reg[8][12]/D          2.45           8.29 r        -5.84  (VIOLATED)
   y_pipe_reg[8][13]/D          2.45           8.29 r        -5.84  (VIOLATED)
   x_pipe_reg[15][13]/D         2.45           8.29 r        -5.84  (VIOLATED)
   y_pipe_reg[5][13]/D          2.45           8.28 r        -5.83  (VIOLATED)
   x_pipe_reg[10][9]/D          2.45           8.28 r        -5.83  (VIOLATED)
   x_pipe_reg[10][13]/D         2.45           8.28 r        -5.83  (VIOLATED)
   x_pipe_reg[10][14]/D         2.45           8.28 r        -5.83  (VIOLATED)
   y_pipe_reg[10][10]/D         2.45           8.27 r        -5.82  (VIOLATED)
   y_pipe_reg[10][11]/D         2.45           8.27 r        -5.82  (VIOLATED)
   y_pipe_reg[10][12]/D         2.45           8.27 r        -5.82  (VIOLATED)
   z_pipe_reg[3][8]/D           2.45           8.27 f        -5.82  (VIOLATED)
   z_pipe_reg[3][19]/D          2.45           8.27 r        -5.82  (VIOLATED)
   x_pipe_reg[2][15]/D          2.45           8.26 f        -5.81  (VIOLATED)
   x_pipe_reg[12][14]/D         2.45           8.26 r        -5.81  (VIOLATED)
   y_pipe_reg[5][9]/D           2.45           8.25 r        -5.80  (VIOLATED)
   y_pipe_reg[5][10]/D          2.45           8.25 r        -5.80  (VIOLATED)
   y_pipe_reg[5][14]/D          2.45           8.25 r        -5.80  (VIOLATED)
   x_pipe_reg[9][15]/D          2.45           8.25 f        -5.80  (VIOLATED)
   y_pipe_reg[12][4]/D          2.45           8.25 f        -5.80  (VIOLATED)
   x_pipe_reg[10][10]/D         2.45           8.25 r        -5.80  (VIOLATED)
   y_pipe_reg[13][8]/D          2.45           8.24 r        -5.79  (VIOLATED)
   x_pipe_reg[16][8]/D          2.40           8.18 r        -5.78  (VIOLATED)
   y_pipe_reg[12][6]/D          2.45           8.23 f        -5.78  (VIOLATED)
   y_pipe_reg[12][7]/D          2.45           8.23 f        -5.78  (VIOLATED)
   z_pipe_reg[6][19]/D          2.45           8.20 f        -5.75  (VIOLATED)
   z_pipe_reg[1][16]/D          2.45           8.19 f        -5.74  (VIOLATED)
   x_pipe_reg[3][4]/D           2.45           8.19 r        -5.74  (VIOLATED)
   y_pipe_reg[12][5]/D          2.45           8.19 r        -5.74  (VIOLATED)
   z_pipe_reg[2][19]/D          2.40           8.13 f        -5.73  (VIOLATED)
   z_pipe_reg[12][13]/D         2.45           8.18 f        -5.73  (VIOLATED)
   x_pipe_reg[9][4]/D           2.45           8.18 f        -5.73  (VIOLATED)
   x_pipe_reg[3][10]/D          2.40           8.12 f        -5.72  (VIOLATED)
   x_pipe_reg[3][14]/D          2.40           8.12 f        -5.72  (VIOLATED)
   x_pipe_reg[16][12]/D         2.40           8.10 f        -5.70  (VIOLATED)
   y_pipe_reg[7][4]/D           2.45           8.15 f        -5.70  (VIOLATED)
   z_pipe_reg[6][18]/D          2.45           8.15 f        -5.70  (VIOLATED)
   x_pipe_reg[9][5]/D           2.45           8.14 f        -5.69  (VIOLATED)
   x_pipe_reg[9][6]/D           2.45           8.14 f        -5.69  (VIOLATED)
   x_pipe_reg[5][12]/D          2.40           8.09 f        -5.69  (VIOLATED)
   y_pipe_reg[9][4]/D           2.45           8.13 f        -5.68  (VIOLATED)
   y_pipe_reg[16][9]/D          2.40           8.06 f        -5.66  (VIOLATED)
   y_pipe_reg[16][10]/D         2.40           8.06 f        -5.66  (VIOLATED)
   y_pipe_reg[16][11]/D         2.40           8.06 f        -5.66  (VIOLATED)
   y_pipe_reg[16][13]/D         2.40           8.06 f        -5.66  (VIOLATED)
   y_pipe_reg[16][14]/D         2.40           8.06 f        -5.66  (VIOLATED)
   y_pipe_reg[3][10]/D          2.40           8.06 f        -5.66  (VIOLATED)
   y_pipe_reg[2][14]/D          2.45           8.10 f        -5.65  (VIOLATED)
   y_pipe_reg[6][7]/D           2.45           8.10 f        -5.65  (VIOLATED)
   y_pipe_reg[2][9]/D           2.45           8.10 f        -5.65  (VIOLATED)
   z_pipe_reg[4][18]/D          2.40           8.04 f        -5.64  (VIOLATED)
   z_pipe_reg[3][17]/D          2.45           8.08 r        -5.63  (VIOLATED)
   z_pipe_reg[3][18]/D          2.45           8.08 r        -5.63  (VIOLATED)
   x_pipe_reg[16][9]/D          2.40           8.03 f        -5.63  (VIOLATED)
   x_pipe_reg[16][10]/D         2.40           8.03 f        -5.63  (VIOLATED)
   x_pipe_reg[16][11]/D         2.40           8.03 f        -5.63  (VIOLATED)
   x_pipe_reg[16][13]/D         2.40           8.03 f        -5.63  (VIOLATED)
   y_pipe_reg[16][12]/D         2.40           8.03 f        -5.63  (VIOLATED)
   y_pipe_reg[3][4]/D           2.45           8.06 f        -5.61  (VIOLATED)
   x_pipe_reg[5][4]/D           2.45           8.06 f        -5.61  (VIOLATED)
   z_pipe_reg[5][19]/D          2.40           8.01 f        -5.61  (VIOLATED)
   x_pipe_reg[4][3]/D           2.45           8.05 r        -5.60  (VIOLATED)
   y_pipe_reg[4][7]/D           2.45           8.04 r        -5.59  (VIOLATED)
   x_pipe_reg[3][5]/D           2.45           8.04 f        -5.59  (VIOLATED)
   x_pipe_reg[5][11]/D          2.40           7.98 f        -5.58  (VIOLATED)
   x_pipe_reg[7][7]/D           2.45           8.03 f        -5.58  (VIOLATED)
   x_pipe_reg[10][4]/D          2.45           8.03 f        -5.58  (VIOLATED)
   y_pipe_reg[6][4]/D           2.45           8.03 f        -5.58  (VIOLATED)
   z_pipe_reg[3][14]/D          2.45           8.02 f        -5.57  (VIOLATED)
   y_pipe_reg[3][7]/D           2.45           8.01 r        -5.56  (VIOLATED)
   x_pipe_reg[12][4]/D          2.45           8.01 f        -5.56  (VIOLATED)
   y_pipe_reg[5][4]/D           2.45           8.00 r        -5.55  (VIOLATED)
   y_pipe_reg[3][5]/D           2.45           8.00 r        -5.55  (VIOLATED)
   y_pipe_reg[3][6]/D           2.45           8.00 r        -5.55  (VIOLATED)
   x_pipe_reg[14][4]/D          2.45           8.00 f        -5.55  (VIOLATED)
   x_pipe_reg[5][5]/D           2.45           8.00 r        -5.55  (VIOLATED)
   x_pipe_reg[5][6]/D           2.45           8.00 r        -5.55  (VIOLATED)
   x_pipe_reg[3][6]/D           2.45           8.00 r        -5.55  (VIOLATED)
   x_pipe_reg[3][15]/D          2.45           8.00 f        -5.55  (VIOLATED)
   y_pipe_reg[2][11]/D          2.45           7.99 r        -5.54  (VIOLATED)
   x_pipe_reg[5][15]/D          2.45           7.99 r        -5.54  (VIOLATED)
   x_pipe_reg[2][6]/D           2.45           7.99 f        -5.54  (VIOLATED)
   x_pipe_reg[16][14]/D         2.40           7.93 f        -5.53  (VIOLATED)
   z_pipe_reg[4][13]/D          2.45           7.97 f        -5.52  (VIOLATED)
   x_pipe_reg[12][6]/D          2.45           7.97 f        -5.52  (VIOLATED)
   x_pipe_reg[10][5]/D          2.45           7.97 r        -5.52  (VIOLATED)
   x_pipe_reg[10][6]/D          2.45           7.97 r        -5.52  (VIOLATED)
   y_pipe_reg[6][5]/D           2.45           7.97 r        -5.52  (VIOLATED)
   y_pipe_reg[5][15]/D          2.45           7.96 r        -5.51  (VIOLATED)
   x_pipe_reg[3][7]/D           2.45           7.95 f        -5.50  (VIOLATED)
   z_pipe_reg[5][16]/D          2.40           7.89 r        -5.49  (VIOLATED)
   x_pipe_reg[7][4]/D           2.45           7.94 f        -5.49  (VIOLATED)
   z_pipe_reg[6][17]/D          2.45           7.93 r        -5.48  (VIOLATED)
   y_pipe_reg[13][4]/D          2.45           7.93 r        -5.48  (VIOLATED)
   z_pipe_reg[13][14]/D         2.45           7.92 f        -5.47  (VIOLATED)
   y_pipe_reg[10][4]/D          2.45           7.92 f        -5.47  (VIOLATED)
   y_pipe_reg[14][4]/D          2.45           7.91 f        -5.46  (VIOLATED)
   y_pipe_reg[15][4]/D          2.45           7.91 f        -5.46  (VIOLATED)
   x_pipe_reg[6][15]/D          2.45           7.91 r        -5.46  (VIOLATED)
   x_pipe_reg[7][5]/D           2.45           7.90 f        -5.45  (VIOLATED)
   x_pipe_reg[7][6]/D           2.45           7.90 f        -5.45  (VIOLATED)
   y_pipe_reg[7][5]/D           2.45           7.90 r        -5.45  (VIOLATED)
   y_pipe_reg[7][6]/D           2.45           7.90 r        -5.45  (VIOLATED)
   x_pipe_reg[6][7]/D           2.45           7.90 f        -5.45  (VIOLATED)
   y_pipe_reg[10][6]/D          2.45           7.89 f        -5.45  (VIOLATED)
   x_pipe_reg[4][4]/D           2.45           7.89 r        -5.44  (VIOLATED)
   x_pipe_reg[8][7]/D           2.45           7.89 f        -5.44  (VIOLATED)
   y_pipe_reg[8][7]/D           2.45           7.89 f        -5.44  (VIOLATED)
   y_pipe_reg[9][15]/D          2.45           7.89 r        -5.44  (VIOLATED)
   y_pipe_reg[9][5]/D           2.45           7.89 r        -5.44  (VIOLATED)
   y_pipe_reg[9][6]/D           2.45           7.89 r        -5.44  (VIOLATED)
   y_pipe_reg[8][4]/D           2.45           7.87 f        -5.42  (VIOLATED)
   x_pipe_reg[13][4]/D          2.45           7.87 r        -5.42  (VIOLATED)
   y_pipe_reg[10][5]/D          2.45           7.85 r        -5.40  (VIOLATED)
   y_pipe_reg[2][10]/D          2.45           7.85 r        -5.40  (VIOLATED)
   y_pipe_reg[8][6]/D           2.45           7.85 f        -5.40  (VIOLATED)
   y_pipe_reg[4][3]/D           2.45           7.85 r        -5.40  (VIOLATED)
   x_pipe_reg[9][7]/D           2.45           7.85 f        -5.40  (VIOLATED)
   x_pipe_reg[11][7]/D          2.45           7.85 f        -5.40  (VIOLATED)
   y_pipe_reg[10][7]/D          2.45           7.85 f        -5.40  (VIOLATED)
   z_pipe_reg[3][12]/D          2.45           7.85 r        -5.40  (VIOLATED)
   y_pipe_reg[6][15]/D          2.45           7.83 r        -5.38  (VIOLATED)
   z_pipe_reg[5][8]/D           2.45           7.83 f        -5.38  (VIOLATED)
   y_pipe_reg[5][5]/D           2.45           7.81 r        -5.36  (VIOLATED)
   y_pipe_reg[5][6]/D           2.45           7.81 r        -5.36  (VIOLATED)
   z_pipe_reg[5][12]/D          2.45           7.81 f        -5.36  (VIOLATED)
   z_pipe_reg[5][14]/D          2.45           7.81 f        -5.36  (VIOLATED)
   x_pipe_reg[7][15]/D          2.45           7.80 r        -5.35  (VIOLATED)
   y_pipe_reg[10][15]/D         2.45           7.80 r        -5.35  (VIOLATED)
   z_pipe_reg[3][9]/D           2.45           7.80 f        -5.35  (VIOLATED)
   y_pipe_reg[11][4]/D          2.45           7.79 f        -5.34  (VIOLATED)
   y_pipe_reg[4][6]/D           2.45           7.79 f        -5.34  (VIOLATED)
   y_pipe_reg[6][6]/D           2.45           7.79 r        -5.34  (VIOLATED)
   x_pipe_reg[12][7]/D          2.45           7.79 f        -5.34  (VIOLATED)
   x_pipe_reg[2][13]/D          2.45           7.79 r        -5.34  (VIOLATED)
   x_pipe_reg[2][14]/D          2.45           7.79 r        -5.34  (VIOLATED)
   z_pipe_reg[6][8]/D           2.45           7.79 f        -5.34  (VIOLATED)
   x_pipe_reg[12][5]/D          2.45           7.79 r        -5.34  (VIOLATED)
   y_pipe_reg[8][15]/D          2.45           7.78 f        -5.33  (VIOLATED)
   x_pipe_reg[10][7]/D          2.45           7.76 f        -5.31  (VIOLATED)
   z_pipe_reg[4][10]/D          2.45           7.75 r        -5.30  (VIOLATED)
   z_pipe_reg[4][11]/D          2.45           7.75 r        -5.30  (VIOLATED)
   z_pipe_reg[4][12]/D          2.45           7.75 r        -5.30  (VIOLATED)
   z_pipe_reg[4][15]/D          2.45           7.75 r        -5.30  (VIOLATED)
   z_pipe_reg[4][9]/D           2.40           7.70 r        -5.30  (VIOLATED)
   x_pipe_reg[15][4]/D          2.45           7.75 f        -5.30  (VIOLATED)
   x_pipe_reg[4][6]/D           2.45           7.74 f        -5.29  (VIOLATED)
   x_pipe_reg[2][7]/D           2.45           7.74 f        -5.29  (VIOLATED)
   x_pipe_reg[8][4]/D           2.45           7.73 f        -5.28  (VIOLATED)
   z_pipe_reg[14][18]/D         2.45           7.73 f        -5.28  (VIOLATED)
   z_pipe_reg[2][10]/D          2.45           7.72 f        -5.27  (VIOLATED)
   z_pipe_reg[12][15]/D         2.45           7.72 f        -5.27  (VIOLATED)
   z_pipe_reg[12][18]/D         2.45           7.72 f        -5.27  (VIOLATED)
   z_pipe_reg[13][12]/D         2.45           7.71 f        -5.26  (VIOLATED)
   y_pipe_reg[15][5]/D          2.45           7.71 r        -5.26  (VIOLATED)
   y_pipe_reg[16][4]/D          2.40           7.65 r        -5.25  (VIOLATED)
   z_pipe_reg[5][17]/D          2.40           7.65 f        -5.25  (VIOLATED)
   z_pipe_reg[5][18]/D          2.40           7.65 f        -5.25  (VIOLATED)
   x_pipe_reg[16][4]/D          2.40           7.64 r        -5.24  (VIOLATED)
   y_pipe_reg[8][5]/D           2.45           7.67 r        -5.22  (VIOLATED)
   z_pipe_reg[9][16]/D          2.45           7.66 f        -5.21  (VIOLATED)
   x_pipe_reg[6][6]/D           2.45           7.66 f        -5.21  (VIOLATED)
   x_pipe_reg[2][17]/D          2.45           7.65 r        -5.20  (VIOLATED)
   x_pipe_reg[2][18]/D          2.45           7.65 r        -5.20  (VIOLATED)
   x_pipe_reg[2][5]/D           2.45           7.63 r        -5.18  (VIOLATED)
   y_pipe_reg[7][7]/D           2.45           7.62 f        -5.17  (VIOLATED)
   z_pipe_reg[3][13]/D          2.45           7.61 r        -5.16  (VIOLATED)
   y_pipe_reg[11][7]/D          2.45           7.60 f        -5.15  (VIOLATED)
   x_pipe_reg[5][7]/D           2.45           7.60 r        -5.15  (VIOLATED)
   z_pipe_reg[6][12]/D          2.40           7.55 f        -5.15  (VIOLATED)
   z_pipe_reg[9][17]/D          2.45           7.59 f        -5.14  (VIOLATED)
   x_pipe_reg[11][4]/D          2.45           7.59 r        -5.14  (VIOLATED)
   y_pipe_reg[9][7]/D           2.45           7.59 r        -5.14  (VIOLATED)
   z_pipe_reg[3][10]/D          2.45           7.58 r        -5.13  (VIOLATED)
   z_pipe_reg[3][11]/D          2.45           7.58 r        -5.13  (VIOLATED)
   z_pipe_reg[4][16]/D          2.45           7.57 f        -5.12  (VIOLATED)
   y_pipe_reg[2][12]/D          2.40           7.51 f        -5.11  (VIOLATED)
   x_pipe_reg[4][5]/D           2.45           7.56 r        -5.11  (VIOLATED)
   z_pipe_reg[6][9]/D           2.45           7.54 r        -5.09  (VIOLATED)
   z_pipe_reg[2][11]/D          2.45           7.54 r        -5.09  (VIOLATED)
   z_pipe_reg[2][9]/D           2.40           7.48 r        -5.08  (VIOLATED)
   x_pipe_reg[2][8]/D           2.45           7.53 f        -5.08  (VIOLATED)
   x_pipe_reg[8][5]/D           2.45           7.53 r        -5.08  (VIOLATED)
   x_pipe_reg[8][6]/D           2.45           7.53 r        -5.08  (VIOLATED)
   z_pipe_reg[11][14]/D         2.40           7.46 r        -5.06  (VIOLATED)
   z_pipe_reg[4][14]/D          2.40           7.46 f        -5.06  (VIOLATED)
   z_pipe_reg[1][15]/D          2.40           7.45 r        -5.05  (VIOLATED)
   z_pipe_reg[1][17]/D          2.40           7.45 r        -5.05  (VIOLATED)
   z_pipe_reg[1][18]/D          2.40           7.45 r        -5.05  (VIOLATED)
   x_pipe_reg[15][5]/D          2.45           7.50 r        -5.05  (VIOLATED)
   x_pipe_reg[2][4]/D           2.45           7.49 r        -5.04  (VIOLATED)
   z_pipe_reg[13][13]/D         2.45           7.49 f        -5.04  (VIOLATED)
   z_pipe_reg[13][15]/D         2.45           7.49 f        -5.04  (VIOLATED)
   y_pipe_reg[11][5]/D          2.45           7.49 r        -5.04  (VIOLATED)
   y_pipe_reg[11][6]/D          2.45           7.49 r        -5.04  (VIOLATED)
   x_pipe_reg[16][6]/D          2.40           7.43 f        -5.03  (VIOLATED)
   x_pipe_reg[6][4]/D           2.45           7.46 f        -5.01  (VIOLATED)
   y_pipe_reg[16][5]/D          2.40           7.40 f        -5.00  (VIOLATED)
   y_pipe_reg[16][6]/D          2.40           7.40 f        -5.00  (VIOLATED)
   y_pipe_reg[4][4]/D           2.45           7.45 f        -5.00  (VIOLATED)
   z_pipe_reg[14][12]/D         2.40           7.38 r        -4.98  (VIOLATED)
   z_pipe_reg[14][13]/D         2.40           7.38 r        -4.98  (VIOLATED)
   z_pipe_reg[14][14]/D         2.40           7.38 r        -4.98  (VIOLATED)
   z_pipe_reg[14][15]/D         2.40           7.38 r        -4.98  (VIOLATED)
   z_pipe_reg[14][16]/D         2.40           7.38 r        -4.98  (VIOLATED)
   z_pipe_reg[14][17]/D         2.40           7.38 r        -4.98  (VIOLATED)
   z_pipe_reg[1][13]/D          2.40           7.38 r        -4.98  (VIOLATED)
   z_pipe_reg[1][14]/D          2.40           7.38 r        -4.98  (VIOLATED)
   y_pipe_reg[15][3]/D          2.45           7.43 f        -4.98  (VIOLATED)
   z_pipe_reg[9][18]/D          2.45           7.41 r        -4.96  (VIOLATED)
   z_pipe_reg[9][19]/D          2.45           7.41 r        -4.96  (VIOLATED)
   x_pipe_reg[3][3]/D           2.45           7.40 f        -4.95  (VIOLATED)
   x_pipe_reg[11][6]/D          2.45           7.40 r        -4.95  (VIOLATED)
   x_pipe_reg[16][5]/D          2.40           7.34 f        -4.94  (VIOLATED)
   x_pipe_reg[2][9]/D           2.45           7.37 r        -4.92  (VIOLATED)
   y_pipe_reg[2][5]/D           2.45           7.35 f        -4.90  (VIOLATED)
   z_pipe_reg[13][16]/D         2.40           7.30 r        -4.90  (VIOLATED)
   z_pipe_reg[10][15]/D         2.40           7.30 r        -4.90  (VIOLATED)
   x_pipe_reg[13][3]/D          2.45           7.35 r        -4.90  (VIOLATED)
   z_pipe_reg[8][17]/D          2.40           7.29 r        -4.89  (VIOLATED)
   z_pipe_reg[6][13]/D          2.40           7.29 r        -4.89  (VIOLATED)
   z_pipe_reg[6][14]/D          2.40           7.29 r        -4.89  (VIOLATED)
   z_pipe_reg[5][9]/D           2.40           7.29 f        -4.89  (VIOLATED)
   z_pipe_reg[5][10]/D          2.40           7.29 f        -4.89  (VIOLATED)
   z_pipe_reg[5][11]/D          2.40           7.29 f        -4.89  (VIOLATED)
   z_pipe_reg[5][13]/D          2.40           7.29 f        -4.89  (VIOLATED)
   z_pipe_reg[6][15]/D          2.45           7.32 f        -4.87  (VIOLATED)
   x_pipe_reg[2][2]/D           2.45           7.32 f        -4.87  (VIOLATED)
   z_pipe_reg[2][16]/D          2.45           7.31 f        -4.86  (VIOLATED)
   y_pipe_reg[9][3]/D           2.45           7.30 r        -4.85  (VIOLATED)
   y_pipe_reg[2][6]/D           2.45           7.29 f        -4.84  (VIOLATED)
   x_pipe_reg[2][11]/D          2.45           7.28 r        -4.83  (VIOLATED)
   y_pipe_reg[3][3]/D           2.45           7.28 f        -4.83  (VIOLATED)
   z_pipe_reg[14][11]/D         2.40           7.23 r        -4.83  (VIOLATED)
   x_pipe_reg[16][3]/D          2.40           7.23 r        -4.83  (VIOLATED)
   y_pipe_reg[10][2]/D          2.45           7.27 f        -4.82  (VIOLATED)
   z_pipe_reg[10][11]/D         2.45           7.26 f        -4.81  (VIOLATED)
   x_pipe_reg[11][5]/D          2.45           7.26 r        -4.81  (VIOLATED)
   z_pipe_reg[13][17]/D         2.40           7.21 r        -4.81  (VIOLATED)
   z_pipe_reg[13][18]/D         2.40           7.21 r        -4.81  (VIOLATED)
   x_pipe_reg[14][3]/D          2.45           7.25 f        -4.80  (VIOLATED)
   x_pipe_reg[9][3]/D           2.45           7.25 f        -4.80  (VIOLATED)
   z_pipe_reg[6][10]/D          2.40           7.20 f        -4.80  (VIOLATED)
   z_pipe_reg[6][11]/D          2.40           7.20 f        -4.80  (VIOLATED)
   z_pipe_reg[2][12]/D          2.40           7.20 f        -4.80  (VIOLATED)
   z_pipe_reg[2][13]/D          2.40           7.20 f        -4.80  (VIOLATED)
   z_pipe_reg[2][14]/D          2.40           7.20 f        -4.80  (VIOLATED)
   z_pipe_reg[2][15]/D          2.40           7.20 f        -4.80  (VIOLATED)
   z_pipe_reg[12][14]/D         2.40           7.20 f        -4.80  (VIOLATED)
   z_pipe_reg[12][16]/D         2.40           7.20 f        -4.80  (VIOLATED)
   z_pipe_reg[12][17]/D         2.40           7.20 f        -4.80  (VIOLATED)
   z_pipe_reg[7][18]/D          2.40           7.19 r        -4.79  (VIOLATED)
   z_pipe_reg[7][19]/D          2.45           7.23 r        -4.78  (VIOLATED)
   y_pipe_reg[2][15]/D          2.40           7.18 f        -4.78  (VIOLATED)
   z_pipe_reg[5][4]/D           2.45           7.22 f        -4.77  (VIOLATED)
   x_pipe_reg[10][3]/D          2.45           7.22 f        -4.77  (VIOLATED)
   y_pipe_reg[12][3]/D          2.45           7.22 f        -4.77  (VIOLATED)
   z_pipe_reg[14][19]/D         2.45           7.21 f        -4.76  (VIOLATED)
   y_pipe_reg[2][17]/D          2.45           7.21 f        -4.76  (VIOLATED)
   y_pipe_reg[13][3]/D          2.45           7.21 r        -4.76  (VIOLATED)
   z_pipe_reg[11][15]/D         2.40           7.16 f        -4.76  (VIOLATED)
   z_pipe_reg[11][16]/D         2.40           7.16 f        -4.76  (VIOLATED)
   z_pipe_reg[11][17]/D         2.40           7.16 f        -4.76  (VIOLATED)
   z_pipe_reg[11][18]/D         2.40           7.16 f        -4.76  (VIOLATED)
   z_pipe_reg[11][19]/D         2.40           7.16 f        -4.76  (VIOLATED)
   y_pipe_reg[11][3]/D          2.45           7.21 f        -4.76  (VIOLATED)
   x_pipe_reg[2][10]/D          2.45           7.19 f        -4.74  (VIOLATED)
   y_pipe_reg[2][3]/D           2.45           7.18 f        -4.73  (VIOLATED)
   x_pipe_reg[2][16]/D          2.40           7.11 r        -4.71  (VIOLATED)
   x_pipe_reg[5][3]/D           2.45           7.16 r        -4.71  (VIOLATED)
   y_pipe_reg[2][16]/D          2.45           7.15 r        -4.70  (VIOLATED)
   x_pipe_reg[6][5]/D           2.45           7.15 r        -4.70  (VIOLATED)
   y_pipe_reg[4][5]/D           2.45           7.15 r        -4.70  (VIOLATED)
   y_pipe_reg[8][3]/D           2.45           7.14 f        -4.69  (VIOLATED)
   z_pipe_reg[10][12]/D         2.45           7.14 f        -4.69  (VIOLATED)
   z_pipe_reg[10][13]/D         2.45           7.14 f        -4.69  (VIOLATED)
   z_pipe_reg[5][15]/D          2.40           7.08 f        -4.68  (VIOLATED)
   z_pipe_reg[10][19]/D         2.40           7.06 f        -4.66  (VIOLATED)
   z_pipe_reg[1][19]/D          2.40           7.06 r        -4.66  (VIOLATED)
   z_pipe_reg[9][12]/D          2.45           7.11 f        -4.66  (VIOLATED)
   z_pipe_reg[3][7]/D           2.45           7.09 f        -4.64  (VIOLATED)
   x_pipe_reg[11][3]/D          2.45           7.07 f        -4.62  (VIOLATED)
   x_pipe_reg[12][3]/D          2.45           7.07 f        -4.62  (VIOLATED)
   x_pipe_reg[6][3]/D           2.45           7.07 r        -4.62  (VIOLATED)
   y_pipe_reg[16][3]/D          2.40           7.01 r        -4.61  (VIOLATED)
   z_pipe_reg[7][16]/D          2.45           7.05 f        -4.60  (VIOLATED)
   z_pipe_reg[10][16]/D         2.40           6.99 f        -4.59  (VIOLATED)
   z_pipe_reg[10][17]/D         2.40           6.99 f        -4.59  (VIOLATED)
   z_pipe_reg[10][18]/D         2.40           6.99 f        -4.59  (VIOLATED)
   z_pipe_reg[8][18]/D          2.40           6.99 f        -4.59  (VIOLATED)
   z_pipe_reg[8][19]/D          2.40           6.99 f        -4.59  (VIOLATED)
   z_pipe_reg[1][12]/D          2.45           7.03 f        -4.58  (VIOLATED)
   z_pipe_reg[9][14]/D          2.45           7.02 f        -4.57  (VIOLATED)
   y_pipe_reg[6][3]/D           2.45           7.02 f        -4.57  (VIOLATED)
   y_pipe_reg[8][2]/D           2.45           7.00 f        -4.55  (VIOLATED)
   y_pipe_reg[10][3]/D          2.45           6.99 f        -4.54  (VIOLATED)
   z_pipe_reg[4][5]/D           2.45           6.99 f        -4.54  (VIOLATED)
   y_pipe_reg[12][2]/D          2.45           6.98 f        -4.53  (VIOLATED)
   y_pipe_reg[2][13]/D          2.45           6.97 r        -4.52  (VIOLATED)
   y_pipe_reg[2][4]/D           2.45           6.97 f        -4.52  (VIOLATED)
   z_pipe_reg[13][9]/D          2.45           6.96 f        -4.51  (VIOLATED)
   z_pipe_reg[13][10]/D         2.45           6.96 f        -4.51  (VIOLATED)
   z_pipe_reg[13][11]/D         2.45           6.96 f        -4.51  (VIOLATED)
   y_pipe_reg[2][19]/D          2.40           6.90 r        -4.50  (VIOLATED)
   z_pipe_reg[1][10]/D          2.45           6.95 f        -4.50  (VIOLATED)
   z_pipe_reg[1][11]/D          2.45           6.95 f        -4.50  (VIOLATED)
   y_pipe_reg[2][7]/D           2.40           6.89 r        -4.49  (VIOLATED)
   z_pipe_reg[8][13]/D          2.45           6.90 f        -4.45  (VIOLATED)
   x_pipe_reg[7][3]/D           2.45           6.88 r        -4.43  (VIOLATED)
   z_pipe_reg[11][10]/D         2.45           6.87 f        -4.42  (VIOLATED)
   x_pipe_reg[8][3]/D           2.45           6.87 r        -4.42  (VIOLATED)
   y_pipe_reg[7][3]/D           2.45           6.87 r        -4.42  (VIOLATED)
   z_pipe_reg[4][6]/D           2.45           6.86 f        -4.41  (VIOLATED)
   z_pipe_reg[7][14]/D          2.45           6.83 f        -4.38  (VIOLATED)
   y_pipe_reg[7][2]/D           2.45           6.82 f        -4.37  (VIOLATED)
   z_pipe_reg[3][15]/D          2.40           6.75 r        -4.35  (VIOLATED)
   x_pipe_reg[9][2]/D           2.45           6.78 f        -4.33  (VIOLATED)
   z_pipe_reg[8][14]/D          2.45           6.77 f        -4.32  (VIOLATED)
   z_pipe_reg[8][15]/D          2.45           6.77 f        -4.32  (VIOLATED)
   x_pipe_reg[15][3]/D          2.45           6.76 f        -4.31  (VIOLATED)
   y_pipe_reg[14][3]/D          2.45           6.76 f        -4.31  (VIOLATED)
   y_pipe_reg[5][3]/D           2.45           6.76 f        -4.31  (VIOLATED)
   z_pipe_reg[11][11]/D         2.45           6.74 f        -4.29  (VIOLATED)
   z_pipe_reg[11][12]/D         2.45           6.74 f        -4.29  (VIOLATED)
   z_pipe_reg[1][9]/D           2.45           6.74 f        -4.29  (VIOLATED)
   x_pipe_reg[14][2]/D          2.45           6.74 f        -4.29  (VIOLATED)
   z_pipe_reg[2][5]/D           2.45           6.73 f        -4.28  (VIOLATED)
   z_pipe_reg[3][4]/D           2.45           6.73 f        -4.28  (VIOLATED)
   x_pipe_reg[3][2]/D           2.45           6.72 f        -4.27  (VIOLATED)
   y_pipe_reg[3][2]/D           2.45           6.72 f        -4.27  (VIOLATED)
   z_pipe_reg[5][6]/D           2.45           6.72 f        -4.27  (VIOLATED)
   z_pipe_reg[7][15]/D          2.45           6.70 f        -4.25  (VIOLATED)
   y_pipe_reg[2][2]/D           2.45           6.70 f        -4.25  (VIOLATED)
   z_pipe_reg[4][7]/D           2.45           6.68 r        -4.23  (VIOLATED)
   z_pipe_reg[14][8]/D          2.40           6.62 r        -4.22  (VIOLATED)
   z_pipe_reg[14][9]/D          2.40           6.62 r        -4.22  (VIOLATED)
   z_pipe_reg[14][10]/D         2.40           6.62 r        -4.22  (VIOLATED)
   z_pipe_reg[4][8]/D           2.45           6.67 f        -4.22  (VIOLATED)
   z_pipe_reg[12][19]/D         2.40           6.61 r        -4.21  (VIOLATED)
   y_pipe_reg[9][2]/D           2.45           6.64 f        -4.19  (VIOLATED)
   z_pipe_reg[2][8]/D           2.45           6.64 f        -4.19  (VIOLATED)
   z_pipe_reg[9][13]/D          2.45           6.61 f        -4.16  (VIOLATED)
   x_pipe_reg[2][3]/D           2.45           6.59 r        -4.14  (VIOLATED)
   y_pipe_reg[15][2]/D          2.45           6.59 f        -4.14  (VIOLATED)
   z_pipe_reg[10][14]/D         2.45           6.59 f        -4.14  (VIOLATED)
   z_pipe_reg[13][7]/D          2.45           6.58 f        -4.13  (VIOLATED)
   y_pipe_reg[4][1]/D           2.45           6.57 f        -4.12  (VIOLATED)
   z_pipe_reg[7][17]/D          2.45           6.55 f        -4.10  (VIOLATED)
   y_pipe_reg[14][2]/D          2.45           6.54 f        -4.09  (VIOLATED)
   z_pipe_reg[12][11]/D         2.45           6.54 f        -4.09  (VIOLATED)
   z_pipe_reg[5][5]/D           2.45           6.54 r        -4.09  (VIOLATED)
   y_pipe_reg[5][2]/D           2.45           6.53 f        -4.08  (VIOLATED)
   x_pipe_reg[15][2]/D          2.45           6.53 f        -4.08  (VIOLATED)
   z_pipe_reg[9][15]/D          2.45           6.52 f        -4.07  (VIOLATED)
   x_pipe_reg[7][2]/D           2.45           6.52 f        -4.07  (VIOLATED)
   x_pipe_reg[13][2]/D          2.45           6.50 f        -4.05  (VIOLATED)
   x_pipe_reg[6][1]/D           2.45           6.47 f        -4.02  (VIOLATED)
   z_pipe_reg[6][4]/D           2.40           6.41 r        -4.01  (VIOLATED)
   z_pipe_reg[1][7]/D           2.45           6.46 f        -4.01  (VIOLATED)
   y_pipe_reg[11][2]/D          2.45           6.46 f        -4.01  (VIOLATED)
   z_pipe_reg[8][16]/D          2.45           6.45 f        -4.00  (VIOLATED)
   z_pipe_reg[12][9]/D          2.45           6.43 f        -3.98  (VIOLATED)
   z_pipe_reg[2][6]/D           2.45           6.42 r        -3.97  (VIOLATED)
   z_pipe_reg[2][7]/D           2.45           6.42 r        -3.97  (VIOLATED)
   z_pipe_reg[3][5]/D           2.45           6.42 r        -3.97  (VIOLATED)
   z_pipe_reg[3][6]/D           2.45           6.42 r        -3.97  (VIOLATED)
   z_pipe_reg[11][13]/D         2.45           6.42 f        -3.97  (VIOLATED)
   y_pipe_reg[13][2]/D          2.45           6.38 f        -3.93  (VIOLATED)
   y_pipe_reg[7][1]/D           2.45           6.38 f        -3.93  (VIOLATED)
   z_pipe_reg[13][8]/D          2.45           6.37 f        -3.92  (VIOLATED)
   y_pipe_reg[16][2]/D          2.40           6.31 r        -3.91  (VIOLATED)
   x_pipe_reg[12][2]/D          2.45           6.34 f        -3.89  (VIOLATED)
   x_pipe_reg[4][2]/D           2.45           6.33 f        -3.88  (VIOLATED)
   x_pipe_reg[11][2]/D          2.45           6.33 f        -3.88  (VIOLATED)
   x_pipe_reg[3][1]/D           2.45           6.33 f        -3.88  (VIOLATED)
   x_pipe_reg[4][1]/D           2.45           6.33 f        -3.88  (VIOLATED)
   x_pipe_reg[5][1]/D           2.45           6.33 f        -3.88  (VIOLATED)
   y_pipe_reg[8][1]/D           2.45           6.33 f        -3.88  (VIOLATED)
   y_pipe_reg[15][1]/D          2.45           6.33 f        -3.88  (VIOLATED)
   z_pipe_reg[13][19]/D         2.40           6.27 f        -3.87  (VIOLATED)
   x_pipe_reg[5][2]/D           2.45           6.30 f        -3.85  (VIOLATED)
   x_pipe_reg[6][2]/D           2.45           6.30 f        -3.85  (VIOLATED)
   x_pipe_reg[10][2]/D          2.45           6.27 f        -3.82  (VIOLATED)
   y_pipe_reg[9][1]/D           2.45           6.26 f        -3.81  (VIOLATED)
   x_pipe_reg[10][1]/D          2.45           6.26 f        -3.81  (VIOLATED)
   x_pipe_reg[8][2]/D           2.45           6.24 f        -3.79  (VIOLATED)
   y_pipe_reg[6][2]/D           2.45           6.24 f        -3.79  (VIOLATED)
   z_pipe_reg[6][7]/D           2.40           6.19 r        -3.79  (VIOLATED)
   z_pipe_reg[14][6]/D          2.40           6.16 r        -3.76  (VIOLATED)
   x_pipe_reg[8][1]/D           2.45           6.21 f        -3.76  (VIOLATED)
   x_pipe_reg[2][1]/D           2.45           6.21 r        -3.76  (VIOLATED)
   x_pipe_reg[9][1]/D           2.45           6.20 f        -3.75  (VIOLATED)
   x_pipe_reg[7][1]/D           2.45           6.18 f        -3.73  (VIOLATED)
   y_pipe_reg[6][1]/D           2.45           6.18 f        -3.73  (VIOLATED)
   z_pipe_reg[6][5]/D           2.40           6.11 f        -3.71  (VIOLATED)
   z_pipe_reg[6][6]/D           2.40           6.11 f        -3.71  (VIOLATED)
   z_pipe_reg[5][7]/D           2.45           6.15 r        -3.70  (VIOLATED)
   y_pipe_reg[4][2]/D           2.45           6.13 f        -3.68  (VIOLATED)
   z_pipe_reg[14][7]/D          2.40           6.08 r        -3.68  (VIOLATED)
   z_pipe_reg[12][10]/D         2.45           6.12 r        -3.67  (VIOLATED)
   z_pipe_reg[1][8]/D           2.45           6.12 f        -3.67  (VIOLATED)
   y_pipe_reg[10][1]/D          2.45           6.12 f        -3.67  (VIOLATED)
   y_pipe_reg[11][1]/D          2.45           6.12 f        -3.67  (VIOLATED)
   x_pipe_reg[16][2]/D          2.40           6.00 r        -3.60  (VIOLATED)
   y_pipe_reg[3][1]/D           2.45           6.04 f        -3.59  (VIOLATED)
   x_pipe_reg[13][1]/D          2.45           6.01 f        -3.56  (VIOLATED)
   x_pipe_reg[15][1]/D          2.45           5.97 f        -3.52  (VIOLATED)
   z_pipe_reg[13][6]/D          2.45           5.94 f        -3.49  (VIOLATED)
   y_pipe_reg[5][1]/D           2.45           5.94 f        -3.49  (VIOLATED)
   z_pipe_reg[11][9]/D          2.45           5.92 f        -3.47  (VIOLATED)
   z_pipe_reg[12][12]/D         2.45           5.91 f        -3.46  (VIOLATED)
   y_pipe_reg[16][1]/D          2.40           5.86 r        -3.46  (VIOLATED)
   z_pipe_reg[7][12]/D          2.45           5.89 f        -3.44  (VIOLATED)
   x_pipe_reg[13][0]/D          2.45           5.86 f        -3.41  (VIOLATED)
   z_pipe_reg[2][4]/D           2.45           5.84 f        -3.39  (VIOLATED)
   z_pipe_reg[3][3]/D           2.45           5.84 f        -3.39  (VIOLATED)
   z_pipe_reg[4][4]/D           2.45           5.84 f        -3.39  (VIOLATED)
   x_pipe_reg[12][1]/D          2.45           5.83 f        -3.38  (VIOLATED)
   z_pipe_reg[11][8]/D          2.45           5.83 f        -3.38  (VIOLATED)
   z_pipe_reg[15][19]/D         2.40           5.78 f        -3.38  (VIOLATED)
   z_pipe_reg[4][3]/D           2.45           5.82 f        -3.37  (VIOLATED)
   z_pipe_reg[9][10]/D          2.45           5.82 f        -3.37  (VIOLATED)
   y_pipe_reg[13][1]/D          2.45           5.80 f        -3.35  (VIOLATED)
   y_pipe_reg[14][1]/D          2.45           5.79 f        -3.34  (VIOLATED)
   z_pipe_reg[7][13]/D          2.45           5.79 f        -3.34  (VIOLATED)
   z_pipe_reg[10][9]/D          2.45           5.76 f        -3.31  (VIOLATED)
   z_pipe_reg[3][2]/D           2.45           5.76 f        -3.31  (VIOLATED)
   z_pipe_reg[8][11]/D          2.45           5.73 f        -3.28  (VIOLATED)
   x_pipe_reg[16][1]/D          2.40           5.65 r        -3.25  (VIOLATED)
   x_pipe_reg[14][1]/D          2.45           5.70 f        -3.25  (VIOLATED)
   y_pipe_reg[14][0]/D          2.45           5.70 f        -3.25  (VIOLATED)
   z_pipe_reg[12][7]/D          2.45           5.69 f        -3.24  (VIOLATED)
   x_pipe_reg[14][0]/D          2.45           5.66 f        -3.21  (VIOLATED)
   y_pipe_reg[12][1]/D          2.45           5.66 f        -3.21  (VIOLATED)
   z_pipe_reg[5][3]/D           2.45           5.62 f        -3.17  (VIOLATED)
   z_pipe_reg[2][3]/D           2.45           5.59 f        -3.14  (VIOLATED)
   x_pipe_reg[11][1]/D          2.45           5.58 f        -3.13  (VIOLATED)
   z_pipe_reg[9][11]/D          2.45           5.56 f        -3.11  (VIOLATED)
   z_pipe_reg[12][8]/D          2.45           5.56 f        -3.11  (VIOLATED)
   cos_out[0]                   2.30           5.41 f        -3.11  (VIOLATED)
   cos_out[2]                   2.30           5.41 f        -3.11  (VIOLATED)
   cos_out[4]                   2.30           5.41 f        -3.11  (VIOLATED)
   cos_out[6]                   2.30           5.41 f        -3.11  (VIOLATED)
   cos_out[8]                   2.30           5.41 f        -3.11  (VIOLATED)
   cos_out[10]                  2.30           5.41 f        -3.11  (VIOLATED)
   cos_out[12]                  2.30           5.41 f        -3.11  (VIOLATED)
   cos_out[14]                  2.30           5.41 f        -3.11  (VIOLATED)
   z_pipe_reg[6][3]/D           2.40           5.50 r        -3.10  (VIOLATED)
   z_pipe_reg[8][12]/D          2.45           5.54 f        -3.09  (VIOLATED)
   z_pipe_reg[10][10]/D         2.45           5.54 f        -3.09  (VIOLATED)
   cos_out[1]                   2.30           5.36 f        -3.06  (VIOLATED)
   cos_out[3]                   2.30           5.36 f        -3.06  (VIOLATED)
   cos_out[5]                   2.30           5.36 f        -3.06  (VIOLATED)
   cos_out[7]                   2.30           5.36 f        -3.06  (VIOLATED)
   cos_out[9]                   2.30           5.36 f        -3.06  (VIOLATED)
   cos_out[11]                  2.30           5.36 f        -3.06  (VIOLATED)
   cos_out[13]                  2.30           5.36 f        -3.06  (VIOLATED)
   z_pipe_reg[1][6]/D           2.45           5.44 f        -2.99  (VIOLATED)
   z_pipe_reg[14][4]/D          2.45           5.44 r        -2.99  (VIOLATED)
   z_pipe_reg[14][5]/D          2.40           5.36 r        -2.96  (VIOLATED)
   y_pipe_reg[2][1]/D           2.45           5.38 r        -2.93  (VIOLATED)
   z_pipe_reg[5][2]/D           2.45           5.34 f        -2.89  (VIOLATED)
   sin_out[0]                   2.30           5.11 f        -2.81  (VIOLATED)
   sin_out[2]                   2.30           5.11 f        -2.81  (VIOLATED)
   sin_out[4]                   2.30           5.11 f        -2.81  (VIOLATED)
   sin_out[6]                   2.30           5.11 f        -2.81  (VIOLATED)
   sin_out[8]                   2.30           5.11 f        -2.81  (VIOLATED)
   sin_out[10]                  2.30           5.11 f        -2.81  (VIOLATED)
   sin_out[12]                  2.30           5.11 f        -2.81  (VIOLATED)
   sin_out[14]                  2.30           5.11 f        -2.81  (VIOLATED)
   y_pipe_reg[9][0]/D           2.45           5.22 f        -2.77  (VIOLATED)
   sin_out[1]                   2.30           5.06 f        -2.76  (VIOLATED)
   sin_out[3]                   2.30           5.06 f        -2.76  (VIOLATED)
   sin_out[5]                   2.30           5.06 f        -2.76  (VIOLATED)
   sin_out[7]                   2.30           5.06 f        -2.76  (VIOLATED)
   sin_out[9]                   2.30           5.06 f        -2.76  (VIOLATED)
   sin_out[11]                  2.30           5.06 f        -2.76  (VIOLATED)
   sin_out[13]                  2.30           5.06 f        -2.76  (VIOLATED)
   z_pipe_reg[13][5]/D          2.45           5.20 r        -2.75  (VIOLATED)
   y_pipe_reg[7][0]/D           2.45           5.19 f        -2.74  (VIOLATED)
   y_pipe_reg[13][0]/D          2.45           5.19 f        -2.74  (VIOLATED)
   y_pipe_reg[15][0]/D          2.45           5.18 f        -2.73  (VIOLATED)
   z_pipe_reg[1][5]/D           2.45           5.10 f        -2.65  (VIOLATED)
   z_pipe_reg[3][1]/D           2.45           5.10 r        -2.65  (VIOLATED)
   z_pipe_reg[5][1]/D           2.40           5.01 r        -2.61  (VIOLATED)
   x_pipe_reg[7][0]/D           2.45           5.05 f        -2.60  (VIOLATED)
   y_pipe_reg[12][0]/D          2.45           5.05 r        -2.60  (VIOLATED)
   z_pipe_reg[2][2]/D           2.45           5.05 r        -2.60  (VIOLATED)
   z_pipe_reg[12][6]/D          2.45           5.05 r        -2.60  (VIOLATED)
   z_pipe_reg[4][2]/D           2.45           5.02 f        -2.57  (VIOLATED)
   z_pipe_reg[9][9]/D           2.45           5.02 f        -2.57  (VIOLATED)
   z_pipe_reg[6][2]/D           2.40           4.97 r        -2.57  (VIOLATED)
   z_pipe_reg[11][7]/D          2.45           5.01 r        -2.56  (VIOLATED)
   x_pipe_reg[2][0]/D           2.45           4.93 r        -2.48  (VIOLATED)
   x_pipe_reg[15][0]/D          2.45           4.87 f        -2.42  (VIOLATED)
   z_pipe_reg[10][8]/D          2.45           4.87 f        -2.42  (VIOLATED)
   z_pipe_reg[7][11]/D          2.45           4.82 f        -2.37  (VIOLATED)
   z_pipe_reg[8][10]/D          2.45           4.68 f        -2.23  (VIOLATED)
   x_pipe_reg[12][0]/D          2.45           4.60 f        -2.15  (VIOLATED)
   y_pipe_reg[1][10]/D          2.45           4.55 r        -2.10  (VIOLATED)
   x_pipe_reg[8][0]/D           2.45           4.31 f        -1.86  (VIOLATED)
   y_pipe_reg[4][0]/D           2.45           4.29 f        -1.84  (VIOLATED)
   y_pipe_reg[1][11]/D          2.45           4.25 f        -1.80  (VIOLATED)
   y_pipe_reg[11][0]/D          2.45           4.21 f        -1.76  (VIOLATED)
   x_pipe_reg[11][0]/D          2.45           4.17 f        -1.72  (VIOLATED)
   x_pipe_reg[6][0]/D           2.45           4.15 f        -1.70  (VIOLATED)
   y_pipe_reg[6][0]/D           2.45           4.04 f        -1.59  (VIOLATED)
   x_pipe_reg[3][0]/D           2.45           3.81 f        -1.36  (VIOLATED)
   y_pipe_reg[8][0]/D           2.45           3.71 f        -1.26  (VIOLATED)
   x_pipe_reg[4][0]/D           2.45           3.64 f        -1.19  (VIOLATED)
   y_pipe_reg[3][0]/D           2.45           3.64 f        -1.19  (VIOLATED)
   x_pipe_reg[9][0]/D           2.45           3.56 f        -1.11  (VIOLATED)
   y_pipe_reg[10][0]/D          2.45           3.41 f        -0.96  (VIOLATED)
   x_pipe_reg[10][0]/D          2.45           3.38 f        -0.93  (VIOLATED)
   y_pipe_reg[5][0]/D           2.45           3.38 f        -0.93  (VIOLATED)
   x_pipe_reg[5][0]/D           2.45           3.34 f        -0.89  (VIOLATED)
   y_pipe_reg[2][0]/D           2.45           3.03 r        -0.58  (VIOLATED)


1
