 
****************************************
Report : constraint
        -all_violators
Design : cordic_pipelined
Version: W-2024.09-SP2
Date   : Thu Apr 30 18:30:35 2026
****************************************


   max_delay/setup ('clk' group)

                             Required        Actual
   Endpoint                 Path Delay     Path Delay        Slack
   -----------------------------------------------------------------
   y_pipe_reg[12][15]/D         7.45           9.05 r        -1.60  (VIOLATED)
   x_pipe_reg[9][16]/D          7.45           9.04 f        -1.59  (VIOLATED)
   y_pipe_reg[8][16]/D          7.45           9.04 f        -1.59  (VIOLATED)
   y_pipe_reg[6][16]/D          7.45           9.03 f        -1.58  (VIOLATED)
   x_pipe_reg[8][16]/D          7.45           9.03 f        -1.58  (VIOLATED)
   y_pipe_reg[14][15]/D         7.45           9.02 f        -1.57  (VIOLATED)
   x_pipe_reg[15][14]/D         7.45           9.02 f        -1.57  (VIOLATED)
   y_pipe_reg[8][17]/D          7.45           9.02 r        -1.57  (VIOLATED)
   y_pipe_reg[8][18]/D          7.45           9.02 r        -1.57  (VIOLATED)
   y_pipe_reg[8][19]/D          7.45           9.02 r        -1.57  (VIOLATED)
   x_pipe_reg[10][16]/D         7.45           9.02 r        -1.57  (VIOLATED)
   x_pipe_reg[12][15]/D         7.45           9.02 r        -1.57  (VIOLATED)
   x_pipe_reg[13][19]/D         7.45           9.01 r        -1.56  (VIOLATED)
   y_pipe_reg[4][16]/D          7.45           9.01 f        -1.56  (VIOLATED)
   x_pipe_reg[13][14]/D         7.45           9.00 f        -1.55  (VIOLATED)
   y_pipe_reg[9][16]/D          7.45           9.00 f        -1.55  (VIOLATED)
   y_pipe_reg[10][16]/D         7.45           9.00 f        -1.55  (VIOLATED)
   x_pipe_reg[3][16]/D          7.45           9.00 f        -1.55  (VIOLATED)
   y_pipe_reg[7][16]/D          7.45           9.00 f        -1.55  (VIOLATED)
   y_pipe_reg[5][16]/D          7.45           9.00 f        -1.55  (VIOLATED)
   y_pipe_reg[3][16]/D          7.45           8.99 f        -1.54  (VIOLATED)
   y_pipe_reg[14][8]/D          7.45           8.99 r        -1.54  (VIOLATED)
   y_pipe_reg[14][9]/D          7.45           8.99 r        -1.54  (VIOLATED)
   y_pipe_reg[14][10]/D         7.45           8.99 r        -1.54  (VIOLATED)
   y_pipe_reg[14][11]/D         7.45           8.99 r        -1.54  (VIOLATED)
   y_pipe_reg[14][12]/D         7.45           8.99 r        -1.54  (VIOLATED)
   y_pipe_reg[14][13]/D         7.45           8.99 r        -1.54  (VIOLATED)
   y_pipe_reg[14][14]/D         7.45           8.99 r        -1.54  (VIOLATED)
   x_pipe_reg[15][7]/D          7.45           8.99 r        -1.54  (VIOLATED)
   x_pipe_reg[15][8]/D          7.45           8.99 r        -1.54  (VIOLATED)
   x_pipe_reg[15][9]/D          7.45           8.99 r        -1.54  (VIOLATED)
   x_pipe_reg[15][10]/D         7.45           8.99 r        -1.54  (VIOLATED)
   x_pipe_reg[15][11]/D         7.45           8.99 r        -1.54  (VIOLATED)
   x_pipe_reg[15][12]/D         7.45           8.99 r        -1.54  (VIOLATED)
   x_pipe_reg[15][13]/D         7.45           8.99 r        -1.54  (VIOLATED)
   x_pipe_reg[5][16]/D          7.45           8.99 f        -1.54  (VIOLATED)
   x_pipe_reg[15][16]/D         7.45           8.98 r        -1.53  (VIOLATED)
   x_pipe_reg[6][16]/D          7.45           8.98 f        -1.53  (VIOLATED)
   x_pipe_reg[7][16]/D          7.45           8.98 f        -1.53  (VIOLATED)
   y_pipe_reg[13][14]/D         7.45           8.98 f        -1.53  (VIOLATED)
   x_pipe_reg[12][16]/D         7.45           8.97 r        -1.52  (VIOLATED)
   y_pipe_reg[12][17]/D         7.45           8.97 r        -1.52  (VIOLATED)
   y_pipe_reg[12][18]/D         7.45           8.97 r        -1.52  (VIOLATED)
   y_pipe_reg[12][16]/D         7.45           8.97 r        -1.52  (VIOLATED)
   x_pipe_reg[4][16]/D          7.45           8.97 f        -1.52  (VIOLATED)
   x_pipe_reg[13][9]/D          7.45           8.97 f        -1.52  (VIOLATED)
   x_pipe_reg[13][10]/D         7.45           8.97 f        -1.52  (VIOLATED)
   x_pipe_reg[13][11]/D         7.45           8.97 f        -1.52  (VIOLATED)
   x_pipe_reg[13][12]/D         7.45           8.97 f        -1.52  (VIOLATED)
   x_pipe_reg[13][13]/D         7.45           8.97 f        -1.52  (VIOLATED)
   x_pipe_reg[13][15]/D         7.45           8.97 f        -1.52  (VIOLATED)
   x_pipe_reg[11][16]/D         7.45           8.96 f        -1.51  (VIOLATED)
   y_pipe_reg[15][14]/D         7.45           8.96 r        -1.51  (VIOLATED)
   x_pipe_reg[12][19]/D         7.45           8.94 r        -1.49  (VIOLATED)
   y_pipe_reg[8][9]/D           7.45           8.94 r        -1.49  (VIOLATED)
   y_pipe_reg[8][10]/D          7.45           8.94 r        -1.49  (VIOLATED)
   y_pipe_reg[8][11]/D          7.45           8.94 r        -1.49  (VIOLATED)
   y_pipe_reg[8][12]/D          7.45           8.94 r        -1.49  (VIOLATED)
   y_pipe_reg[8][13]/D          7.45           8.94 r        -1.49  (VIOLATED)
   y_pipe_reg[8][14]/D          7.45           8.94 r        -1.49  (VIOLATED)
   y_pipe_reg[8][15]/D          7.45           8.94 r        -1.49  (VIOLATED)
   x_pipe_reg[10][17]/D         7.45           8.93 r        -1.48  (VIOLATED)
   x_pipe_reg[10][18]/D         7.45           8.93 r        -1.48  (VIOLATED)
   x_pipe_reg[10][19]/D         7.45           8.93 r        -1.48  (VIOLATED)
   y_pipe_reg[9][17]/D          7.45           8.93 r        -1.48  (VIOLATED)
   y_pipe_reg[9][18]/D          7.45           8.93 r        -1.48  (VIOLATED)
   y_pipe_reg[9][19]/D          7.45           8.93 r        -1.48  (VIOLATED)
   y_pipe_reg[15][16]/D         7.45           8.93 r        -1.48  (VIOLATED)
   y_pipe_reg[11][16]/D         7.45           8.93 f        -1.48  (VIOLATED)
   x_pipe_reg[8][9]/D           7.45           8.93 r        -1.48  (VIOLATED)
   x_pipe_reg[8][10]/D          7.45           8.93 r        -1.48  (VIOLATED)
   x_pipe_reg[8][11]/D          7.45           8.93 r        -1.48  (VIOLATED)
   x_pipe_reg[8][12]/D          7.45           8.93 r        -1.48  (VIOLATED)
   x_pipe_reg[8][13]/D          7.45           8.93 r        -1.48  (VIOLATED)
   x_pipe_reg[8][14]/D          7.45           8.93 r        -1.48  (VIOLATED)
   x_pipe_reg[8][15]/D          7.45           8.93 r        -1.48  (VIOLATED)
   x_pipe_reg[12][17]/D         7.45           8.93 r        -1.48  (VIOLATED)
   x_pipe_reg[12][18]/D         7.45           8.93 r        -1.48  (VIOLATED)
   y_pipe_reg[10][17]/D         7.45           8.92 r        -1.47  (VIOLATED)
   y_pipe_reg[10][18]/D         7.45           8.92 r        -1.47  (VIOLATED)
   y_pipe_reg[10][19]/D         7.45           8.92 r        -1.47  (VIOLATED)
   y_pipe_reg[16][16]/D         7.45           8.92 r        -1.47  (VIOLATED)
   x_pipe_reg[11][8]/D          7.45           8.92 r        -1.47  (VIOLATED)
   y_pipe_reg[13][18]/D         7.45           8.91 r        -1.46  (VIOLATED)
   y_pipe_reg[13][15]/D         7.45           8.91 r        -1.46  (VIOLATED)
   y_pipe_reg[13][16]/D         7.45           8.91 r        -1.46  (VIOLATED)
   y_pipe_reg[13][19]/D         7.45           8.91 r        -1.46  (VIOLATED)
   y_pipe_reg[12][8]/D          7.45           8.91 f        -1.46  (VIOLATED)
   x_pipe_reg[14][9]/D          7.45           8.90 f        -1.45  (VIOLATED)
   x_pipe_reg[14][10]/D         7.45           8.90 f        -1.45  (VIOLATED)
   x_pipe_reg[14][11]/D         7.45           8.90 f        -1.45  (VIOLATED)
   x_pipe_reg[14][12]/D         7.45           8.90 f        -1.45  (VIOLATED)
   x_pipe_reg[14][13]/D         7.45           8.90 f        -1.45  (VIOLATED)
   x_pipe_reg[14][14]/D         7.45           8.90 f        -1.45  (VIOLATED)
   x_pipe_reg[14][15]/D         7.45           8.90 f        -1.45  (VIOLATED)
   y_pipe_reg[13][9]/D          7.45           8.90 f        -1.45  (VIOLATED)
   y_pipe_reg[13][10]/D         7.45           8.90 f        -1.45  (VIOLATED)
   y_pipe_reg[13][11]/D         7.45           8.90 f        -1.45  (VIOLATED)
   y_pipe_reg[13][12]/D         7.45           8.90 f        -1.45  (VIOLATED)
   y_pipe_reg[13][13]/D         7.45           8.90 f        -1.45  (VIOLATED)
   y_pipe_reg[13][7]/D          7.45           8.90 f        -1.45  (VIOLATED)
   x_pipe_reg[15][17]/D         7.45           8.90 r        -1.45  (VIOLATED)
   x_pipe_reg[15][18]/D         7.45           8.90 r        -1.45  (VIOLATED)
   x_pipe_reg[15][19]/D         7.45           8.90 r        -1.45  (VIOLATED)
   x_pipe_reg[16][17]/D         7.45           8.89 r        -1.44  (VIOLATED)
   x_pipe_reg[16][18]/D         7.45           8.89 r        -1.44  (VIOLATED)
   x_pipe_reg[16][19]/D         7.45           8.89 r        -1.44  (VIOLATED)
   x_pipe_reg[16][16]/D         7.45           8.89 f        -1.44  (VIOLATED)
   x_pipe_reg[16][9]/D          7.45           8.89 r        -1.44  (VIOLATED)
   x_pipe_reg[16][10]/D         7.45           8.89 r        -1.44  (VIOLATED)
   x_pipe_reg[16][11]/D         7.45           8.89 r        -1.44  (VIOLATED)
   x_pipe_reg[16][12]/D         7.45           8.89 r        -1.44  (VIOLATED)
   x_pipe_reg[16][13]/D         7.45           8.89 r        -1.44  (VIOLATED)
   x_pipe_reg[7][8]/D           7.45           8.89 f        -1.44  (VIOLATED)
   x_pipe_reg[13][16]/D         7.45           8.89 r        -1.44  (VIOLATED)
   x_pipe_reg[13][18]/D         7.45           8.89 r        -1.44  (VIOLATED)
   y_pipe_reg[3][8]/D           7.45           8.89 f        -1.44  (VIOLATED)
   x_pipe_reg[14][18]/D         7.45           8.88 r        -1.43  (VIOLATED)
   y_pipe_reg[15][17]/D         7.45           8.88 r        -1.43  (VIOLATED)
   y_pipe_reg[15][19]/D         7.45           8.88 r        -1.43  (VIOLATED)
   y_pipe_reg[15][15]/D         7.45           8.87 r        -1.42  (VIOLATED)
   y_pipe_reg[15][18]/D         7.45           8.87 r        -1.42  (VIOLATED)
   x_pipe_reg[6][8]/D           7.45           8.87 f        -1.42  (VIOLATED)
   x_pipe_reg[16][15]/D         7.45           8.87 f        -1.42  (VIOLATED)
   y_pipe_reg[16][15]/D         7.45           8.87 f        -1.42  (VIOLATED)
   y_pipe_reg[15][6]/D          7.45           8.86 f        -1.41  (VIOLATED)
   y_pipe_reg[12][13]/D         7.45           8.86 r        -1.41  (VIOLATED)
   y_pipe_reg[6][8]/D           7.45           8.85 f        -1.40  (VIOLATED)
   x_pipe_reg[16][7]/D          7.45           8.85 f        -1.40  (VIOLATED)
   x_pipe_reg[13][7]/D          7.45           8.85 f        -1.40  (VIOLATED)
   x_pipe_reg[11][19]/D         7.45           8.84 r        -1.39  (VIOLATED)
   x_pipe_reg[11][14]/D         7.45           8.84 r        -1.39  (VIOLATED)
   x_pipe_reg[4][8]/D           7.45           8.84 f        -1.39  (VIOLATED)
   z_pipe_reg[4][9]/D           7.45           8.84 f        -1.39  (VIOLATED)
   y_pipe_reg[16][17]/D         7.45           8.84 r        -1.39  (VIOLATED)
   y_pipe_reg[16][18]/D         7.45           8.84 r        -1.39  (VIOLATED)
   y_pipe_reg[16][19]/D         7.45           8.84 r        -1.39  (VIOLATED)
   x_pipe_reg[11][9]/D          7.45           8.83 r        -1.38  (VIOLATED)
   x_pipe_reg[11][10]/D         7.45           8.83 r        -1.38  (VIOLATED)
   x_pipe_reg[11][11]/D         7.45           8.83 r        -1.38  (VIOLATED)
   x_pipe_reg[11][12]/D         7.45           8.83 r        -1.38  (VIOLATED)
   x_pipe_reg[11][13]/D         7.45           8.83 r        -1.38  (VIOLATED)
   x_pipe_reg[11][15]/D         7.45           8.83 r        -1.38  (VIOLATED)
   x_pipe_reg[11][17]/D         7.45           8.83 r        -1.38  (VIOLATED)
   x_pipe_reg[11][18]/D         7.45           8.83 r        -1.38  (VIOLATED)
   y_pipe_reg[4][9]/D           7.45           8.83 r        -1.38  (VIOLATED)
   y_pipe_reg[4][10]/D          7.45           8.83 r        -1.38  (VIOLATED)
   y_pipe_reg[4][11]/D          7.45           8.83 r        -1.38  (VIOLATED)
   y_pipe_reg[4][12]/D          7.45           8.83 r        -1.38  (VIOLATED)
   y_pipe_reg[4][13]/D          7.45           8.83 r        -1.38  (VIOLATED)
   y_pipe_reg[4][14]/D          7.45           8.83 r        -1.38  (VIOLATED)
   y_pipe_reg[11][14]/D         7.45           8.82 r        -1.37  (VIOLATED)
   x_pipe_reg[9][19]/D          7.45           8.82 r        -1.37  (VIOLATED)
   y_pipe_reg[6][19]/D          7.45           8.81 r        -1.36  (VIOLATED)
   x_pipe_reg[9][17]/D          7.45           8.81 r        -1.36  (VIOLATED)
   x_pipe_reg[9][18]/D          7.45           8.81 r        -1.36  (VIOLATED)
   y_pipe_reg[6][17]/D          7.45           8.80 r        -1.35  (VIOLATED)
   y_pipe_reg[6][18]/D          7.45           8.80 r        -1.35  (VIOLATED)
   x_pipe_reg[14][16]/D         7.45           8.80 r        -1.35  (VIOLATED)
   x_pipe_reg[14][17]/D         7.45           8.80 r        -1.35  (VIOLATED)
   x_pipe_reg[14][19]/D         7.45           8.80 r        -1.35  (VIOLATED)
   x_pipe_reg[15][15]/D         7.45           8.80 r        -1.35  (VIOLATED)
   x_pipe_reg[10][8]/D          7.45           8.80 f        -1.35  (VIOLATED)
   z_pipe_reg[2][19]/D          7.45           8.80 r        -1.35  (VIOLATED)
   y_pipe_reg[2][9]/D           7.45           8.80 f        -1.35  (VIOLATED)
   y_pipe_reg[4][17]/D          7.45           8.80 r        -1.35  (VIOLATED)
   y_pipe_reg[4][19]/D          7.45           8.80 r        -1.35  (VIOLATED)
   x_pipe_reg[8][17]/D          7.45           8.80 r        -1.35  (VIOLATED)
   x_pipe_reg[8][18]/D          7.45           8.80 r        -1.35  (VIOLATED)
   x_pipe_reg[8][19]/D          7.45           8.80 r        -1.35  (VIOLATED)
   y_pipe_reg[14][16]/D         7.45           8.79 r        -1.34  (VIOLATED)
   y_pipe_reg[14][18]/D         7.45           8.79 r        -1.34  (VIOLATED)
   z_pipe_reg[2][17]/D          7.45           8.79 f        -1.34  (VIOLATED)
   z_pipe_reg[4][17]/D          7.45           8.79 f        -1.34  (VIOLATED)
   x_pipe_reg[3][17]/D          7.45           8.79 r        -1.34  (VIOLATED)
   x_pipe_reg[3][18]/D          7.45           8.79 r        -1.34  (VIOLATED)
   x_pipe_reg[3][19]/D          7.45           8.79 r        -1.34  (VIOLATED)
   y_pipe_reg[5][19]/D          7.45           8.79 r        -1.34  (VIOLATED)
   y_pipe_reg[3][17]/D          7.45           8.79 r        -1.34  (VIOLATED)
   y_pipe_reg[3][18]/D          7.45           8.79 r        -1.34  (VIOLATED)
   y_pipe_reg[8][8]/D           7.45           8.79 f        -1.34  (VIOLATED)
   y_pipe_reg[9][8]/D           7.45           8.78 f        -1.33  (VIOLATED)
   y_pipe_reg[10][8]/D          7.45           8.78 f        -1.33  (VIOLATED)
   y_pipe_reg[4][18]/D          7.45           8.78 r        -1.33  (VIOLATED)
   y_pipe_reg[14][5]/D          7.45           8.78 f        -1.33  (VIOLATED)
   y_pipe_reg[14][6]/D          7.45           8.78 f        -1.33  (VIOLATED)
   y_pipe_reg[14][7]/D          7.45           8.78 f        -1.33  (VIOLATED)
   x_pipe_reg[5][18]/D          7.45           8.78 r        -1.33  (VIOLATED)
   x_pipe_reg[5][19]/D          7.45           8.78 r        -1.33  (VIOLATED)
   y_pipe_reg[7][9]/D           7.45           8.78 r        -1.33  (VIOLATED)
   y_pipe_reg[7][10]/D          7.45           8.78 r        -1.33  (VIOLATED)
   y_pipe_reg[7][11]/D          7.45           8.78 r        -1.33  (VIOLATED)
   y_pipe_reg[7][12]/D          7.45           8.78 r        -1.33  (VIOLATED)
   y_pipe_reg[7][13]/D          7.45           8.78 r        -1.33  (VIOLATED)
   y_pipe_reg[7][14]/D          7.45           8.78 r        -1.33  (VIOLATED)
   y_pipe_reg[12][19]/D         7.45           8.78 r        -1.33  (VIOLATED)
   y_pipe_reg[7][17]/D          7.45           8.76 r        -1.31  (VIOLATED)
   y_pipe_reg[7][18]/D          7.45           8.76 r        -1.31  (VIOLATED)
   y_pipe_reg[7][19]/D          7.45           8.76 r        -1.31  (VIOLATED)
   z_pipe_reg[2][9]/D           7.45           8.76 f        -1.31  (VIOLATED)
   y_pipe_reg[5][17]/D          7.45           8.76 r        -1.31  (VIOLATED)
   y_pipe_reg[5][18]/D          7.45           8.76 r        -1.31  (VIOLATED)
   x_pipe_reg[14][5]/D          7.45           8.76 f        -1.31  (VIOLATED)
   x_pipe_reg[14][6]/D          7.45           8.76 f        -1.31  (VIOLATED)
   x_pipe_reg[14][7]/D          7.45           8.76 f        -1.31  (VIOLATED)
   z_pipe_reg[6][16]/D          7.45           8.76 f        -1.31  (VIOLATED)
   y_pipe_reg[3][19]/D          7.45           8.76 r        -1.31  (VIOLATED)
   y_pipe_reg[14][17]/D         7.45           8.76 r        -1.31  (VIOLATED)
   y_pipe_reg[14][19]/D         7.45           8.76 r        -1.31  (VIOLATED)
   y_pipe_reg[11][9]/D          7.45           8.76 r        -1.31  (VIOLATED)
   y_pipe_reg[11][10]/D         7.45           8.76 r        -1.31  (VIOLATED)
   y_pipe_reg[11][11]/D         7.45           8.76 r        -1.31  (VIOLATED)
   y_pipe_reg[11][12]/D         7.45           8.76 r        -1.31  (VIOLATED)
   y_pipe_reg[11][13]/D         7.45           8.76 r        -1.31  (VIOLATED)
   y_pipe_reg[11][15]/D         7.45           8.76 r        -1.31  (VIOLATED)
   x_pipe_reg[5][17]/D          7.45           8.76 r        -1.31  (VIOLATED)
   y_pipe_reg[13][5]/D          7.45           8.76 f        -1.31  (VIOLATED)
   y_pipe_reg[13][6]/D          7.45           8.76 f        -1.31  (VIOLATED)
   x_pipe_reg[6][17]/D          7.45           8.75 r        -1.30  (VIOLATED)
   x_pipe_reg[6][18]/D          7.45           8.75 r        -1.30  (VIOLATED)
   x_pipe_reg[6][19]/D          7.45           8.75 r        -1.30  (VIOLATED)
   x_pipe_reg[4][19]/D          7.45           8.75 r        -1.30  (VIOLATED)
   x_pipe_reg[7][17]/D          7.45           8.75 r        -1.30  (VIOLATED)
   x_pipe_reg[7][18]/D          7.45           8.75 r        -1.30  (VIOLATED)
   x_pipe_reg[7][19]/D          7.45           8.75 r        -1.30  (VIOLATED)
   y_pipe_reg[13][17]/D         7.45           8.74 r        -1.29  (VIOLATED)
   x_pipe_reg[4][17]/D          7.45           8.74 r        -1.29  (VIOLATED)
   x_pipe_reg[4][18]/D          7.45           8.74 r        -1.29  (VIOLATED)
   y_pipe_reg[16][12]/D         7.45           8.73 r        -1.28  (VIOLATED)
   y_pipe_reg[15][13]/D         7.45           8.73 f        -1.28  (VIOLATED)
   y_pipe_reg[12][11]/D         7.45           8.73 r        -1.28  (VIOLATED)
   z_pipe_reg[3][19]/D          7.45           8.72 r        -1.27  (VIOLATED)
   y_pipe_reg[5][8]/D           7.45           8.71 f        -1.26  (VIOLATED)
   y_pipe_reg[15][12]/D         7.45           8.71 r        -1.26  (VIOLATED)
   y_pipe_reg[3][12]/D          7.45           8.70 r        -1.25  (VIOLATED)
   x_pipe_reg[5][8]/D           7.45           8.70 f        -1.25  (VIOLATED)
   y_pipe_reg[11][17]/D         7.45           8.70 r        -1.25  (VIOLATED)
   y_pipe_reg[11][18]/D         7.45           8.70 r        -1.25  (VIOLATED)
   y_pipe_reg[11][19]/D         7.45           8.70 r        -1.25  (VIOLATED)
   y_pipe_reg[12][12]/D         7.45           8.69 f        -1.24  (VIOLATED)
   z_pipe_reg[3][16]/D          7.45           8.69 f        -1.24  (VIOLATED)
   z_pipe_reg[1][15]/D          7.45           8.69 f        -1.24  (VIOLATED)
   z_pipe_reg[1][16]/D          7.45           8.69 f        -1.24  (VIOLATED)
   z_pipe_reg[1][17]/D          7.45           8.69 f        -1.24  (VIOLATED)
   z_pipe_reg[1][18]/D          7.45           8.69 f        -1.24  (VIOLATED)
   z_pipe_reg[1][19]/D          7.45           8.69 f        -1.24  (VIOLATED)
   x_pipe_reg[16][8]/D          7.45           8.69 f        -1.24  (VIOLATED)
   x_pipe_reg[8][8]/D           7.45           8.69 f        -1.24  (VIOLATED)
   y_pipe_reg[7][8]/D           7.45           8.69 f        -1.24  (VIOLATED)
   y_pipe_reg[11][8]/D          7.45           8.69 f        -1.24  (VIOLATED)
   z_pipe_reg[5][8]/D           7.45           8.68 f        -1.23  (VIOLATED)
   z_pipe_reg[4][19]/D          7.45           8.68 r        -1.23  (VIOLATED)
   x_pipe_reg[3][9]/D           7.45           8.68 r        -1.23  (VIOLATED)
   x_pipe_reg[3][10]/D          7.45           8.68 r        -1.23  (VIOLATED)
   x_pipe_reg[3][11]/D          7.45           8.68 r        -1.23  (VIOLATED)
   x_pipe_reg[3][12]/D          7.45           8.68 r        -1.23  (VIOLATED)
   x_pipe_reg[3][13]/D          7.45           8.68 r        -1.23  (VIOLATED)
   x_pipe_reg[3][14]/D          7.45           8.68 r        -1.23  (VIOLATED)
   y_pipe_reg[12][9]/D          7.45           8.68 r        -1.23  (VIOLATED)
   y_pipe_reg[12][10]/D         7.45           8.68 r        -1.23  (VIOLATED)
   y_pipe_reg[12][14]/D         7.45           8.68 r        -1.23  (VIOLATED)
   x_pipe_reg[10][12]/D         7.45           8.67 r        -1.22  (VIOLATED)
   x_pipe_reg[12][8]/D          7.45           8.67 f        -1.22  (VIOLATED)
   y_pipe_reg[13][8]/D          7.45           8.67 r        -1.22  (VIOLATED)
   z_pipe_reg[5][17]/D          7.45           8.66 r        -1.21  (VIOLATED)
   z_pipe_reg[5][18]/D          7.45           8.66 r        -1.21  (VIOLATED)
   z_pipe_reg[5][19]/D          7.45           8.66 r        -1.21  (VIOLATED)
   x_pipe_reg[9][8]/D           7.45           8.66 f        -1.21  (VIOLATED)
   x_pipe_reg[7][9]/D           7.45           8.66 r        -1.21  (VIOLATED)
   x_pipe_reg[7][10]/D          7.45           8.66 r        -1.21  (VIOLATED)
   x_pipe_reg[7][11]/D          7.45           8.66 r        -1.21  (VIOLATED)
   x_pipe_reg[7][12]/D          7.45           8.66 r        -1.21  (VIOLATED)
   x_pipe_reg[7][13]/D          7.45           8.66 r        -1.21  (VIOLATED)
   x_pipe_reg[7][14]/D          7.45           8.66 r        -1.21  (VIOLATED)
   x_pipe_reg[13][5]/D          7.45           8.66 f        -1.21  (VIOLATED)
   x_pipe_reg[13][6]/D          7.45           8.66 f        -1.21  (VIOLATED)
   y_pipe_reg[10][12]/D         7.45           8.65 r        -1.20  (VIOLATED)
   y_pipe_reg[9][15]/D          7.45           8.64 r        -1.19  (VIOLATED)
   x_pipe_reg[6][9]/D           7.45           8.64 r        -1.19  (VIOLATED)
   x_pipe_reg[6][10]/D          7.45           8.64 r        -1.19  (VIOLATED)
   x_pipe_reg[6][11]/D          7.45           8.64 r        -1.19  (VIOLATED)
   x_pipe_reg[6][12]/D          7.45           8.64 r        -1.19  (VIOLATED)
   x_pipe_reg[6][13]/D          7.45           8.64 r        -1.19  (VIOLATED)
   x_pipe_reg[6][14]/D          7.45           8.64 r        -1.19  (VIOLATED)
   y_pipe_reg[10][15]/D         7.45           8.64 r        -1.19  (VIOLATED)
   y_pipe_reg[9][12]/D          7.45           8.63 r        -1.18  (VIOLATED)
   x_pipe_reg[13][17]/D         7.45           8.63 f        -1.18  (VIOLATED)
   x_pipe_reg[5][15]/D          7.45           8.62 f        -1.17  (VIOLATED)
   y_pipe_reg[5][15]/D          7.45           8.62 f        -1.17  (VIOLATED)
   z_pipe_reg[12][13]/D         7.45           8.62 f        -1.17  (VIOLATED)
   y_pipe_reg[6][9]/D           7.45           8.62 r        -1.17  (VIOLATED)
   y_pipe_reg[6][10]/D          7.45           8.62 r        -1.17  (VIOLATED)
   y_pipe_reg[6][11]/D          7.45           8.62 r        -1.17  (VIOLATED)
   y_pipe_reg[6][12]/D          7.45           8.62 r        -1.17  (VIOLATED)
   y_pipe_reg[6][13]/D          7.45           8.62 r        -1.17  (VIOLATED)
   y_pipe_reg[6][14]/D          7.45           8.62 r        -1.17  (VIOLATED)
   x_pipe_reg[13][8]/D          7.45           8.62 r        -1.17  (VIOLATED)
   y_pipe_reg[15][8]/D          7.45           8.61 f        -1.16  (VIOLATED)
   x_pipe_reg[4][9]/D           7.45           8.61 r        -1.16  (VIOLATED)
   x_pipe_reg[4][10]/D          7.45           8.61 r        -1.16  (VIOLATED)
   x_pipe_reg[4][11]/D          7.45           8.61 r        -1.16  (VIOLATED)
   x_pipe_reg[4][12]/D          7.45           8.61 r        -1.16  (VIOLATED)
   x_pipe_reg[4][13]/D          7.45           8.61 r        -1.16  (VIOLATED)
   x_pipe_reg[4][14]/D          7.45           8.61 r        -1.16  (VIOLATED)
   x_pipe_reg[3][7]/D           7.45           8.60 f        -1.15  (VIOLATED)
   x_pipe_reg[4][7]/D           7.45           8.60 r        -1.15  (VIOLATED)
   y_pipe_reg[16][8]/D          7.45           8.60 f        -1.15  (VIOLATED)
   z_pipe_reg[5][16]/D          7.45           8.60 f        -1.15  (VIOLATED)
   y_pipe_reg[2][8]/D           7.45           8.59 r        -1.14  (VIOLATED)
   y_pipe_reg[3][9]/D           7.45           8.59 r        -1.14  (VIOLATED)
   y_pipe_reg[3][10]/D          7.45           8.59 r        -1.14  (VIOLATED)
   y_pipe_reg[3][11]/D          7.45           8.59 r        -1.14  (VIOLATED)
   y_pipe_reg[3][13]/D          7.45           8.59 r        -1.14  (VIOLATED)
   y_pipe_reg[3][14]/D          7.45           8.59 r        -1.14  (VIOLATED)
   z_pipe_reg[9][16]/D          7.45           8.59 f        -1.14  (VIOLATED)
   y_pipe_reg[15][7]/D          7.45           8.56 r        -1.11  (VIOLATED)
   y_pipe_reg[15][9]/D          7.45           8.56 r        -1.11  (VIOLATED)
   y_pipe_reg[15][10]/D         7.45           8.56 r        -1.11  (VIOLATED)
   y_pipe_reg[15][11]/D         7.45           8.56 r        -1.11  (VIOLATED)
   x_pipe_reg[16][14]/D         7.45           8.56 r        -1.11  (VIOLATED)
   y_pipe_reg[9][9]/D           7.45           8.55 r        -1.10  (VIOLATED)
   y_pipe_reg[9][10]/D          7.45           8.55 r        -1.10  (VIOLATED)
   y_pipe_reg[9][11]/D          7.45           8.55 r        -1.10  (VIOLATED)
   y_pipe_reg[9][13]/D          7.45           8.55 r        -1.10  (VIOLATED)
   y_pipe_reg[9][14]/D          7.45           8.55 r        -1.10  (VIOLATED)
   y_pipe_reg[10][9]/D          7.45           8.55 r        -1.10  (VIOLATED)
   y_pipe_reg[10][10]/D         7.45           8.55 r        -1.10  (VIOLATED)
   y_pipe_reg[10][11]/D         7.45           8.55 r        -1.10  (VIOLATED)
   y_pipe_reg[10][13]/D         7.45           8.55 r        -1.10  (VIOLATED)
   y_pipe_reg[10][14]/D         7.45           8.55 r        -1.10  (VIOLATED)
   x_pipe_reg[5][12]/D          7.45           8.55 r        -1.10  (VIOLATED)
   z_pipe_reg[1][13]/D          7.45           8.55 f        -1.10  (VIOLATED)
   z_pipe_reg[1][14]/D          7.45           8.55 f        -1.10  (VIOLATED)
   z_pipe_reg[4][10]/D          7.45           8.54 r        -1.09  (VIOLATED)
   z_pipe_reg[4][11]/D          7.45           8.54 r        -1.09  (VIOLATED)
   z_pipe_reg[4][12]/D          7.45           8.54 r        -1.09  (VIOLATED)
   z_pipe_reg[4][13]/D          7.45           8.54 r        -1.09  (VIOLATED)
   z_pipe_reg[4][14]/D          7.45           8.54 r        -1.09  (VIOLATED)
   z_pipe_reg[4][15]/D          7.45           8.54 r        -1.09  (VIOLATED)
   z_pipe_reg[6][17]/D          7.45           8.53 r        -1.08  (VIOLATED)
   z_pipe_reg[6][18]/D          7.45           8.53 r        -1.08  (VIOLATED)
   z_pipe_reg[6][19]/D          7.45           8.53 r        -1.08  (VIOLATED)
   y_pipe_reg[5][12]/D          7.45           8.51 r        -1.06  (VIOLATED)
   x_pipe_reg[10][9]/D          7.45           8.50 r        -1.05  (VIOLATED)
   x_pipe_reg[10][10]/D         7.45           8.50 r        -1.05  (VIOLATED)
   x_pipe_reg[10][11]/D         7.45           8.50 r        -1.05  (VIOLATED)
   x_pipe_reg[10][13]/D         7.45           8.50 r        -1.05  (VIOLATED)
   x_pipe_reg[10][14]/D         7.45           8.50 r        -1.05  (VIOLATED)
   y_pipe_reg[2][10]/D          7.45           8.50 r        -1.05  (VIOLATED)
   y_pipe_reg[2][11]/D          7.45           8.50 r        -1.05  (VIOLATED)
   y_pipe_reg[2][12]/D          7.45           8.50 r        -1.05  (VIOLATED)
   y_pipe_reg[2][13]/D          7.45           8.50 r        -1.05  (VIOLATED)
   y_pipe_reg[2][14]/D          7.45           8.50 r        -1.05  (VIOLATED)
   x_pipe_reg[9][14]/D          7.45           8.50 r        -1.05  (VIOLATED)
   z_pipe_reg[2][18]/D          7.45           8.49 r        -1.04  (VIOLATED)
   z_pipe_reg[4][18]/D          7.45           8.49 r        -1.04  (VIOLATED)
   y_pipe_reg[16][11]/D         7.45           8.49 r        -1.04  (VIOLATED)
   x_pipe_reg[9][15]/D          7.45           8.49 r        -1.04  (VIOLATED)
   z_pipe_reg[11][14]/D         7.45           8.48 f        -1.03  (VIOLATED)
   z_pipe_reg[2][10]/D          7.45           8.46 r        -1.01  (VIOLATED)
   z_pipe_reg[2][11]/D          7.45           8.46 r        -1.01  (VIOLATED)
   z_pipe_reg[2][12]/D          7.45           8.46 r        -1.01  (VIOLATED)
   z_pipe_reg[2][13]/D          7.45           8.46 r        -1.01  (VIOLATED)
   z_pipe_reg[2][14]/D          7.45           8.46 r        -1.01  (VIOLATED)
   z_pipe_reg[2][15]/D          7.45           8.46 r        -1.01  (VIOLATED)
   y_pipe_reg[3][7]/D           7.45           8.46 r        -1.01  (VIOLATED)
   y_pipe_reg[4][7]/D           7.45           8.46 r        -1.01  (VIOLATED)
   z_pipe_reg[3][8]/D           7.45           8.45 f        -1.00  (VIOLATED)
   y_pipe_reg[16][13]/D         7.45           8.43 f        -0.98  (VIOLATED)
   y_pipe_reg[16][14]/D         7.45           8.43 f        -0.98  (VIOLATED)
   x_pipe_reg[9][12]/D          7.45           8.43 r        -0.98  (VIOLATED)
   x_pipe_reg[12][13]/D         7.45           8.42 f        -0.97  (VIOLATED)
   x_pipe_reg[12][14]/D         7.45           8.42 f        -0.97  (VIOLATED)
   x_pipe_reg[4][15]/D          7.45           8.41 r        -0.96  (VIOLATED)
   y_pipe_reg[5][9]/D           7.45           8.41 r        -0.96  (VIOLATED)
   y_pipe_reg[5][10]/D          7.45           8.41 r        -0.96  (VIOLATED)
   y_pipe_reg[5][11]/D          7.45           8.41 r        -0.96  (VIOLATED)
   y_pipe_reg[5][13]/D          7.45           8.41 r        -0.96  (VIOLATED)
   y_pipe_reg[5][14]/D          7.45           8.41 r        -0.96  (VIOLATED)
   x_pipe_reg[12][11]/D         7.45           8.41 r        -0.96  (VIOLATED)
   x_pipe_reg[5][9]/D           7.45           8.40 r        -0.95  (VIOLATED)
   x_pipe_reg[5][10]/D          7.45           8.40 r        -0.95  (VIOLATED)
   x_pipe_reg[5][11]/D          7.45           8.40 r        -0.95  (VIOLATED)
   x_pipe_reg[5][13]/D          7.45           8.40 r        -0.95  (VIOLATED)
   x_pipe_reg[5][14]/D          7.45           8.40 r        -0.95  (VIOLATED)
   y_pipe_reg[16][7]/D          7.45           8.40 f        -0.95  (VIOLATED)
   x_pipe_reg[14][8]/D          7.45           8.40 r        -0.95  (VIOLATED)
   z_pipe_reg[3][17]/D          7.45           8.39 r        -0.94  (VIOLATED)
   z_pipe_reg[3][18]/D          7.45           8.39 r        -0.94  (VIOLATED)
   x_pipe_reg[12][12]/D         7.45           8.39 r        -0.94  (VIOLATED)
   x_pipe_reg[9][9]/D           7.45           8.39 r        -0.94  (VIOLATED)
   x_pipe_reg[9][10]/D          7.45           8.39 r        -0.94  (VIOLATED)
   x_pipe_reg[9][11]/D          7.45           8.39 r        -0.94  (VIOLATED)
   x_pipe_reg[9][13]/D          7.45           8.39 r        -0.94  (VIOLATED)
   x_pipe_reg[12][9]/D          7.45           8.39 r        -0.94  (VIOLATED)
   x_pipe_reg[12][10]/D         7.45           8.39 r        -0.94  (VIOLATED)
   z_pipe_reg[5][9]/D           7.45           8.38 r        -0.93  (VIOLATED)
   z_pipe_reg[5][10]/D          7.45           8.38 r        -0.93  (VIOLATED)
   z_pipe_reg[5][11]/D          7.45           8.38 r        -0.93  (VIOLATED)
   z_pipe_reg[5][12]/D          7.45           8.38 r        -0.93  (VIOLATED)
   z_pipe_reg[5][13]/D          7.45           8.38 r        -0.93  (VIOLATED)
   z_pipe_reg[5][14]/D          7.45           8.38 r        -0.93  (VIOLATED)
   y_pipe_reg[7][15]/D          7.45           8.36 f        -0.91  (VIOLATED)
   y_pipe_reg[16][9]/D          7.45           8.33 r        -0.88  (VIOLATED)
   y_pipe_reg[16][10]/D         7.45           8.33 r        -0.88  (VIOLATED)
   z_pipe_reg[6][8]/D           7.45           8.33 f        -0.88  (VIOLATED)
   z_pipe_reg[12][14]/D         7.45           8.32 r        -0.87  (VIOLATED)
   z_pipe_reg[12][15]/D         7.45           8.32 r        -0.87  (VIOLATED)
   z_pipe_reg[12][16]/D         7.45           8.32 r        -0.87  (VIOLATED)
   z_pipe_reg[12][17]/D         7.45           8.32 r        -0.87  (VIOLATED)
   z_pipe_reg[12][18]/D         7.45           8.32 r        -0.87  (VIOLATED)
   x_pipe_reg[2][11]/D          7.45           8.30 r        -0.85  (VIOLATED)
   x_pipe_reg[3][15]/D          7.45           8.30 f        -0.85  (VIOLATED)
   y_pipe_reg[3][4]/D           7.45           8.29 f        -0.84  (VIOLATED)
   z_pipe_reg[9][17]/D          7.45           8.29 r        -0.84  (VIOLATED)
   z_pipe_reg[9][18]/D          7.45           8.29 r        -0.84  (VIOLATED)
   z_pipe_reg[8][17]/D          7.45           8.27 f        -0.82  (VIOLATED)
   y_pipe_reg[8][4]/D           7.45           8.27 f        -0.82  (VIOLATED)
   z_pipe_reg[1][12]/D          7.45           8.24 f        -0.79  (VIOLATED)
   x_pipe_reg[12][4]/D          7.45           8.24 f        -0.79  (VIOLATED)
   z_pipe_reg[6][12]/D          7.45           8.23 r        -0.78  (VIOLATED)
   y_pipe_reg[8][7]/D           7.45           8.22 f        -0.77  (VIOLATED)
   y_pipe_reg[10][4]/D          7.45           8.22 f        -0.77  (VIOLATED)
   y_pipe_reg[12][4]/D          7.45           8.21 f        -0.76  (VIOLATED)
   x_pipe_reg[10][15]/D         7.45           8.21 f        -0.76  (VIOLATED)
   y_pipe_reg[12][7]/D          7.45           8.21 f        -0.76  (VIOLATED)
   x_pipe_reg[6][15]/D          7.45           8.19 f        -0.74  (VIOLATED)
   z_pipe_reg[10][15]/D         7.45           8.18 f        -0.73  (VIOLATED)
   z_pipe_reg[11][15]/D         7.45           8.18 r        -0.73  (VIOLATED)
   z_pipe_reg[11][16]/D         7.45           8.18 r        -0.73  (VIOLATED)
   z_pipe_reg[11][17]/D         7.45           8.18 r        -0.73  (VIOLATED)
   z_pipe_reg[11][18]/D         7.45           8.18 r        -0.73  (VIOLATED)
   z_pipe_reg[11][19]/D         7.45           8.18 r        -0.73  (VIOLATED)
   z_pipe_reg[3][9]/D           7.45           8.15 r        -0.70  (VIOLATED)
   z_pipe_reg[3][10]/D          7.45           8.15 r        -0.70  (VIOLATED)
   z_pipe_reg[3][11]/D          7.45           8.15 r        -0.70  (VIOLATED)
   z_pipe_reg[3][12]/D          7.45           8.15 r        -0.70  (VIOLATED)
   z_pipe_reg[3][13]/D          7.45           8.15 r        -0.70  (VIOLATED)
   z_pipe_reg[3][14]/D          7.45           8.15 r        -0.70  (VIOLATED)
   y_pipe_reg[3][15]/D          7.45           8.13 f        -0.68  (VIOLATED)
   x_pipe_reg[8][4]/D           7.45           8.13 f        -0.68  (VIOLATED)
   y_pipe_reg[11][4]/D          7.45           8.12 f        -0.67  (VIOLATED)
   y_pipe_reg[5][4]/D           7.45           8.11 f        -0.66  (VIOLATED)
   x_pipe_reg[3][4]/D           7.45           8.10 f        -0.65  (VIOLATED)
   y_pipe_reg[4][4]/D           7.45           8.10 f        -0.65  (VIOLATED)
   y_pipe_reg[9][4]/D           7.45           8.07 f        -0.62  (VIOLATED)
   y_pipe_reg[6][15]/D          7.45           8.07 f        -0.62  (VIOLATED)
   x_pipe_reg[15][6]/D          7.45           8.07 f        -0.62  (VIOLATED)
   y_pipe_reg[15][4]/D          7.45           8.07 f        -0.62  (VIOLATED)
   y_pipe_reg[5][7]/D           7.45           8.06 r        -0.61  (VIOLATED)
   x_pipe_reg[16][4]/D          7.45           8.04 f        -0.59  (VIOLATED)
   z_pipe_reg[6][9]/D           7.45           8.03 r        -0.58  (VIOLATED)
   z_pipe_reg[6][10]/D          7.45           8.03 r        -0.58  (VIOLATED)
   z_pipe_reg[6][11]/D          7.45           8.03 r        -0.58  (VIOLATED)
   z_pipe_reg[6][13]/D          7.45           8.03 r        -0.58  (VIOLATED)
   z_pipe_reg[6][14]/D          7.45           8.03 r        -0.58  (VIOLATED)
   y_pipe_reg[6][4]/D           7.45           8.01 f        -0.56  (VIOLATED)
   x_pipe_reg[5][4]/D           7.45           8.00 f        -0.55  (VIOLATED)
   x_pipe_reg[11][4]/D          7.45           8.00 f        -0.55  (VIOLATED)
   x_pipe_reg[6][4]/D           7.45           8.00 f        -0.55  (VIOLATED)
   y_pipe_reg[3][5]/D           7.45           7.99 r        -0.54  (VIOLATED)
   y_pipe_reg[3][6]/D           7.45           7.99 r        -0.54  (VIOLATED)
   y_pipe_reg[4][8]/D           7.45           7.98 f        -0.53  (VIOLATED)
   z_pipe_reg[8][18]/D          7.45           7.97 r        -0.52  (VIOLATED)
   z_pipe_reg[8][19]/D          7.45           7.97 r        -0.52  (VIOLATED)
   x_pipe_reg[3][8]/D           7.45           7.97 f        -0.52  (VIOLATED)
   y_pipe_reg[8][5]/D           7.45           7.97 r        -0.52  (VIOLATED)
   y_pipe_reg[8][6]/D           7.45           7.97 r        -0.52  (VIOLATED)
   y_pipe_reg[14][4]/D          7.45           7.96 f        -0.51  (VIOLATED)
   x_pipe_reg[4][4]/D           7.45           7.95 f        -0.50  (VIOLATED)
   x_pipe_reg[8][7]/D           7.45           7.95 f        -0.50  (VIOLATED)
   x_pipe_reg[10][4]/D          7.45           7.94 f        -0.49  (VIOLATED)
   x_pipe_reg[4][3]/D           7.45           7.94 r        -0.49  (VIOLATED)
   y_pipe_reg[4][3]/D           7.45           7.94 r        -0.49  (VIOLATED)
   x_pipe_reg[14][4]/D          7.45           7.94 f        -0.49  (VIOLATED)
   x_pipe_reg[12][5]/D          7.45           7.94 r        -0.49  (VIOLATED)
   x_pipe_reg[12][6]/D          7.45           7.94 r        -0.49  (VIOLATED)
   y_pipe_reg[13][4]/D          7.45           7.93 f        -0.48  (VIOLATED)
   x_pipe_reg[7][15]/D          7.45           7.92 f        -0.47  (VIOLATED)
   y_pipe_reg[10][5]/D          7.45           7.92 r        -0.47  (VIOLATED)
   y_pipe_reg[10][6]/D          7.45           7.92 r        -0.47  (VIOLATED)
   x_pipe_reg[12][7]/D          7.45           7.91 r        -0.46  (VIOLATED)
   x_pipe_reg[9][7]/D           7.45           7.91 r        -0.46  (VIOLATED)
   x_pipe_reg[10][7]/D          7.45           7.91 r        -0.46  (VIOLATED)
   x_pipe_reg[11][7]/D          7.45           7.91 r        -0.46  (VIOLATED)
   y_pipe_reg[9][7]/D           7.45           7.91 r        -0.46  (VIOLATED)
   y_pipe_reg[10][7]/D          7.45           7.91 r        -0.46  (VIOLATED)
   y_pipe_reg[12][5]/D          7.45           7.91 r        -0.46  (VIOLATED)
   y_pipe_reg[12][6]/D          7.45           7.91 r        -0.46  (VIOLATED)
   x_pipe_reg[2][12]/D          7.45           7.89 f        -0.44  (VIOLATED)
   z_pipe_reg[10][16]/D         7.45           7.88 r        -0.43  (VIOLATED)
   z_pipe_reg[10][17]/D         7.45           7.88 r        -0.43  (VIOLATED)
   z_pipe_reg[10][18]/D         7.45           7.88 r        -0.43  (VIOLATED)
   z_pipe_reg[10][19]/D         7.45           7.88 r        -0.43  (VIOLATED)
   x_pipe_reg[6][7]/D           7.45           7.88 r        -0.43  (VIOLATED)
   y_pipe_reg[2][5]/D           7.45           7.87 f        -0.42  (VIOLATED)
   y_pipe_reg[7][7]/D           7.45           7.86 f        -0.41  (VIOLATED)
   x_pipe_reg[9][4]/D           7.45           7.85 f        -0.40  (VIOLATED)
   z_pipe_reg[14][12]/D         7.45           7.84 f        -0.39  (VIOLATED)
   z_pipe_reg[14][13]/D         7.45           7.84 f        -0.39  (VIOLATED)
   z_pipe_reg[14][14]/D         7.45           7.84 f        -0.39  (VIOLATED)
   z_pipe_reg[14][15]/D         7.45           7.84 f        -0.39  (VIOLATED)
   z_pipe_reg[14][16]/D         7.45           7.84 f        -0.39  (VIOLATED)
   z_pipe_reg[14][17]/D         7.45           7.84 f        -0.39  (VIOLATED)
   z_pipe_reg[14][18]/D         7.45           7.84 f        -0.39  (VIOLATED)
   z_pipe_reg[14][19]/D         7.45           7.84 f        -0.39  (VIOLATED)
   x_pipe_reg[13][4]/D          7.45           7.83 f        -0.38  (VIOLATED)
   y_pipe_reg[6][5]/D           7.45           7.83 r        -0.38  (VIOLATED)
   x_pipe_reg[8][5]/D           7.45           7.83 r        -0.38  (VIOLATED)
   x_pipe_reg[8][6]/D           7.45           7.83 r        -0.38  (VIOLATED)
   y_pipe_reg[11][5]/D          7.45           7.82 r        -0.37  (VIOLATED)
   y_pipe_reg[11][6]/D          7.45           7.82 r        -0.37  (VIOLATED)
   y_pipe_reg[5][5]/D           7.45           7.81 r        -0.36  (VIOLATED)
   y_pipe_reg[5][6]/D           7.45           7.81 r        -0.36  (VIOLATED)
   y_pipe_reg[4][15]/D          7.45           7.81 f        -0.36  (VIOLATED)
   x_pipe_reg[3][5]/D           7.45           7.80 r        -0.35  (VIOLATED)
   x_pipe_reg[3][6]/D           7.45           7.80 r        -0.35  (VIOLATED)
   y_pipe_reg[4][5]/D           7.45           7.80 r        -0.35  (VIOLATED)
   y_pipe_reg[4][6]/D           7.45           7.80 r        -0.35  (VIOLATED)
   y_pipe_reg[6][7]/D           7.45           7.80 r        -0.35  (VIOLATED)
   z_pipe_reg[5][15]/D          7.45           7.79 r        -0.34  (VIOLATED)
   x_pipe_reg[3][3]/D           7.45           7.79 f        -0.34  (VIOLATED)
   x_pipe_reg[7][7]/D           7.45           7.78 f        -0.33  (VIOLATED)
   y_pipe_reg[11][7]/D          7.45           7.77 f        -0.32  (VIOLATED)
   y_pipe_reg[9][5]/D           7.45           7.77 r        -0.32  (VIOLATED)
   y_pipe_reg[9][6]/D           7.45           7.77 r        -0.32  (VIOLATED)
   y_pipe_reg[2][7]/D           7.45           7.77 r        -0.32  (VIOLATED)
   y_pipe_reg[15][5]/D          7.45           7.77 r        -0.32  (VIOLATED)
   y_pipe_reg[16][4]/D          7.45           7.76 f        -0.31  (VIOLATED)
   x_pipe_reg[16][5]/D          7.45           7.74 r        -0.29  (VIOLATED)
   x_pipe_reg[16][6]/D          7.45           7.74 r        -0.29  (VIOLATED)
   y_pipe_reg[2][4]/D           7.45           7.72 f        -0.27  (VIOLATED)
   y_pipe_reg[6][6]/D           7.45           7.71 r        -0.26  (VIOLATED)
   z_pipe_reg[12][19]/D         7.45           7.71 f        -0.26  (VIOLATED)
   x_pipe_reg[5][7]/D           7.45           7.70 f        -0.25  (VIOLATED)
   x_pipe_reg[5][5]/D           7.45           7.70 r        -0.25  (VIOLATED)
   x_pipe_reg[5][6]/D           7.45           7.70 r        -0.25  (VIOLATED)
   x_pipe_reg[11][5]/D          7.45           7.70 r        -0.25  (VIOLATED)
   x_pipe_reg[11][6]/D          7.45           7.70 r        -0.25  (VIOLATED)
   x_pipe_reg[6][5]/D           7.45           7.70 r        -0.25  (VIOLATED)
   x_pipe_reg[6][6]/D           7.45           7.70 r        -0.25  (VIOLATED)
   x_pipe_reg[2][4]/D           7.45           7.69 f        -0.24  (VIOLATED)
   x_pipe_reg[2][13]/D          7.45           7.68 r        -0.23  (VIOLATED)
   x_pipe_reg[12][3]/D          7.45           7.68 f        -0.23  (VIOLATED)
   z_pipe_reg[9][19]/D          7.45           7.68 f        -0.23  (VIOLATED)
   x_pipe_reg[4][5]/D           7.45           7.65 r        -0.20  (VIOLATED)
   x_pipe_reg[4][6]/D           7.45           7.65 r        -0.20  (VIOLATED)
   y_pipe_reg[7][3]/D           7.45           7.64 f        -0.19  (VIOLATED)
   x_pipe_reg[10][5]/D          7.45           7.64 r        -0.19  (VIOLATED)
   x_pipe_reg[10][6]/D          7.45           7.64 r        -0.19  (VIOLATED)
   z_pipe_reg[14][11]/D         7.45           7.63 f        -0.18  (VIOLATED)
   z_pipe_reg[13][16]/D         7.45           7.62 f        -0.17  (VIOLATED)
   x_pipe_reg[2][14]/D          7.45           7.59 r        -0.14  (VIOLATED)
   y_pipe_reg[2][6]/D           7.45           7.57 r        -0.12  (VIOLATED)
   x_pipe_reg[15][4]/D          7.45           7.57 f        -0.12  (VIOLATED)
   x_pipe_reg[15][5]/D          7.45           7.56 r        -0.11  (VIOLATED)
   y_pipe_reg[7][4]/D           7.45           7.56 f        -0.11  (VIOLATED)
   y_pipe_reg[12][3]/D          7.45           7.56 f        -0.11  (VIOLATED)
   z_pipe_reg[13][13]/D         7.45           7.56 f        -0.11  (VIOLATED)
   z_pipe_reg[13][14]/D         7.45           7.56 f        -0.11  (VIOLATED)
   z_pipe_reg[13][15]/D         7.45           7.56 f        -0.11  (VIOLATED)
   z_pipe_reg[13][17]/D         7.45           7.56 f        -0.11  (VIOLATED)
   z_pipe_reg[13][18]/D         7.45           7.56 f        -0.11  (VIOLATED)
   z_pipe_reg[13][19]/D         7.45           7.56 f        -0.11  (VIOLATED)
   x_pipe_reg[9][5]/D           7.45           7.55 r        -0.10  (VIOLATED)
   x_pipe_reg[9][6]/D           7.45           7.55 r        -0.10  (VIOLATED)
   z_pipe_reg[7][18]/D          7.45           7.55 f        -0.10  (VIOLATED)
   x_pipe_reg[16][3]/D          7.45           7.54 f        -0.09  (VIOLATED)
   y_pipe_reg[15][3]/D          7.45           7.54 f        -0.09  (VIOLATED)
   y_pipe_reg[16][3]/D          7.45           7.54 f        -0.09  (VIOLATED)
   x_pipe_reg[9][3]/D           7.45           7.51 f        -0.06  (VIOLATED)
   z_pipe_reg[6][15]/D          7.45           7.50 f        -0.05  (VIOLATED)
   y_pipe_reg[16][6]/D          7.45           7.49 f        -0.04  (VIOLATED)
   cos_out[0]                   7.30           7.33 f        -0.03  (VIOLATED)
   cos_out[1]                   7.30           7.33 f        -0.03  (VIOLATED)
   cos_out[2]                   7.30           7.33 f        -0.03  (VIOLATED)
   cos_out[3]                   7.30           7.33 f        -0.03  (VIOLATED)
   cos_out[4]                   7.30           7.33 f        -0.03  (VIOLATED)
   cos_out[5]                   7.30           7.33 f        -0.03  (VIOLATED)
   cos_out[6]                   7.30           7.33 f        -0.03  (VIOLATED)
   cos_out[7]                   7.30           7.33 f        -0.03  (VIOLATED)
   cos_out[8]                   7.30           7.33 f        -0.03  (VIOLATED)
   cos_out[9]                   7.30           7.33 f        -0.03  (VIOLATED)
   cos_out[10]                  7.30           7.33 f        -0.03  (VIOLATED)
   cos_out[11]                  7.30           7.33 f        -0.03  (VIOLATED)
   cos_out[12]                  7.30           7.33 f        -0.03  (VIOLATED)
   cos_out[13]                  7.30           7.33 f        -0.03  (VIOLATED)
   cos_out[14]                  7.30           7.33 f        -0.03  (VIOLATED)
   sin_out[0]                   7.30           7.33 f        -0.03  (VIOLATED)
   sin_out[1]                   7.30           7.33 f        -0.03  (VIOLATED)
   sin_out[2]                   7.30           7.33 f        -0.03  (VIOLATED)
   sin_out[3]                   7.30           7.33 f        -0.03  (VIOLATED)
   sin_out[4]                   7.30           7.33 f        -0.03  (VIOLATED)
   sin_out[5]                   7.30           7.33 f        -0.03  (VIOLATED)
   sin_out[6]                   7.30           7.33 f        -0.03  (VIOLATED)
   sin_out[7]                   7.30           7.33 f        -0.03  (VIOLATED)
   sin_out[8]                   7.30           7.33 f        -0.03  (VIOLATED)
   sin_out[9]                   7.30           7.33 f        -0.03  (VIOLATED)
   sin_out[10]                  7.30           7.33 f        -0.03  (VIOLATED)
   sin_out[11]                  7.30           7.33 f        -0.03  (VIOLATED)
   sin_out[12]                  7.30           7.33 f        -0.03  (VIOLATED)
   sin_out[13]                  7.30           7.33 f        -0.03  (VIOLATED)
   sin_out[14]                  7.30           7.33 f        -0.03  (VIOLATED)
   z_pipe_reg[2][16]/D          7.45           7.47 r        -0.02  (VIOLATED)
   z_pipe_reg[4][16]/D          7.45           7.47 r        -0.02  (VIOLATED)
   x_pipe_reg[7][4]/D           7.45           7.46 f        -0.01  (VIOLATED)
   y_pipe_reg[16][5]/D          7.45           7.46 r        -0.01  (VIOLATED)
   z_pipe_reg[4][8]/D           7.45           7.46 f        -0.01  (VIOLATED)
   x_pipe_reg[2][8]/D           7.45           7.45 f         0.00  (VIOLATED: increase significant digits)


1
