 
****************************************
Report : constraint
        -all_violators
Design : cordic_pipelined
Version: W-2024.09-SP2
Date   : Thu Apr 30 16:53:25 2026
****************************************


   max_delay/setup ('clk' group)

                             Required        Actual
   Endpoint                 Path Delay     Path Delay        Slack
   -----------------------------------------------------------------
   y_pipe_reg[13][17]/D         4.45           8.86 r        -4.41  (VIOLATED)
   y_pipe_reg[13][19]/D         4.45           8.86 r        -4.41  (VIOLATED)
   x_pipe_reg[14][17]/D         4.45           8.85 r        -4.40  (VIOLATED)
   x_pipe_reg[14][19]/D         4.45           8.85 r        -4.40  (VIOLATED)
   x_pipe_reg[12][15]/D         4.45           8.85 r        -4.40  (VIOLATED)
   x_pipe_reg[14][15]/D         4.45           8.85 r        -4.40  (VIOLATED)
   y_pipe_reg[14][19]/D         4.45           8.84 r        -4.39  (VIOLATED)
   y_pipe_reg[13][14]/D         4.45           8.84 r        -4.39  (VIOLATED)
   x_pipe_reg[16][15]/D         4.45           8.83 r        -4.38  (VIOLATED)
   y_pipe_reg[13][9]/D          4.45           8.82 f        -4.37  (VIOLATED)
   y_pipe_reg[13][12]/D         4.45           8.82 f        -4.37  (VIOLATED)
   x_pipe_reg[9][16]/D          4.45           8.82 r        -4.37  (VIOLATED)
   x_pipe_reg[10][16]/D         4.45           8.82 r        -4.37  (VIOLATED)
   y_pipe_reg[10][16]/D         4.45           8.82 r        -4.37  (VIOLATED)
   y_pipe_reg[12][16]/D         4.45           8.82 r        -4.37  (VIOLATED)
   y_pipe_reg[13][11]/D         4.45           8.81 f        -4.36  (VIOLATED)
   y_pipe_reg[13][13]/D         4.45           8.81 f        -4.36  (VIOLATED)
   y_pipe_reg[14][15]/D         4.45           8.81 r        -4.36  (VIOLATED)
   y_pipe_reg[14][9]/D          4.45           8.81 f        -4.36  (VIOLATED)
   y_pipe_reg[14][10]/D         4.45           8.81 f        -4.36  (VIOLATED)
   y_pipe_reg[14][13]/D         4.45           8.81 f        -4.36  (VIOLATED)
   x_pipe_reg[5][17]/D          4.45           8.81 r        -4.36  (VIOLATED)
   x_pipe_reg[5][19]/D          4.45           8.81 r        -4.36  (VIOLATED)
   x_pipe_reg[15][16]/D         4.45           8.80 r        -4.35  (VIOLATED)
   x_pipe_reg[13][9]/D          4.45           8.80 f        -4.35  (VIOLATED)
   x_pipe_reg[13][10]/D         4.45           8.80 f        -4.35  (VIOLATED)
   x_pipe_reg[13][11]/D         4.45           8.80 f        -4.35  (VIOLATED)
   x_pipe_reg[13][12]/D         4.45           8.80 f        -4.35  (VIOLATED)
   x_pipe_reg[12][16]/D         4.45           8.80 f        -4.35  (VIOLATED)
   x_pipe_reg[12][17]/D         4.45           8.80 f        -4.35  (VIOLATED)
   x_pipe_reg[14][18]/D         4.45           8.80 f        -4.35  (VIOLATED)
   y_pipe_reg[14][11]/D         4.45           8.79 f        -4.34  (VIOLATED)
   y_pipe_reg[14][12]/D         4.45           8.79 f        -4.34  (VIOLATED)
   y_pipe_reg[12][15]/D         4.45           8.79 r        -4.34  (VIOLATED)
   y_pipe_reg[3][17]/D          4.45           8.79 r        -4.34  (VIOLATED)
   y_pipe_reg[3][18]/D          4.45           8.79 r        -4.34  (VIOLATED)
   y_pipe_reg[3][19]/D          4.45           8.79 r        -4.34  (VIOLATED)
   x_pipe_reg[13][13]/D         4.45           8.79 f        -4.34  (VIOLATED)
   x_pipe_reg[11][19]/D         4.45           8.79 r        -4.34  (VIOLATED)
   y_pipe_reg[5][16]/D          4.45           8.78 r        -4.33  (VIOLATED)
   y_pipe_reg[11][16]/D         4.45           8.78 r        -4.33  (VIOLATED)
   y_pipe_reg[16][16]/D         4.45           8.78 r        -4.33  (VIOLATED)
   y_pipe_reg[7][8]/D           4.45           8.76 f        -4.31  (VIOLATED)
   y_pipe_reg[14][18]/D         4.45           8.76 f        -4.31  (VIOLATED)
   x_pipe_reg[8][16]/D          4.45           8.76 r        -4.31  (VIOLATED)
   z_pipe_reg[6][16]/D          4.45           8.76 f        -4.31  (VIOLATED)
   x_pipe_reg[6][16]/D          4.45           8.75 r        -4.30  (VIOLATED)
   x_pipe_reg[3][17]/D          4.45           8.75 r        -4.30  (VIOLATED)
   x_pipe_reg[3][18]/D          4.45           8.75 r        -4.30  (VIOLATED)
   x_pipe_reg[3][19]/D          4.45           8.75 r        -4.30  (VIOLATED)
   y_pipe_reg[6][16]/D          4.45           8.75 r        -4.30  (VIOLATED)
   y_pipe_reg[7][16]/D          4.45           8.75 r        -4.30  (VIOLATED)
   x_pipe_reg[5][16]/D          4.45           8.75 r        -4.30  (VIOLATED)
   x_pipe_reg[16][17]/D         4.45           8.75 r        -4.30  (VIOLATED)
   x_pipe_reg[16][18]/D         4.45           8.75 r        -4.30  (VIOLATED)
   y_pipe_reg[9][16]/D          4.45           8.75 r        -4.30  (VIOLATED)
   y_pipe_reg[13][16]/D         4.45           8.75 r        -4.30  (VIOLATED)
   y_pipe_reg[11][19]/D         4.45           8.75 f        -4.30  (VIOLATED)
   x_pipe_reg[15][14]/D         4.45           8.75 r        -4.30  (VIOLATED)
   y_pipe_reg[16][15]/D         4.45           8.74 r        -4.29  (VIOLATED)
   y_pipe_reg[15][15]/D         4.45           8.74 f        -4.29  (VIOLATED)
   y_pipe_reg[15][17]/D         4.45           8.74 f        -4.29  (VIOLATED)
   x_pipe_reg[16][16]/D         4.45           8.74 r        -4.29  (VIOLATED)
   x_pipe_reg[4][16]/D          4.45           8.74 r        -4.29  (VIOLATED)
   y_pipe_reg[16][18]/D         4.45           8.72 r        -4.27  (VIOLATED)
   y_pipe_reg[16][19]/D         4.45           8.72 r        -4.27  (VIOLATED)
   x_pipe_reg[7][16]/D          4.45           8.72 r        -4.27  (VIOLATED)
   x_pipe_reg[16][19]/D         4.45           8.71 r        -4.26  (VIOLATED)
   y_pipe_reg[15][18]/D         4.45           8.71 r        -4.26  (VIOLATED)
   z_pipe_reg[5][19]/D          4.40           8.66 f        -4.26  (VIOLATED)
   y_pipe_reg[15][7]/D          4.45           8.70 f        -4.25  (VIOLATED)
   y_pipe_reg[15][10]/D         4.45           8.70 f        -4.25  (VIOLATED)
   y_pipe_reg[11][18]/D         4.45           8.70 r        -4.25  (VIOLATED)
   y_pipe_reg[14][17]/D         4.45           8.70 r        -4.25  (VIOLATED)
   x_pipe_reg[3][16]/D          4.45           8.70 r        -4.25  (VIOLATED)
   x_pipe_reg[12][19]/D         4.45           8.70 r        -4.25  (VIOLATED)
   x_pipe_reg[12][18]/D         4.45           8.70 f        -4.25  (VIOLATED)
   x_pipe_reg[14][16]/D         4.45           8.70 f        -4.25  (VIOLATED)
   y_pipe_reg[16][17]/D         4.45           8.69 r        -4.24  (VIOLATED)
   y_pipe_reg[6][8]/D           4.45           8.69 f        -4.24  (VIOLATED)
   y_pipe_reg[13][15]/D         4.45           8.69 f        -4.24  (VIOLATED)
   y_pipe_reg[9][8]/D           4.45           8.69 f        -4.24  (VIOLATED)
   x_pipe_reg[6][8]/D           4.45           8.68 f        -4.23  (VIOLATED)
   x_pipe_reg[10][12]/D         4.45           8.68 f        -4.23  (VIOLATED)
   y_pipe_reg[10][12]/D         4.45           8.68 f        -4.23  (VIOLATED)
   y_pipe_reg[4][16]/D          4.45           8.68 r        -4.23  (VIOLATED)
   x_pipe_reg[10][8]/D          4.45           8.67 f        -4.22  (VIOLATED)
   y_pipe_reg[3][8]/D           4.45           8.67 f        -4.22  (VIOLATED)
   x_pipe_reg[9][17]/D          4.45           8.67 f        -4.22  (VIOLATED)
   x_pipe_reg[9][18]/D          4.45           8.67 f        -4.22  (VIOLATED)
   x_pipe_reg[9][19]/D          4.45           8.67 f        -4.22  (VIOLATED)
   x_pipe_reg[10][17]/D         4.45           8.67 f        -4.22  (VIOLATED)
   x_pipe_reg[10][18]/D         4.45           8.67 f        -4.22  (VIOLATED)
   x_pipe_reg[10][19]/D         4.45           8.67 f        -4.22  (VIOLATED)
   y_pipe_reg[10][17]/D         4.45           8.67 f        -4.22  (VIOLATED)
   y_pipe_reg[10][18]/D         4.45           8.67 f        -4.22  (VIOLATED)
   y_pipe_reg[10][19]/D         4.45           8.67 f        -4.22  (VIOLATED)
   y_pipe_reg[12][17]/D         4.45           8.67 f        -4.22  (VIOLATED)
   y_pipe_reg[12][18]/D         4.45           8.67 f        -4.22  (VIOLATED)
   y_pipe_reg[12][19]/D         4.45           8.67 f        -4.22  (VIOLATED)
   y_pipe_reg[5][8]/D           4.45           8.67 f        -4.22  (VIOLATED)
   y_pipe_reg[14][16]/D         4.45           8.66 f        -4.21  (VIOLATED)
   y_pipe_reg[15][14]/D         4.45           8.66 r        -4.21  (VIOLATED)
   x_pipe_reg[15][17]/D         4.45           8.65 f        -4.20  (VIOLATED)
   x_pipe_reg[15][18]/D         4.45           8.65 f        -4.20  (VIOLATED)
   x_pipe_reg[15][19]/D         4.45           8.65 f        -4.20  (VIOLATED)
   x_pipe_reg[10][14]/D         4.45           8.65 f        -4.20  (VIOLATED)
   x_pipe_reg[4][8]/D           4.45           8.65 f        -4.20  (VIOLATED)
   x_pipe_reg[6][17]/D          4.45           8.64 f        -4.19  (VIOLATED)
   y_pipe_reg[6][17]/D          4.45           8.64 f        -4.19  (VIOLATED)
   y_pipe_reg[6][18]/D          4.45           8.64 f        -4.19  (VIOLATED)
   y_pipe_reg[7][17]/D          4.45           8.64 f        -4.19  (VIOLATED)
   y_pipe_reg[7][18]/D          4.45           8.64 f        -4.19  (VIOLATED)
   y_pipe_reg[5][17]/D          4.45           8.63 f        -4.18  (VIOLATED)
   y_pipe_reg[5][18]/D          4.45           8.63 f        -4.18  (VIOLATED)
   y_pipe_reg[8][16]/D          4.45           8.63 r        -4.18  (VIOLATED)
   y_pipe_reg[9][17]/D          4.45           8.63 f        -4.18  (VIOLATED)
   y_pipe_reg[9][19]/D          4.45           8.63 f        -4.18  (VIOLATED)
   y_pipe_reg[11][17]/D         4.45           8.63 f        -4.18  (VIOLATED)
   y_pipe_reg[15][16]/D         4.45           8.63 r        -4.18  (VIOLATED)
   y_pipe_reg[15][19]/D         4.45           8.62 f        -4.17  (VIOLATED)
   x_pipe_reg[9][14]/D          4.45           8.62 f        -4.17  (VIOLATED)
   y_pipe_reg[10][13]/D         4.45           8.62 f        -4.17  (VIOLATED)
   y_pipe_reg[10][14]/D         4.45           8.62 f        -4.17  (VIOLATED)
   y_pipe_reg[5][19]/D          4.45           8.61 f        -4.16  (VIOLATED)
   x_pipe_reg[15][8]/D          4.45           8.61 f        -4.16  (VIOLATED)
   x_pipe_reg[8][17]/D          4.45           8.61 f        -4.16  (VIOLATED)
   x_pipe_reg[8][18]/D          4.45           8.61 f        -4.16  (VIOLATED)
   x_pipe_reg[8][19]/D          4.45           8.61 f        -4.16  (VIOLATED)
   x_pipe_reg[13][14]/D         4.45           8.61 r        -4.16  (VIOLATED)
   x_pipe_reg[6][18]/D          4.45           8.60 f        -4.15  (VIOLATED)
   y_pipe_reg[11][14]/D         4.45           8.60 f        -4.15  (VIOLATED)
   y_pipe_reg[6][19]/D          4.45           8.60 f        -4.15  (VIOLATED)
   y_pipe_reg[7][19]/D          4.45           8.60 f        -4.15  (VIOLATED)
   x_pipe_reg[5][18]/D          4.45           8.60 f        -4.15  (VIOLATED)
   y_pipe_reg[9][18]/D          4.45           8.60 f        -4.15  (VIOLATED)
   y_pipe_reg[14][14]/D         4.45           8.60 r        -4.15  (VIOLATED)
   y_pipe_reg[16][8]/D          4.45           8.59 r        -4.14  (VIOLATED)
   y_pipe_reg[16][9]/D          4.45           8.59 r        -4.14  (VIOLATED)
   y_pipe_reg[16][10]/D         4.45           8.59 r        -4.14  (VIOLATED)
   y_pipe_reg[16][11]/D         4.45           8.59 r        -4.14  (VIOLATED)
   y_pipe_reg[16][12]/D         4.45           8.59 r        -4.14  (VIOLATED)
   y_pipe_reg[16][13]/D         4.45           8.59 r        -4.14  (VIOLATED)
   y_pipe_reg[16][14]/D         4.45           8.59 r        -4.14  (VIOLATED)
   x_pipe_reg[15][15]/D         4.45           8.59 f        -4.14  (VIOLATED)
   x_pipe_reg[7][18]/D          4.45           8.59 f        -4.14  (VIOLATED)
   x_pipe_reg[7][19]/D          4.45           8.59 f        -4.14  (VIOLATED)
   y_pipe_reg[12][11]/D         4.45           8.59 f        -4.14  (VIOLATED)
   x_pipe_reg[13][17]/D         4.45           8.59 f        -4.14  (VIOLATED)
   x_pipe_reg[4][17]/D          4.45           8.59 f        -4.14  (VIOLATED)
   x_pipe_reg[4][18]/D          4.45           8.59 f        -4.14  (VIOLATED)
   x_pipe_reg[9][8]/D           4.45           8.59 f        -4.14  (VIOLATED)
   x_pipe_reg[11][14]/D         4.45           8.59 r        -4.14  (VIOLATED)
   x_pipe_reg[4][19]/D          4.45           8.58 f        -4.13  (VIOLATED)
   x_pipe_reg[5][8]/D           4.45           8.58 f        -4.13  (VIOLATED)
   x_pipe_reg[15][13]/D         4.45           8.58 f        -4.13  (VIOLATED)
   x_pipe_reg[14][14]/D         4.45           8.58 f        -4.13  (VIOLATED)
   y_pipe_reg[13][18]/D         4.45           8.57 f        -4.12  (VIOLATED)
   y_pipe_reg[10][8]/D          4.45           8.57 f        -4.12  (VIOLATED)
   x_pipe_reg[3][7]/D           4.45           8.57 f        -4.12  (VIOLATED)
   y_pipe_reg[8][8]/D           4.45           8.56 f        -4.11  (VIOLATED)
   x_pipe_reg[7][17]/D          4.45           8.56 f        -4.11  (VIOLATED)
   y_pipe_reg[4][8]/D           4.45           8.56 f        -4.11  (VIOLATED)
   z_pipe_reg[3][19]/D          4.45           8.56 r        -4.11  (VIOLATED)
   x_pipe_reg[11][16]/D         4.45           8.56 r        -4.11  (VIOLATED)
   y_pipe_reg[7][10]/D          4.45           8.56 r        -4.11  (VIOLATED)
   y_pipe_reg[7][11]/D          4.45           8.56 r        -4.11  (VIOLATED)
   y_pipe_reg[7][13]/D          4.45           8.56 r        -4.11  (VIOLATED)
   y_pipe_reg[14][8]/D          4.45           8.55 r        -4.10  (VIOLATED)
   x_pipe_reg[5][10]/D          4.45           8.55 f        -4.10  (VIOLATED)
   x_pipe_reg[8][8]/D           4.45           8.55 f        -4.10  (VIOLATED)
   y_pipe_reg[14][7]/D          4.40           8.50 r        -4.10  (VIOLATED)
   y_pipe_reg[10][10]/D         4.45           8.55 f        -4.10  (VIOLATED)
   y_pipe_reg[8][9]/D           4.45           8.54 f        -4.09  (VIOLATED)
   y_pipe_reg[8][10]/D          4.45           8.54 f        -4.09  (VIOLATED)
   x_pipe_reg[14][12]/D         4.40           8.49 r        -4.09  (VIOLATED)
   y_pipe_reg[15][8]/D          4.45           8.53 f        -4.08  (VIOLATED)
   x_pipe_reg[8][9]/D           4.45           8.53 f        -4.08  (VIOLATED)
   y_pipe_reg[4][17]/D          4.45           8.53 f        -4.08  (VIOLATED)
   y_pipe_reg[4][18]/D          4.45           8.53 f        -4.08  (VIOLATED)
   y_pipe_reg[4][19]/D          4.45           8.53 f        -4.08  (VIOLATED)
   y_pipe_reg[4][13]/D          4.45           8.53 f        -4.08  (VIOLATED)
   y_pipe_reg[7][9]/D           4.45           8.52 r        -4.07  (VIOLATED)
   y_pipe_reg[7][12]/D          4.45           8.52 r        -4.07  (VIOLATED)
   y_pipe_reg[13][10]/D         4.45           8.52 r        -4.07  (VIOLATED)
   y_pipe_reg[11][15]/D         4.45           8.52 r        -4.07  (VIOLATED)
   x_pipe_reg[6][19]/D          4.45           8.52 f        -4.07  (VIOLATED)
   y_pipe_reg[8][17]/D          4.45           8.52 f        -4.07  (VIOLATED)
   y_pipe_reg[8][19]/D          4.45           8.52 f        -4.07  (VIOLATED)
   x_pipe_reg[3][8]/D           4.45           8.51 f        -4.06  (VIOLATED)
   y_pipe_reg[3][16]/D          4.45           8.51 r        -4.06  (VIOLATED)
   x_pipe_reg[16][8]/D          4.45           8.50 f        -4.05  (VIOLATED)
   x_pipe_reg[13][15]/D         4.45           8.50 r        -4.05  (VIOLATED)
   x_pipe_reg[16][7]/D          4.45           8.49 f        -4.04  (VIOLATED)
   x_pipe_reg[13][18]/D         4.45           8.49 f        -4.04  (VIOLATED)
   x_pipe_reg[14][9]/D          4.45           8.49 r        -4.04  (VIOLATED)
   x_pipe_reg[14][10]/D         4.45           8.49 r        -4.04  (VIOLATED)
   x_pipe_reg[14][11]/D         4.45           8.49 r        -4.04  (VIOLATED)
   x_pipe_reg[14][13]/D         4.45           8.49 r        -4.04  (VIOLATED)
   x_pipe_reg[14][8]/D          4.45           8.49 r        -4.04  (VIOLATED)
   x_pipe_reg[14][7]/D          4.40           8.43 r        -4.03  (VIOLATED)
   y_pipe_reg[8][18]/D          4.45           8.48 f        -4.03  (VIOLATED)
   x_pipe_reg[3][9]/D           4.45           8.48 f        -4.03  (VIOLATED)
   x_pipe_reg[3][11]/D          4.45           8.48 f        -4.03  (VIOLATED)
   y_pipe_reg[15][9]/D          4.45           8.48 r        -4.03  (VIOLATED)
   x_pipe_reg[11][17]/D         4.40           8.43 f        -4.03  (VIOLATED)
   x_pipe_reg[11][18]/D         4.40           8.43 f        -4.03  (VIOLATED)
   x_pipe_reg[6][9]/D           4.45           8.48 r        -4.03  (VIOLATED)
   x_pipe_reg[6][10]/D          4.45           8.48 r        -4.03  (VIOLATED)
   y_pipe_reg[15][6]/D          4.40           8.43 r        -4.03  (VIOLATED)
   x_pipe_reg[12][11]/D         4.45           8.48 r        -4.03  (VIOLATED)
   x_pipe_reg[12][13]/D         4.45           8.48 r        -4.03  (VIOLATED)
   x_pipe_reg[13][19]/D         4.45           8.47 f        -4.02  (VIOLATED)
   x_pipe_reg[10][9]/D          4.45           8.46 r        -4.01  (VIOLATED)
   x_pipe_reg[10][10]/D         4.45           8.46 r        -4.01  (VIOLATED)
   y_pipe_reg[11][8]/D          4.45           8.46 r        -4.01  (VIOLATED)
   x_pipe_reg[14][5]/D          4.45           8.46 f        -4.01  (VIOLATED)
   x_pipe_reg[14][6]/D          4.45           8.46 f        -4.01  (VIOLATED)
   x_pipe_reg[13][16]/D         4.45           8.45 f        -4.00  (VIOLATED)
   y_pipe_reg[3][11]/D          4.45           8.45 r        -4.00  (VIOLATED)
   y_pipe_reg[3][12]/D          4.45           8.45 r        -4.00  (VIOLATED)
   y_pipe_reg[3][13]/D          4.45           8.45 r        -4.00  (VIOLATED)
   y_pipe_reg[3][14]/D          4.45           8.45 r        -4.00  (VIOLATED)
   x_pipe_reg[6][12]/D          4.45           8.44 r        -3.99  (VIOLATED)
   x_pipe_reg[6][13]/D          4.45           8.44 r        -3.99  (VIOLATED)
   x_pipe_reg[6][14]/D          4.45           8.44 r        -3.99  (VIOLATED)
   x_pipe_reg[12][12]/D         4.45           8.44 r        -3.99  (VIOLATED)
   x_pipe_reg[9][12]/D          4.45           8.44 r        -3.99  (VIOLATED)
   y_pipe_reg[6][9]/D           4.45           8.44 r        -3.99  (VIOLATED)
   y_pipe_reg[6][10]/D          4.45           8.44 r        -3.99  (VIOLATED)
   y_pipe_reg[6][12]/D          4.45           8.44 r        -3.99  (VIOLATED)
   y_pipe_reg[6][14]/D          4.45           8.44 r        -3.99  (VIOLATED)
   z_pipe_reg[3][16]/D          4.45           8.44 f        -3.99  (VIOLATED)
   x_pipe_reg[12][8]/D          4.40           8.39 r        -3.99  (VIOLATED)
   y_pipe_reg[9][9]/D           4.45           8.44 r        -3.99  (VIOLATED)
   y_pipe_reg[9][10]/D          4.45           8.44 r        -3.99  (VIOLATED)
   y_pipe_reg[9][11]/D          4.45           8.44 r        -3.99  (VIOLATED)
   y_pipe_reg[9][12]/D          4.45           8.44 r        -3.99  (VIOLATED)
   y_pipe_reg[9][13]/D          4.45           8.44 r        -3.99  (VIOLATED)
   y_pipe_reg[9][14]/D          4.45           8.44 r        -3.99  (VIOLATED)
   x_pipe_reg[15][9]/D          4.45           8.44 r        -3.99  (VIOLATED)
   x_pipe_reg[15][10]/D         4.45           8.44 r        -3.99  (VIOLATED)
   x_pipe_reg[15][11]/D         4.45           8.44 r        -3.99  (VIOLATED)
   x_pipe_reg[15][12]/D         4.45           8.44 r        -3.99  (VIOLATED)
   x_pipe_reg[10][11]/D         4.45           8.43 r        -3.98  (VIOLATED)
   x_pipe_reg[15][6]/D          4.40           8.38 r        -3.98  (VIOLATED)
   x_pipe_reg[4][9]/D           4.45           8.43 r        -3.98  (VIOLATED)
   y_pipe_reg[13][8]/D          4.45           8.42 r        -3.97  (VIOLATED)
   y_pipe_reg[7][15]/D          4.45           8.42 f        -3.97  (VIOLATED)
   y_pipe_reg[3][9]/D           4.45           8.42 r        -3.97  (VIOLATED)
   z_pipe_reg[3][8]/D           4.45           8.42 f        -3.97  (VIOLATED)
   z_pipe_reg[9][16]/D          4.40           8.37 r        -3.97  (VIOLATED)
   z_pipe_reg[3][17]/D          4.45           8.42 f        -3.97  (VIOLATED)
   x_pipe_reg[8][15]/D          4.45           8.42 f        -3.97  (VIOLATED)
   x_pipe_reg[7][9]/D           4.45           8.42 r        -3.97  (VIOLATED)
   x_pipe_reg[7][10]/D          4.45           8.42 r        -3.97  (VIOLATED)
   x_pipe_reg[7][11]/D          4.45           8.42 r        -3.97  (VIOLATED)
   x_pipe_reg[7][12]/D          4.45           8.42 r        -3.97  (VIOLATED)
   y_pipe_reg[13][6]/D          4.45           8.42 f        -3.97  (VIOLATED)
   y_pipe_reg[5][9]/D           4.45           8.42 r        -3.97  (VIOLATED)
   y_pipe_reg[5][10]/D          4.45           8.42 r        -3.97  (VIOLATED)
   y_pipe_reg[5][11]/D          4.45           8.42 r        -3.97  (VIOLATED)
   y_pipe_reg[5][12]/D          4.45           8.42 r        -3.97  (VIOLATED)
   y_pipe_reg[5][13]/D          4.45           8.42 r        -3.97  (VIOLATED)
   y_pipe_reg[5][14]/D          4.45           8.42 r        -3.97  (VIOLATED)
   x_pipe_reg[12][14]/D         4.45           8.41 r        -3.96  (VIOLATED)
   x_pipe_reg[7][8]/D           4.40           8.36 r        -3.96  (VIOLATED)
   y_pipe_reg[11][11]/D         4.45           8.41 r        -3.96  (VIOLATED)
   y_pipe_reg[12][13]/D         4.45           8.40 r        -3.95  (VIOLATED)
   z_pipe_reg[5][16]/D          4.40           8.35 r        -3.95  (VIOLATED)
   y_pipe_reg[3][7]/D           4.45           8.40 r        -3.95  (VIOLATED)
   y_pipe_reg[11][10]/D         4.45           8.40 r        -3.95  (VIOLATED)
   x_pipe_reg[4][12]/D          4.45           8.39 r        -3.94  (VIOLATED)
   y_pipe_reg[13][7]/D          4.40           8.34 r        -3.94  (VIOLATED)
   y_pipe_reg[11][12]/D         4.45           8.39 r        -3.94  (VIOLATED)
   y_pipe_reg[11][13]/D         4.45           8.38 r        -3.93  (VIOLATED)
   y_pipe_reg[12][12]/D         4.45           8.37 r        -3.92  (VIOLATED)
   y_pipe_reg[12][14]/D         4.45           8.37 r        -3.92  (VIOLATED)
   z_pipe_reg[6][19]/D          4.40           8.32 f        -3.92  (VIOLATED)
   x_pipe_reg[2][15]/D          4.45           8.37 f        -3.92  (VIOLATED)
   y_pipe_reg[12][8]/D          4.40           8.32 r        -3.92  (VIOLATED)
   z_pipe_reg[4][19]/D          4.40           8.32 f        -3.92  (VIOLATED)
   x_pipe_reg[2][8]/D           4.45           8.37 r        -3.92  (VIOLATED)
   x_pipe_reg[5][13]/D          4.45           8.36 r        -3.91  (VIOLATED)
   x_pipe_reg[5][9]/D           4.45           8.36 r        -3.91  (VIOLATED)
   y_pipe_reg[10][9]/D          4.45           8.36 r        -3.91  (VIOLATED)
   x_pipe_reg[13][8]/D          4.45           8.36 r        -3.91  (VIOLATED)
   x_pipe_reg[9][9]/D           4.45           8.35 r        -3.90  (VIOLATED)
   x_pipe_reg[9][10]/D          4.45           8.35 r        -3.90  (VIOLATED)
   x_pipe_reg[9][11]/D          4.45           8.35 r        -3.90  (VIOLATED)
   x_pipe_reg[9][13]/D          4.45           8.35 r        -3.90  (VIOLATED)
   y_pipe_reg[5][7]/D           4.45           8.34 f        -3.89  (VIOLATED)
   y_pipe_reg[4][9]/D           4.45           8.34 r        -3.89  (VIOLATED)
   x_pipe_reg[5][14]/D          4.45           8.33 r        -3.88  (VIOLATED)
   x_pipe_reg[12][4]/D          4.45           8.33 r        -3.88  (VIOLATED)
   y_pipe_reg[10][11]/D         4.45           8.33 r        -3.88  (VIOLATED)
   y_pipe_reg[6][15]/D          4.45           8.32 r        -3.87  (VIOLATED)
   y_pipe_reg[8][11]/D          4.45           8.32 r        -3.87  (VIOLATED)
   y_pipe_reg[8][12]/D          4.45           8.32 r        -3.87  (VIOLATED)
   y_pipe_reg[8][13]/D          4.45           8.32 r        -3.87  (VIOLATED)
   x_pipe_reg[13][7]/D          4.40           8.27 r        -3.87  (VIOLATED)
   y_pipe_reg[7][4]/D           4.45           8.31 r        -3.86  (VIOLATED)
   x_pipe_reg[8][10]/D          4.45           8.31 r        -3.86  (VIOLATED)
   x_pipe_reg[8][11]/D          4.45           8.31 r        -3.86  (VIOLATED)
   x_pipe_reg[8][12]/D          4.45           8.31 r        -3.86  (VIOLATED)
   x_pipe_reg[8][13]/D          4.45           8.31 r        -3.86  (VIOLATED)
   y_pipe_reg[4][11]/D          4.45           8.31 r        -3.86  (VIOLATED)
   y_pipe_reg[4][12]/D          4.45           8.31 r        -3.86  (VIOLATED)
   z_pipe_reg[1][17]/D          4.40           8.25 r        -3.85  (VIOLATED)
   x_pipe_reg[6][15]/D          4.45           8.30 r        -3.85  (VIOLATED)
   x_pipe_reg[16][12]/D         4.45           8.30 r        -3.85  (VIOLATED)
   y_pipe_reg[3][15]/D          4.45           8.29 f        -3.84  (VIOLATED)
   x_pipe_reg[11][15]/D         4.45           8.29 f        -3.84  (VIOLATED)
   z_pipe_reg[6][18]/D          4.45           8.29 f        -3.84  (VIOLATED)
   x_pipe_reg[11][12]/D         4.45           8.29 r        -3.84  (VIOLATED)
   z_pipe_reg[12][13]/D         4.45           8.28 f        -3.83  (VIOLATED)
   x_pipe_reg[12][6]/D          4.45           8.28 f        -3.83  (VIOLATED)
   y_pipe_reg[15][12]/D         4.40           8.23 f        -3.83  (VIOLATED)
   y_pipe_reg[6][7]/D           4.45           8.28 f        -3.83  (VIOLATED)
   y_pipe_reg[7][14]/D          4.40           8.23 f        -3.83  (VIOLATED)
   x_pipe_reg[11][10]/D         4.45           8.27 r        -3.82  (VIOLATED)
   x_pipe_reg[16][9]/D          4.45           8.26 r        -3.81  (VIOLATED)
   x_pipe_reg[16][10]/D         4.45           8.26 r        -3.81  (VIOLATED)
   x_pipe_reg[16][11]/D         4.45           8.26 r        -3.81  (VIOLATED)
   x_pipe_reg[16][13]/D         4.45           8.26 r        -3.81  (VIOLATED)
   x_pipe_reg[3][13]/D          4.45           8.26 r        -3.81  (VIOLATED)
   x_pipe_reg[7][4]/D           4.45           8.26 r        -3.81  (VIOLATED)
   y_pipe_reg[6][4]/D           4.45           8.26 r        -3.81  (VIOLATED)
   z_pipe_reg[1][15]/D          4.40           8.20 r        -3.80  (VIOLATED)
   z_pipe_reg[1][16]/D          4.40           8.20 r        -3.80  (VIOLATED)
   z_pipe_reg[1][18]/D          4.40           8.20 r        -3.80  (VIOLATED)
   z_pipe_reg[1][19]/D          4.40           8.20 r        -3.80  (VIOLATED)
   x_pipe_reg[3][15]/D          4.45           8.25 r        -3.80  (VIOLATED)
   y_pipe_reg[5][15]/D          4.45           8.24 r        -3.79  (VIOLATED)
   x_pipe_reg[12][5]/D          4.45           8.24 r        -3.79  (VIOLATED)
   x_pipe_reg[11][11]/D         4.45           8.24 r        -3.79  (VIOLATED)
   x_pipe_reg[11][13]/D         4.45           8.24 r        -3.79  (VIOLATED)
   y_pipe_reg[15][11]/D         4.40           8.18 f        -3.78  (VIOLATED)
   x_pipe_reg[16][14]/D         4.45           8.23 r        -3.78  (VIOLATED)
   y_pipe_reg[8][14]/D          4.40           8.18 r        -3.78  (VIOLATED)
   x_pipe_reg[4][4]/D           4.45           8.23 r        -3.78  (VIOLATED)
   x_pipe_reg[15][4]/D          4.45           8.23 r        -3.78  (VIOLATED)
   y_pipe_reg[12][4]/D          4.45           8.22 r        -3.77  (VIOLATED)
   x_pipe_reg[7][14]/D          4.40           8.17 f        -3.77  (VIOLATED)
   x_pipe_reg[2][10]/D          4.45           8.22 f        -3.77  (VIOLATED)
   y_pipe_reg[2][14]/D          4.45           8.21 f        -3.76  (VIOLATED)
   y_pipe_reg[2][10]/D          4.45           8.20 f        -3.75  (VIOLATED)
   z_pipe_reg[3][18]/D          4.45           8.20 r        -3.75  (VIOLATED)
   x_pipe_reg[5][15]/D          4.45           8.20 f        -3.75  (VIOLATED)
   x_pipe_reg[6][11]/D          4.40           8.15 f        -3.75  (VIOLATED)
   x_pipe_reg[12][9]/D          4.40           8.15 f        -3.75  (VIOLATED)
   x_pipe_reg[12][10]/D         4.40           8.15 f        -3.75  (VIOLATED)
   y_pipe_reg[6][11]/D          4.40           8.14 f        -3.74  (VIOLATED)
   x_pipe_reg[8][14]/D          4.40           8.14 r        -3.74  (VIOLATED)
   y_pipe_reg[14][4]/D          4.45           8.19 r        -3.74  (VIOLATED)
   x_pipe_reg[15][7]/D          4.40           8.14 f        -3.74  (VIOLATED)
   z_pipe_reg[2][19]/D          4.40           8.13 f        -3.73  (VIOLATED)
   x_pipe_reg[10][13]/D         4.40           8.13 f        -3.73  (VIOLATED)
   x_pipe_reg[4][7]/D           4.45           8.18 r        -3.73  (VIOLATED)
   x_pipe_reg[10][4]/D          4.45           8.18 r        -3.73  (VIOLATED)
   x_pipe_reg[5][12]/D          4.40           8.13 f        -3.73  (VIOLATED)
   x_pipe_reg[11][8]/D          4.45           8.18 r        -3.73  (VIOLATED)
   x_pipe_reg[2][9]/D           4.45           8.18 r        -3.73  (VIOLATED)
   x_pipe_reg[2][11]/D          4.45           8.18 r        -3.73  (VIOLATED)
   y_pipe_reg[3][10]/D          4.40           8.12 f        -3.72  (VIOLATED)
   x_pipe_reg[7][13]/D          4.40           8.12 f        -3.72  (VIOLATED)
   y_pipe_reg[6][13]/D          4.40           8.11 f        -3.71  (VIOLATED)
   x_pipe_reg[3][4]/D           4.45           8.16 r        -3.71  (VIOLATED)
   z_pipe_reg[5][17]/D          4.40           8.11 f        -3.71  (VIOLATED)
   z_pipe_reg[5][18]/D          4.40           8.11 f        -3.71  (VIOLATED)
   z_pipe_reg[1][13]/D          4.40           8.10 r        -3.70  (VIOLATED)
   z_pipe_reg[1][14]/D          4.40           8.10 r        -3.70  (VIOLATED)
   z_pipe_reg[4][17]/D          4.40           8.10 r        -3.70  (VIOLATED)
   x_pipe_reg[4][10]/D          4.40           8.10 f        -3.70  (VIOLATED)
   x_pipe_reg[4][11]/D          4.40           8.10 f        -3.70  (VIOLATED)
   x_pipe_reg[4][13]/D          4.40           8.10 f        -3.70  (VIOLATED)
   x_pipe_reg[4][14]/D          4.40           8.10 f        -3.70  (VIOLATED)
   x_pipe_reg[2][18]/D          4.45           8.15 f        -3.70  (VIOLATED)
   y_pipe_reg[2][9]/D           4.45           8.14 f        -3.69  (VIOLATED)
   y_pipe_reg[9][4]/D           4.45           8.14 r        -3.69  (VIOLATED)
   x_pipe_reg[8][7]/D           4.45           8.13 f        -3.68  (VIOLATED)
   y_pipe_reg[11][9]/D          4.40           8.08 f        -3.68  (VIOLATED)
   y_pipe_reg[12][9]/D          4.40           8.07 f        -3.67  (VIOLATED)
   y_pipe_reg[12][10]/D         4.40           8.07 f        -3.67  (VIOLATED)
   y_pipe_reg[7][5]/D           4.45           8.12 r        -3.67  (VIOLATED)
   y_pipe_reg[7][6]/D           4.45           8.12 r        -3.67  (VIOLATED)
   y_pipe_reg[8][7]/D           4.45           8.12 f        -3.67  (VIOLATED)
   x_pipe_reg[14][4]/D          4.45           8.12 r        -3.67  (VIOLATED)
   z_pipe_reg[9][17]/D          4.40           8.07 f        -3.67  (VIOLATED)
   z_pipe_reg[9][18]/D          4.40           8.07 f        -3.67  (VIOLATED)
   z_pipe_reg[9][19]/D          4.40           8.07 f        -3.67  (VIOLATED)
   x_pipe_reg[9][15]/D          4.45           8.12 r        -3.67  (VIOLATED)
   y_pipe_reg[9][15]/D          4.45           8.12 r        -3.67  (VIOLATED)
   y_pipe_reg[4][7]/D           4.45           8.11 r        -3.66  (VIOLATED)
   x_pipe_reg[2][7]/D           4.45           8.11 f        -3.66  (VIOLATED)
   y_pipe_reg[13][5]/D          4.45           8.11 r        -3.66  (VIOLATED)
   y_pipe_reg[14][5]/D          4.40           8.06 r        -3.66  (VIOLATED)
   y_pipe_reg[14][6]/D          4.40           8.06 r        -3.66  (VIOLATED)
   y_pipe_reg[3][4]/D           4.45           8.11 r        -3.66  (VIOLATED)
   x_pipe_reg[11][7]/D          4.45           8.10 f        -3.65  (VIOLATED)
   x_pipe_reg[12][7]/D          4.45           8.10 f        -3.65  (VIOLATED)
   y_pipe_reg[10][7]/D          4.45           8.10 f        -3.65  (VIOLATED)
   x_pipe_reg[9][4]/D           4.45           8.09 r        -3.64  (VIOLATED)
   x_pipe_reg[3][14]/D          4.40           8.04 f        -3.64  (VIOLATED)
   x_pipe_reg[5][11]/D          4.40           8.03 f        -3.63  (VIOLATED)
   x_pipe_reg[4][6]/D           4.45           8.08 f        -3.63  (VIOLATED)
   y_pipe_reg[12][6]/D          4.45           8.07 f        -3.62  (VIOLATED)
   x_pipe_reg[2][12]/D          4.45           8.07 r        -3.62  (VIOLATED)
   x_pipe_reg[7][5]/D           4.45           8.07 r        -3.62  (VIOLATED)
   x_pipe_reg[7][6]/D           4.45           8.07 r        -3.62  (VIOLATED)
   y_pipe_reg[6][5]/D           4.45           8.07 r        -3.62  (VIOLATED)
   y_pipe_reg[6][6]/D           4.45           8.07 r        -3.62  (VIOLATED)
   y_pipe_reg[4][10]/D          4.40           8.01 f        -3.61  (VIOLATED)
   y_pipe_reg[4][14]/D          4.40           8.01 f        -3.61  (VIOLATED)
   x_pipe_reg[8][4]/D           4.45           8.06 r        -3.61  (VIOLATED)
   y_pipe_reg[15][4]/D          4.45           8.05 r        -3.60  (VIOLATED)
   x_pipe_reg[3][12]/D          4.40           8.00 f        -3.60  (VIOLATED)
   y_pipe_reg[8][15]/D          4.45           8.05 r        -3.60  (VIOLATED)
   z_pipe_reg[5][12]/D          4.45           8.04 f        -3.59  (VIOLATED)
   y_pipe_reg[8][4]/D           4.45           8.04 r        -3.59  (VIOLATED)
   y_pipe_reg[2][11]/D          4.45           8.04 r        -3.59  (VIOLATED)
   x_pipe_reg[2][14]/D          4.45           8.04 r        -3.59  (VIOLATED)
   x_pipe_reg[5][4]/D           4.45           8.04 r        -3.59  (VIOLATED)
   x_pipe_reg[4][5]/D           4.45           8.04 r        -3.59  (VIOLATED)
   x_pipe_reg[15][5]/D          4.45           8.04 r        -3.59  (VIOLATED)
   y_pipe_reg[12][5]/D          4.45           8.03 r        -3.58  (VIOLATED)
   y_pipe_reg[16][4]/D          4.45           8.03 f        -3.58  (VIOLATED)
   y_pipe_reg[15][13]/D         4.40           7.98 f        -3.58  (VIOLATED)
   y_pipe_reg[4][6]/D           4.45           8.03 f        -3.58  (VIOLATED)
   z_pipe_reg[6][8]/D           4.45           8.02 f        -3.57  (VIOLATED)
   x_pipe_reg[3][10]/D          4.40           7.96 f        -3.56  (VIOLATED)
   z_pipe_reg[2][17]/D          4.40           7.96 r        -3.56  (VIOLATED)
   y_pipe_reg[10][15]/D         4.45           8.01 r        -3.56  (VIOLATED)
   x_pipe_reg[5][7]/D           4.45           8.01 f        -3.56  (VIOLATED)
   x_pipe_reg[13][5]/D          4.45           8.00 r        -3.55  (VIOLATED)
   x_pipe_reg[13][6]/D          4.45           8.00 r        -3.55  (VIOLATED)
   x_pipe_reg[11][9]/D          4.40           7.94 f        -3.54  (VIOLATED)
   y_pipe_reg[11][4]/D          4.45           7.98 r        -3.53  (VIOLATED)
   y_pipe_reg[16][7]/D          4.45           7.97 r        -3.52  (VIOLATED)
   y_pipe_reg[15][5]/D          4.45           7.97 f        -3.52  (VIOLATED)
   x_pipe_reg[3][5]/D           4.45           7.97 r        -3.52  (VIOLATED)
   x_pipe_reg[3][6]/D           4.45           7.97 r        -3.52  (VIOLATED)
   z_pipe_reg[8][17]/D          4.40           7.91 r        -3.51  (VIOLATED)
   y_pipe_reg[9][5]/D           4.45           7.95 r        -3.50  (VIOLATED)
   y_pipe_reg[9][6]/D           4.45           7.95 r        -3.50  (VIOLATED)
   x_pipe_reg[10][5]/D          4.45           7.95 r        -3.50  (VIOLATED)
   x_pipe_reg[10][6]/D          4.45           7.95 r        -3.50  (VIOLATED)
   x_pipe_reg[10][15]/D         4.45           7.93 r        -3.48  (VIOLATED)
   y_pipe_reg[3][5]/D           4.45           7.91 r        -3.46  (VIOLATED)
   y_pipe_reg[3][6]/D           4.45           7.91 r        -3.46  (VIOLATED)
   y_pipe_reg[13][4]/D          4.45           7.91 r        -3.46  (VIOLATED)
   x_pipe_reg[16][4]/D          4.45           7.90 f        -3.45  (VIOLATED)
   x_pipe_reg[9][5]/D           4.45           7.90 r        -3.45  (VIOLATED)
   x_pipe_reg[9][6]/D           4.45           7.90 r        -3.45  (VIOLATED)
   y_pipe_reg[2][13]/D          4.45           7.90 r        -3.45  (VIOLATED)
   x_pipe_reg[10][7]/D          4.45           7.90 r        -3.45  (VIOLATED)
   y_pipe_reg[7][7]/D           4.45           7.89 f        -3.44  (VIOLATED)
   y_pipe_reg[8][6]/D           4.45           7.89 f        -3.44  (VIOLATED)
   x_pipe_reg[13][4]/D          4.45           7.88 r        -3.43  (VIOLATED)
   x_pipe_reg[8][5]/D           4.45           7.87 r        -3.42  (VIOLATED)
   x_pipe_reg[8][6]/D           4.45           7.87 r        -3.42  (VIOLATED)
   y_pipe_reg[11][7]/D          4.45           7.86 r        -3.41  (VIOLATED)
   z_pipe_reg[10][15]/D         4.40           7.81 r        -3.41  (VIOLATED)
   z_pipe_reg[4][13]/D          4.45           7.85 f        -3.40  (VIOLATED)
   y_pipe_reg[8][5]/D           4.45           7.85 r        -3.40  (VIOLATED)
   x_pipe_reg[7][15]/D          4.45           7.85 r        -3.40  (VIOLATED)
   x_pipe_reg[5][5]/D           4.45           7.85 r        -3.40  (VIOLATED)
   x_pipe_reg[5][6]/D           4.45           7.85 r        -3.40  (VIOLATED)
   z_pipe_reg[4][18]/D          4.40           7.79 f        -3.39  (VIOLATED)
   x_pipe_reg[4][15]/D          4.45           7.84 r        -3.39  (VIOLATED)
   x_pipe_reg[2][17]/D          4.45           7.82 r        -3.37  (VIOLATED)
   z_pipe_reg[6][17]/D          4.40           7.77 f        -3.37  (VIOLATED)
   y_pipe_reg[12][7]/D          4.45           7.82 f        -3.37  (VIOLATED)
   z_pipe_reg[2][10]/D          4.45           7.80 f        -3.35  (VIOLATED)
   z_pipe_reg[5][11]/D          4.45           7.78 r        -3.33  (VIOLATED)
   y_pipe_reg[4][15]/D          4.45           7.78 f        -3.33  (VIOLATED)
   z_pipe_reg[5][8]/D           4.40           7.73 r        -3.33  (VIOLATED)
   z_pipe_reg[2][18]/D          4.40           7.72 f        -3.32  (VIOLATED)
   y_pipe_reg[16][5]/D          4.45           7.73 r        -3.28  (VIOLATED)
   y_pipe_reg[16][6]/D          4.45           7.73 r        -3.28  (VIOLATED)
   x_pipe_reg[6][7]/D           4.45           7.73 f        -3.28  (VIOLATED)
   y_pipe_reg[9][7]/D           4.45           7.73 r        -3.28  (VIOLATED)
   z_pipe_reg[14][12]/D         4.45           7.73 f        -3.28  (VIOLATED)
   z_pipe_reg[14][13]/D         4.45           7.73 f        -3.28  (VIOLATED)
   z_pipe_reg[14][14]/D         4.45           7.73 f        -3.28  (VIOLATED)
   z_pipe_reg[14][15]/D         4.45           7.73 f        -3.28  (VIOLATED)
   z_pipe_reg[14][16]/D         4.45           7.73 f        -3.28  (VIOLATED)
   z_pipe_reg[14][17]/D         4.45           7.73 f        -3.28  (VIOLATED)
   z_pipe_reg[14][18]/D         4.45           7.73 f        -3.28  (VIOLATED)
   y_pipe_reg[2][8]/D           4.45           7.72 r        -3.27  (VIOLATED)
   x_pipe_reg[2][4]/D           4.45           7.72 f        -3.27  (VIOLATED)
   x_pipe_reg[4][3]/D           4.45           7.71 r        -3.26  (VIOLATED)
   y_pipe_reg[4][3]/D           4.45           7.71 r        -3.26  (VIOLATED)
   y_pipe_reg[2][4]/D           4.45           7.71 r        -3.26  (VIOLATED)
   z_pipe_reg[6][9]/D           4.45           7.71 r        -3.26  (VIOLATED)
   x_pipe_reg[9][7]/D           4.45           7.70 r        -3.25  (VIOLATED)
   z_pipe_reg[4][9]/D           4.40           7.64 r        -3.24  (VIOLATED)
   z_pipe_reg[4][11]/D          4.45           7.67 r        -3.22  (VIOLATED)
   z_pipe_reg[4][12]/D          4.45           7.67 r        -3.22  (VIOLATED)
   z_pipe_reg[8][18]/D          4.40           7.61 f        -3.21  (VIOLATED)
   z_pipe_reg[8][19]/D          4.40           7.61 f        -3.21  (VIOLATED)
   z_pipe_reg[3][12]/D          4.40           7.61 f        -3.21  (VIOLATED)
   x_pipe_reg[11][4]/D          4.45           7.65 r        -3.20  (VIOLATED)
   y_pipe_reg[11][5]/D          4.45           7.65 r        -3.20  (VIOLATED)
   y_pipe_reg[11][6]/D          4.45           7.65 r        -3.20  (VIOLATED)
   z_pipe_reg[2][9]/D           4.40           7.59 r        -3.19  (VIOLATED)
   x_pipe_reg[16][6]/D          4.45           7.63 f        -3.18  (VIOLATED)
   x_pipe_reg[6][6]/D           4.45           7.63 f        -3.18  (VIOLATED)
   z_pipe_reg[2][11]/D          4.45           7.62 r        -3.17  (VIOLATED)
   z_pipe_reg[10][16]/D         4.40           7.56 f        -3.16  (VIOLATED)
   z_pipe_reg[10][17]/D         4.40           7.56 f        -3.16  (VIOLATED)
   z_pipe_reg[10][18]/D         4.40           7.56 f        -3.16  (VIOLATED)
   z_pipe_reg[10][19]/D         4.40           7.56 f        -3.16  (VIOLATED)
   y_pipe_reg[10][4]/D          4.45           7.61 r        -3.16  (VIOLATED)
   x_pipe_reg[16][5]/D          4.45           7.60 r        -3.15  (VIOLATED)
   z_pipe_reg[2][13]/D          4.40           7.55 f        -3.15  (VIOLATED)
   z_pipe_reg[11][14]/D         4.40           7.50 r        -3.10  (VIOLATED)
   x_pipe_reg[7][7]/D           4.45           7.55 r        -3.10  (VIOLATED)
   z_pipe_reg[13][13]/D         4.45           7.53 f        -3.08  (VIOLATED)
   z_pipe_reg[13][14]/D         4.45           7.53 f        -3.08  (VIOLATED)
   z_pipe_reg[5][9]/D           4.40           7.48 f        -3.08  (VIOLATED)
   z_pipe_reg[5][10]/D          4.40           7.48 f        -3.08  (VIOLATED)
   z_pipe_reg[5][13]/D          4.40           7.48 f        -3.08  (VIOLATED)
   z_pipe_reg[5][14]/D          4.40           7.48 f        -3.08  (VIOLATED)
   z_pipe_reg[6][12]/D          4.40           7.48 f        -3.08  (VIOLATED)
   x_pipe_reg[6][4]/D           4.45           7.53 f        -3.08  (VIOLATED)
   z_pipe_reg[5][15]/D          4.40           7.47 f        -3.07  (VIOLATED)
   z_pipe_reg[14][11]/D         4.45           7.51 f        -3.06  (VIOLATED)
   x_pipe_reg[2][13]/D          4.40           7.46 r        -3.06  (VIOLATED)
   x_pipe_reg[11][6]/D          4.45           7.50 r        -3.05  (VIOLATED)
   x_pipe_reg[2][2]/D           4.45           7.49 r        -3.04  (VIOLATED)
   y_pipe_reg[5][4]/D           4.45           7.49 f        -3.04  (VIOLATED)
   z_pipe_reg[3][9]/D           4.40           7.43 f        -3.03  (VIOLATED)
   z_pipe_reg[3][10]/D          4.40           7.43 f        -3.03  (VIOLATED)
   z_pipe_reg[3][11]/D          4.40           7.43 f        -3.03  (VIOLATED)
   z_pipe_reg[3][13]/D          4.40           7.43 f        -3.03  (VIOLATED)
   z_pipe_reg[3][14]/D          4.40           7.43 f        -3.03  (VIOLATED)
   y_pipe_reg[4][4]/D           4.45           7.48 f        -3.03  (VIOLATED)
   y_pipe_reg[10][6]/D          4.45           7.45 f        -3.00  (VIOLATED)
   y_pipe_reg[2][5]/D           4.45           7.45 f        -3.00  (VIOLATED)
   x_pipe_reg[2][5]/D           4.45           7.44 r        -2.99  (VIOLATED)
   x_pipe_reg[2][6]/D           4.45           7.44 r        -2.99  (VIOLATED)
   z_pipe_reg[5][4]/D           4.45           7.43 f        -2.98  (VIOLATED)
   z_pipe_reg[6][10]/D          4.40           7.37 f        -2.97  (VIOLATED)
   z_pipe_reg[6][11]/D          4.40           7.37 f        -2.97  (VIOLATED)
   z_pipe_reg[6][13]/D          4.40           7.37 f        -2.97  (VIOLATED)
   z_pipe_reg[6][14]/D          4.40           7.37 f        -2.97  (VIOLATED)
   z_pipe_reg[9][12]/D          4.45           7.41 f        -2.96  (VIOLATED)
   x_pipe_reg[14][3]/D          4.45           7.40 r        -2.95  (VIOLATED)
   z_pipe_reg[13][10]/D         4.45           7.40 f        -2.95  (VIOLATED)
   z_pipe_reg[4][10]/D          4.40           7.33 f        -2.93  (VIOLATED)
   z_pipe_reg[4][14]/D          4.40           7.33 f        -2.93  (VIOLATED)
   z_pipe_reg[4][15]/D          4.40           7.33 f        -2.93  (VIOLATED)
   y_pipe_reg[3][3]/D           4.45           7.38 f        -2.93  (VIOLATED)
   x_pipe_reg[13][3]/D          4.45           7.36 r        -2.91  (VIOLATED)
   z_pipe_reg[7][18]/D          4.40           7.30 r        -2.90  (VIOLATED)
   y_pipe_reg[13][3]/D          4.45           7.34 r        -2.89  (VIOLATED)
   x_pipe_reg[3][3]/D           4.45           7.34 f        -2.89  (VIOLATED)
   z_pipe_reg[2][12]/D          4.40           7.28 f        -2.88  (VIOLATED)
   z_pipe_reg[2][14]/D          4.40           7.28 f        -2.88  (VIOLATED)
   z_pipe_reg[2][15]/D          4.40           7.28 f        -2.88  (VIOLATED)
   x_pipe_reg[2][16]/D          4.40           7.28 f        -2.88  (VIOLATED)
   x_pipe_reg[11][5]/D          4.45           7.32 r        -2.87  (VIOLATED)
   z_pipe_reg[13][12]/D         4.45           7.32 f        -2.87  (VIOLATED)
   z_pipe_reg[12][14]/D         4.40           7.26 f        -2.86  (VIOLATED)
   z_pipe_reg[12][15]/D         4.40           7.26 f        -2.86  (VIOLATED)
   z_pipe_reg[12][16]/D         4.40           7.26 f        -2.86  (VIOLATED)
   z_pipe_reg[12][17]/D         4.40           7.26 f        -2.86  (VIOLATED)
   z_pipe_reg[12][18]/D         4.40           7.26 f        -2.86  (VIOLATED)
   z_pipe_reg[13][16]/D         4.40           7.26 r        -2.86  (VIOLATED)
   y_pipe_reg[5][6]/D           4.45           7.30 r        -2.85  (VIOLATED)
   z_pipe_reg[14][19]/D         4.40           7.24 r        -2.84  (VIOLATED)
   z_pipe_reg[2][16]/D          4.45           7.28 f        -2.83  (VIOLATED)
   y_pipe_reg[14][3]/D          4.45           7.28 r        -2.83  (VIOLATED)
   y_pipe_reg[10][5]/D          4.45           7.27 r        -2.82  (VIOLATED)
   z_pipe_reg[4][16]/D          4.45           7.26 f        -2.81  (VIOLATED)
   y_pipe_reg[2][6]/D           4.45           7.26 r        -2.81  (VIOLATED)
   z_pipe_reg[11][15]/D         4.40           7.20 f        -2.80  (VIOLATED)
   z_pipe_reg[11][16]/D         4.40           7.20 f        -2.80  (VIOLATED)
   z_pipe_reg[11][17]/D         4.40           7.20 f        -2.80  (VIOLATED)
   z_pipe_reg[11][18]/D         4.40           7.20 f        -2.80  (VIOLATED)
   z_pipe_reg[11][19]/D         4.40           7.20 f        -2.80  (VIOLATED)
   z_pipe_reg[13][15]/D         4.40           7.19 r        -2.79  (VIOLATED)
   z_pipe_reg[13][17]/D         4.40           7.19 r        -2.79  (VIOLATED)
   z_pipe_reg[13][18]/D         4.40           7.19 r        -2.79  (VIOLATED)
   y_pipe_reg[6][2]/D           4.45           7.23 f        -2.78  (VIOLATED)
   y_pipe_reg[7][2]/D           4.45           7.23 f        -2.78  (VIOLATED)
   y_pipe_reg[9][2]/D           4.45           7.23 f        -2.78  (VIOLATED)
   x_pipe_reg[6][5]/D           4.45           7.22 r        -2.77  (VIOLATED)
   x_pipe_reg[12][3]/D          4.45           7.22 f        -2.77  (VIOLATED)
   x_pipe_reg[15][3]/D          4.45           7.22 f        -2.77  (VIOLATED)
   y_pipe_reg[10][3]/D          4.45           7.22 f        -2.77  (VIOLATED)
   y_pipe_reg[11][3]/D          4.45           7.19 f        -2.74  (VIOLATED)
   z_pipe_reg[1][12]/D          4.45           7.19 f        -2.74  (VIOLATED)
   y_pipe_reg[5][5]/D           4.45           7.18 r        -2.73  (VIOLATED)
   z_pipe_reg[14][8]/D          4.45           7.17 f        -2.72  (VIOLATED)
   z_pipe_reg[14][9]/D          4.45           7.17 f        -2.72  (VIOLATED)
   z_pipe_reg[14][10]/D         4.45           7.17 f        -2.72  (VIOLATED)
   y_pipe_reg[4][5]/D           4.45           7.17 r        -2.72  (VIOLATED)
   z_pipe_reg[7][16]/D          4.45           7.16 f        -2.71  (VIOLATED)
   y_pipe_reg[9][3]/D           4.45           7.16 r        -2.71  (VIOLATED)
   y_pipe_reg[2][7]/D           4.40           7.09 f        -2.69  (VIOLATED)
   y_pipe_reg[2][17]/D          4.45           7.14 f        -2.69  (VIOLATED)
   z_pipe_reg[8][15]/D          4.45           7.13 f        -2.68  (VIOLATED)
   z_pipe_reg[8][13]/D          4.45           7.12 f        -2.67  (VIOLATED)
   z_pipe_reg[10][11]/D         4.45           7.10 f        -2.65  (VIOLATED)
   y_pipe_reg[2][3]/D           4.45           7.09 f        -2.64  (VIOLATED)
   z_pipe_reg[3][7]/D           4.45           7.09 f        -2.64  (VIOLATED)
   y_pipe_reg[2][12]/D          4.40           7.04 r        -2.64  (VIOLATED)
   x_pipe_reg[10][3]/D          4.45           7.07 f        -2.62  (VIOLATED)
   x_pipe_reg[11][3]/D          4.45           7.07 f        -2.62  (VIOLATED)
   y_pipe_reg[12][3]/D          4.45           7.07 f        -2.62  (VIOLATED)
   x_pipe_reg[16][3]/D          4.45           7.07 f        -2.62  (VIOLATED)
   y_pipe_reg[16][3]/D          4.45           7.07 f        -2.62  (VIOLATED)
   z_pipe_reg[10][13]/D         4.45           7.05 f        -2.60  (VIOLATED)
   z_pipe_reg[6][15]/D          4.45           7.05 r        -2.60  (VIOLATED)
   z_pipe_reg[7][19]/D          4.40           7.00 f        -2.60  (VIOLATED)
   y_pipe_reg[5][3]/D           4.45           7.04 r        -2.59  (VIOLATED)
   z_pipe_reg[13][9]/D          4.45           7.02 f        -2.57  (VIOLATED)
   z_pipe_reg[13][11]/D         4.45           7.02 f        -2.57  (VIOLATED)
   z_pipe_reg[8][14]/D          4.45           6.99 f        -2.54  (VIOLATED)
   y_pipe_reg[15][3]/D          4.45           6.99 f        -2.54  (VIOLATED)
   y_pipe_reg[3][2]/D           4.45           6.99 f        -2.54  (VIOLATED)
   x_pipe_reg[7][3]/D           4.45           6.98 r        -2.53  (VIOLATED)
   z_pipe_reg[12][9]/D          4.45           6.98 f        -2.53  (VIOLATED)
   x_pipe_reg[2][3]/D           4.45           6.98 r        -2.53  (VIOLATED)
   x_pipe_reg[12][2]/D          4.45           6.98 f        -2.53  (VIOLATED)
   z_pipe_reg[10][12]/D         4.45           6.97 f        -2.52  (VIOLATED)
   z_pipe_reg[1][10]/D          4.45           6.97 f        -2.52  (VIOLATED)
   z_pipe_reg[1][11]/D          4.45           6.97 f        -2.52  (VIOLATED)
   z_pipe_reg[9][14]/D          4.45           6.96 f        -2.51  (VIOLATED)
   y_pipe_reg[2][2]/D           4.45           6.94 f        -2.49  (VIOLATED)
   z_pipe_reg[5][6]/D           4.45           6.93 f        -2.48  (VIOLATED)
   z_pipe_reg[9][13]/D          4.45           6.91 f        -2.46  (VIOLATED)
   x_pipe_reg[3][2]/D           4.45           6.91 f        -2.46  (VIOLATED)
   x_pipe_reg[8][3]/D           4.45           6.90 r        -2.45  (VIOLATED)
   z_pipe_reg[3][15]/D          4.40           6.84 f        -2.44  (VIOLATED)
   z_pipe_reg[3][4]/D           4.45           6.88 f        -2.43  (VIOLATED)
   y_pipe_reg[2][19]/D          4.40           6.83 r        -2.43  (VIOLATED)
   z_pipe_reg[11][10]/D         4.45           6.87 f        -2.42  (VIOLATED)
   x_pipe_reg[5][3]/D           4.45           6.87 r        -2.42  (VIOLATED)
   x_pipe_reg[6][3]/D           4.45           6.87 r        -2.42  (VIOLATED)
   y_pipe_reg[6][3]/D           4.45           6.86 f        -2.41  (VIOLATED)
   y_pipe_reg[7][3]/D           4.45           6.86 f        -2.41  (VIOLATED)
   x_pipe_reg[9][3]/D           4.45           6.84 f        -2.39  (VIOLATED)
   z_pipe_reg[13][7]/D          4.45           6.84 f        -2.39  (VIOLATED)
   z_pipe_reg[7][14]/D          4.45           6.83 f        -2.38  (VIOLATED)
   y_pipe_reg[2][15]/D          4.40           6.77 f        -2.37  (VIOLATED)
   x_pipe_reg[15][2]/D          4.45           6.82 f        -2.37  (VIOLATED)
   x_pipe_reg[13][2]/D          4.45           6.81 f        -2.36  (VIOLATED)
   y_pipe_reg[2][16]/D          4.40           6.74 f        -2.34  (VIOLATED)
   z_pipe_reg[4][5]/D           4.45           6.78 f        -2.33  (VIOLATED)
   z_pipe_reg[1][9]/D           4.45           6.76 f        -2.31  (VIOLATED)
   z_pipe_reg[4][7]/D           4.45           6.75 r        -2.30  (VIOLATED)
   z_pipe_reg[5][5]/D           4.45           6.74 r        -2.29  (VIOLATED)
   z_pipe_reg[11][11]/D         4.45           6.74 f        -2.29  (VIOLATED)
   z_pipe_reg[11][12]/D         4.45           6.74 f        -2.29  (VIOLATED)
   x_pipe_reg[14][2]/D          4.45           6.74 f        -2.29  (VIOLATED)
   y_pipe_reg[14][2]/D          4.45           6.74 f        -2.29  (VIOLATED)
   z_pipe_reg[2][5]/D           4.45           6.73 f        -2.28  (VIOLATED)
   z_pipe_reg[14][6]/D          4.45           6.73 f        -2.28  (VIOLATED)
   z_pipe_reg[12][19]/D         4.40           6.67 r        -2.27  (VIOLATED)
   z_pipe_reg[7][15]/D          4.45           6.70 f        -2.25  (VIOLATED)
   y_pipe_reg[8][3]/D           4.45           6.70 f        -2.25  (VIOLATED)
   x_pipe_reg[10][2]/D          4.45           6.67 f        -2.22  (VIOLATED)
   z_pipe_reg[4][8]/D           4.45           6.67 f        -2.22  (VIOLATED)
   z_pipe_reg[7][17]/D          4.45           6.66 f        -2.21  (VIOLATED)
   z_pipe_reg[4][6]/D           4.45           6.66 f        -2.21  (VIOLATED)
   z_pipe_reg[2][8]/D           4.45           6.64 f        -2.19  (VIOLATED)
   z_pipe_reg[8][16]/D          4.45           6.63 f        -2.18  (VIOLATED)
   x_pipe_reg[16][2]/D          4.45           6.61 f        -2.16  (VIOLATED)
   y_pipe_reg[13][2]/D          4.45           6.60 f        -2.15  (VIOLATED)
   z_pipe_reg[3][5]/D           4.45           6.58 r        -2.13  (VIOLATED)
   z_pipe_reg[3][6]/D           4.45           6.58 r        -2.13  (VIOLATED)
   z_pipe_reg[10][14]/D         4.45           6.57 f        -2.12  (VIOLATED)
   z_pipe_reg[1][7]/D           4.40           6.50 r        -2.10  (VIOLATED)
   z_pipe_reg[12][11]/D         4.45           6.54 f        -2.09  (VIOLATED)
   y_pipe_reg[11][2]/D          4.45           6.54 f        -2.09  (VIOLATED)
   z_pipe_reg[14][7]/D          4.45           6.51 f        -2.06  (VIOLATED)
   x_pipe_reg[6][1]/D           4.45           6.48 f        -2.03  (VIOLATED)
   y_pipe_reg[10][2]/D          4.45           6.48 f        -2.03  (VIOLATED)
   x_pipe_reg[9][2]/D           4.45           6.46 f        -2.01  (VIOLATED)
   y_pipe_reg[16][1]/D          4.45           6.46 f        -2.01  (VIOLATED)
   z_pipe_reg[9][15]/D          4.45           6.46 f        -2.01  (VIOLATED)
   y_pipe_reg[12][2]/D          4.45           6.44 f        -1.99  (VIOLATED)
   z_pipe_reg[2][6]/D           4.45           6.42 r        -1.97  (VIOLATED)
   z_pipe_reg[2][7]/D           4.45           6.42 r        -1.97  (VIOLATED)
   z_pipe_reg[11][13]/D         4.45           6.42 f        -1.97  (VIOLATED)
   y_pipe_reg[8][2]/D           4.45           6.35 f        -1.90  (VIOLATED)
   z_pipe_reg[5][7]/D           4.45           6.35 r        -1.90  (VIOLATED)
   x_pipe_reg[7][1]/D           4.45           6.35 f        -1.90  (VIOLATED)
   y_pipe_reg[4][1]/D           4.45           6.35 f        -1.90  (VIOLATED)
   y_pipe_reg[15][2]/D          4.45           6.34 f        -1.89  (VIOLATED)
   x_pipe_reg[13][1]/D          4.45           6.33 f        -1.88  (VIOLATED)
   x_pipe_reg[8][2]/D           4.45           6.33 f        -1.88  (VIOLATED)
   x_pipe_reg[11][2]/D          4.45           6.33 f        -1.88  (VIOLATED)
   x_pipe_reg[5][1]/D           4.45           6.33 f        -1.88  (VIOLATED)
   y_pipe_reg[10][1]/D          4.45           6.33 f        -1.88  (VIOLATED)
   x_pipe_reg[2][1]/D           4.45           6.31 r        -1.86  (VIOLATED)
   x_pipe_reg[4][2]/D           4.45           6.31 f        -1.86  (VIOLATED)
   z_pipe_reg[12][10]/D         4.45           6.30 r        -1.85  (VIOLATED)
   x_pipe_reg[5][2]/D           4.45           6.30 f        -1.85  (VIOLATED)
   x_pipe_reg[7][2]/D           4.45           6.30 f        -1.85  (VIOLATED)
   z_pipe_reg[6][4]/D           4.40           6.24 r        -1.84  (VIOLATED)
   z_pipe_reg[13][19]/D         4.40           6.23 f        -1.83  (VIOLATED)
   y_pipe_reg[5][1]/D           4.45           6.28 f        -1.83  (VIOLATED)
   x_pipe_reg[10][1]/D          4.45           6.26 f        -1.81  (VIOLATED)
   y_pipe_reg[7][1]/D           4.45           6.26 f        -1.81  (VIOLATED)
   y_pipe_reg[9][1]/D           4.45           6.26 f        -1.81  (VIOLATED)
   y_pipe_reg[5][2]/D           4.45           6.25 f        -1.80  (VIOLATED)
   x_pipe_reg[9][1]/D           4.45           6.25 f        -1.80  (VIOLATED)
   z_pipe_reg[2][4]/D           4.45           6.23 f        -1.78  (VIOLATED)
   x_pipe_reg[4][1]/D           4.45           6.22 f        -1.77  (VIOLATED)
   z_pipe_reg[13][8]/D          4.45           6.21 f        -1.76  (VIOLATED)
   x_pipe_reg[6][2]/D           4.45           6.21 f        -1.76  (VIOLATED)
   x_pipe_reg[3][1]/D           4.45           6.18 f        -1.73  (VIOLATED)
   x_pipe_reg[8][1]/D           4.45           6.18 f        -1.73  (VIOLATED)
   x_pipe_reg[15][1]/D          4.45           6.18 f        -1.73  (VIOLATED)
   y_pipe_reg[6][1]/D           4.45           6.18 f        -1.73  (VIOLATED)
   y_pipe_reg[8][1]/D           4.45           6.18 f        -1.73  (VIOLATED)
   y_pipe_reg[11][1]/D          4.45           6.18 f        -1.73  (VIOLATED)
   x_pipe_reg[16][1]/D          4.45           6.17 f        -1.72  (VIOLATED)
   z_pipe_reg[7][13]/D          4.45           6.17 f        -1.72  (VIOLATED)
   z_pipe_reg[8][11]/D          4.45           6.16 f        -1.71  (VIOLATED)
   z_pipe_reg[10][9]/D          4.45           6.16 f        -1.71  (VIOLATED)
   y_pipe_reg[3][1]/D           4.45           6.15 f        -1.70  (VIOLATED)
   y_pipe_reg[4][2]/D           4.45           6.15 f        -1.70  (VIOLATED)
   z_pipe_reg[1][8]/D           4.45           6.14 f        -1.69  (VIOLATED)
   z_pipe_reg[9][10]/D          4.45           6.10 f        -1.65  (VIOLATED)
   z_pipe_reg[15][19]/D         4.45           6.04 f        -1.59  (VIOLATED)
   y_pipe_reg[16][2]/D          4.45           6.02 f        -1.57  (VIOLATED)
   z_pipe_reg[6][5]/D           4.40           5.94 f        -1.54  (VIOLATED)
   z_pipe_reg[6][6]/D           4.40           5.94 f        -1.54  (VIOLATED)
   y_pipe_reg[2][1]/D           4.45           5.98 f        -1.53  (VIOLATED)
   z_pipe_reg[14][5]/D          4.45           5.92 f        -1.47  (VIOLATED)
   z_pipe_reg[12][12]/D         4.45           5.91 f        -1.46  (VIOLATED)
   x_pipe_reg[2][0]/D           4.45           5.91 f        -1.46  (VIOLATED)
   z_pipe_reg[7][12]/D          4.45           5.89 f        -1.44  (VIOLATED)
   y_pipe_reg[15][1]/D          4.45           5.89 f        -1.44  (VIOLATED)
   z_pipe_reg[6][7]/D           4.40           5.84 r        -1.44  (VIOLATED)
   z_pipe_reg[12][7]/D          4.45           5.87 f        -1.42  (VIOLATED)
   z_pipe_reg[3][3]/D           4.45           5.84 f        -1.39  (VIOLATED)
   z_pipe_reg[4][4]/D           4.45           5.84 f        -1.39  (VIOLATED)
   z_pipe_reg[5][3]/D           4.45           5.84 f        -1.39  (VIOLATED)
   z_pipe_reg[8][12]/D          4.45           5.84 f        -1.39  (VIOLATED)
   z_pipe_reg[11][8]/D          4.45           5.83 f        -1.38  (VIOLATED)
   z_pipe_reg[5][2]/D           4.45           5.82 f        -1.37  (VIOLATED)
   y_pipe_reg[14][0]/D          4.45           5.81 f        -1.36  (VIOLATED)
   y_pipe_reg[12][1]/D          4.45           5.80 f        -1.35  (VIOLATED)
   y_pipe_reg[14][1]/D          4.45           5.80 f        -1.35  (VIOLATED)
   x_pipe_reg[14][1]/D          4.45           5.74 f        -1.29  (VIOLATED)
   y_pipe_reg[13][1]/D          4.45           5.74 f        -1.29  (VIOLATED)
   z_pipe_reg[4][3]/D           4.45           5.74 f        -1.29  (VIOLATED)
   z_pipe_reg[3][2]/D           4.45           5.71 f        -1.26  (VIOLATED)
   z_pipe_reg[13][6]/D          4.45           5.65 f        -1.20  (VIOLATED)
   z_pipe_reg[10][10]/D         4.45           5.64 r        -1.19  (VIOLATED)
   z_pipe_reg[2][3]/D           4.45           5.59 f        -1.14  (VIOLATED)
   z_pipe_reg[9][11]/D          4.45           5.58 r        -1.13  (VIOLATED)
   z_pipe_reg[11][9]/D          4.45           5.54 f        -1.09  (VIOLATED)
   z_pipe_reg[12][8]/D          4.45           5.54 f        -1.09  (VIOLATED)
   x_pipe_reg[12][1]/D          4.45           5.53 f        -1.08  (VIOLATED)
   x_pipe_reg[11][1]/D          4.45           5.51 f        -1.06  (VIOLATED)
   x_pipe_reg[13][0]/D          4.45           5.47 f        -1.02  (VIOLATED)
   y_pipe_reg[13][0]/D          4.45           5.47 f        -1.02  (VIOLATED)
   z_pipe_reg[1][6]/D           4.45           5.47 f        -1.02  (VIOLATED)
   z_pipe_reg[6][2]/D           4.40           5.32 r        -0.92  (VIOLATED)
   z_pipe_reg[6][3]/D           4.40           5.22 r        -0.82  (VIOLATED)
   cos_out[0]                   4.30           5.11 f        -0.81  (VIOLATED)
   cos_out[2]                   4.30           5.11 f        -0.81  (VIOLATED)
   cos_out[4]                   4.30           5.11 f        -0.81  (VIOLATED)
   cos_out[6]                   4.30           5.11 f        -0.81  (VIOLATED)
   cos_out[8]                   4.30           5.11 f        -0.81  (VIOLATED)
   cos_out[10]                  4.30           5.11 f        -0.81  (VIOLATED)
   cos_out[12]                  4.30           5.11 f        -0.81  (VIOLATED)
   cos_out[14]                  4.30           5.11 f        -0.81  (VIOLATED)
   sin_out[0]                   4.30           5.11 f        -0.81  (VIOLATED)
   sin_out[2]                   4.30           5.11 f        -0.81  (VIOLATED)
   sin_out[4]                   4.30           5.11 f        -0.81  (VIOLATED)
   sin_out[6]                   4.30           5.11 f        -0.81  (VIOLATED)
   sin_out[8]                   4.30           5.11 f        -0.81  (VIOLATED)
   sin_out[10]                  4.30           5.11 f        -0.81  (VIOLATED)
   sin_out[12]                  4.30           5.11 f        -0.81  (VIOLATED)
   sin_out[14]                  4.30           5.11 f        -0.81  (VIOLATED)
   x_pipe_reg[10][0]/D          4.45           5.22 f        -0.77  (VIOLATED)
   y_pipe_reg[9][0]/D           4.45           5.22 f        -0.77  (VIOLATED)
   cos_out[1]                   4.30           5.06 f        -0.76  (VIOLATED)
   cos_out[3]                   4.30           5.06 f        -0.76  (VIOLATED)
   cos_out[5]                   4.30           5.06 f        -0.76  (VIOLATED)
   cos_out[7]                   4.30           5.06 f        -0.76  (VIOLATED)
   cos_out[9]                   4.30           5.06 f        -0.76  (VIOLATED)
   cos_out[11]                  4.30           5.06 f        -0.76  (VIOLATED)
   cos_out[13]                  4.30           5.06 f        -0.76  (VIOLATED)
   sin_out[1]                   4.30           5.06 f        -0.76  (VIOLATED)
   sin_out[3]                   4.30           5.06 f        -0.76  (VIOLATED)
   sin_out[5]                   4.30           5.06 f        -0.76  (VIOLATED)
   sin_out[7]                   4.30           5.06 f        -0.76  (VIOLATED)
   sin_out[9]                   4.30           5.06 f        -0.76  (VIOLATED)
   sin_out[11]                  4.30           5.06 f        -0.76  (VIOLATED)
   sin_out[13]                  4.30           5.06 f        -0.76  (VIOLATED)
   z_pipe_reg[4][2]/D           4.45           5.17 f        -0.72  (VIOLATED)
   x_pipe_reg[14][0]/D          4.45           5.16 f        -0.71  (VIOLATED)
   y_pipe_reg[7][0]/D           4.45           5.14 f        -0.69  (VIOLATED)
   z_pipe_reg[3][1]/D           4.45           5.10 r        -0.65  (VIOLATED)
   z_pipe_reg[5][1]/D           4.45           5.10 r        -0.65  (VIOLATED)
   z_pipe_reg[11][7]/D          4.45           5.08 r        -0.63  (VIOLATED)
   x_pipe_reg[7][0]/D           4.45           5.05 f        -0.60  (VIOLATED)
   x_pipe_reg[12][0]/D          4.45           5.05 r        -0.60  (VIOLATED)
   y_pipe_reg[12][0]/D          4.45           5.05 r        -0.60  (VIOLATED)
   z_pipe_reg[2][2]/D           4.45           5.05 r        -0.60  (VIOLATED)
   z_pipe_reg[12][6]/D          4.45           5.05 r        -0.60  (VIOLATED)
   z_pipe_reg[13][5]/D          4.45           5.05 r        -0.60  (VIOLATED)
   z_pipe_reg[10][8]/D          4.45           4.97 r        -0.52  (VIOLATED)
   z_pipe_reg[9][9]/D           4.45           4.93 r        -0.48  (VIOLATED)
   z_pipe_reg[7][11]/D          4.45           4.88 r        -0.43  (VIOLATED)
   z_pipe_reg[8][10]/D          4.45           4.88 r        -0.43  (VIOLATED)
   x_pipe_reg[15][0]/D          4.45           4.74 f        -0.29  (VIOLATED)
   y_pipe_reg[15][0]/D          4.45           4.53 f        -0.08  (VIOLATED)
   z_pipe_reg[14][4]/D          4.45           4.51 f        -0.06  (VIOLATED)


1
