 
****************************************
Report : constraint
        -all_violators
Design : cordic_pipelined
Version: W-2024.09-SP2
Date   : Thu Apr 30 18:27:35 2026
****************************************


   max_delay/setup ('clk' group)

                             Required        Actual
   Endpoint                 Path Delay     Path Delay        Slack
   -----------------------------------------------------------------
   y_pipe_reg[13][18]/D         8.95           9.06 r        -0.11  (VIOLATED)
   y_pipe_reg[12][16]/D         8.95           9.03 r        -0.08  (VIOLATED)
   y_pipe_reg[11][19]/D         8.95           9.03 f        -0.08  (VIOLATED)
   x_pipe_reg[4][16]/D          8.95           9.03 f        -0.08  (VIOLATED)
   x_pipe_reg[10][9]/D          8.95           9.03 f        -0.08  (VIOLATED)
   x_pipe_reg[10][10]/D         8.95           9.03 f        -0.08  (VIOLATED)
   x_pipe_reg[10][11]/D         8.95           9.03 f        -0.08  (VIOLATED)
   x_pipe_reg[10][12]/D         8.95           9.03 f        -0.08  (VIOLATED)
   x_pipe_reg[10][14]/D         8.95           9.03 f        -0.08  (VIOLATED)
   y_pipe_reg[10][9]/D          8.95           9.03 f        -0.08  (VIOLATED)
   y_pipe_reg[10][10]/D         8.95           9.03 f        -0.08  (VIOLATED)
   y_pipe_reg[10][11]/D         8.95           9.03 f        -0.08  (VIOLATED)
   y_pipe_reg[4][9]/D           8.95           9.03 f        -0.08  (VIOLATED)
   y_pipe_reg[4][10]/D          8.95           9.03 f        -0.08  (VIOLATED)
   y_pipe_reg[4][11]/D          8.95           9.03 f        -0.08  (VIOLATED)
   y_pipe_reg[4][12]/D          8.95           9.03 f        -0.08  (VIOLATED)
   y_pipe_reg[4][13]/D          8.95           9.03 f        -0.08  (VIOLATED)
   y_pipe_reg[4][14]/D          8.95           9.03 f        -0.08  (VIOLATED)
   x_pipe_reg[12][19]/D         8.95           9.03 f        -0.08  (VIOLATED)
   x_pipe_reg[6][16]/D          8.95           9.03 r        -0.08  (VIOLATED)
   x_pipe_reg[12][8]/D          8.95           9.02 f        -0.07  (VIOLATED)
   y_pipe_reg[14][15]/D         8.95           9.02 f        -0.07  (VIOLATED)
   y_pipe_reg[14][10]/D         8.95           9.02 f        -0.07  (VIOLATED)
   y_pipe_reg[14][11]/D         8.95           9.02 f        -0.07  (VIOLATED)
   y_pipe_reg[14][12]/D         8.95           9.02 f        -0.07  (VIOLATED)
   y_pipe_reg[7][16]/D          8.95           9.02 f        -0.07  (VIOLATED)
   x_pipe_reg[13][10]/D         8.95           9.02 f        -0.07  (VIOLATED)
   x_pipe_reg[13][11]/D         8.95           9.02 f        -0.07  (VIOLATED)
   x_pipe_reg[13][12]/D         8.95           9.02 f        -0.07  (VIOLATED)
   x_pipe_reg[13][13]/D         8.95           9.02 f        -0.07  (VIOLATED)
   x_pipe_reg[13][14]/D         8.95           9.02 f        -0.07  (VIOLATED)
   x_pipe_reg[13][15]/D         8.95           9.02 f        -0.07  (VIOLATED)
   y_pipe_reg[3][16]/D          8.95           9.02 f        -0.07  (VIOLATED)
   x_pipe_reg[3][16]/D          8.95           9.02 f        -0.07  (VIOLATED)
   z_pipe_reg[2][9]/D           8.95           9.02 f        -0.07  (VIOLATED)
   x_pipe_reg[8][16]/D          8.95           9.02 r        -0.07  (VIOLATED)
   y_pipe_reg[9][17]/D          8.95           9.02 r        -0.07  (VIOLATED)
   y_pipe_reg[15][9]/D          8.95           9.02 f        -0.07  (VIOLATED)
   y_pipe_reg[15][10]/D         8.95           9.02 f        -0.07  (VIOLATED)
   y_pipe_reg[15][11]/D         8.95           9.02 f        -0.07  (VIOLATED)
   y_pipe_reg[15][13]/D         8.95           9.02 f        -0.07  (VIOLATED)
   x_pipe_reg[12][15]/D         8.95           9.02 r        -0.07  (VIOLATED)
   x_pipe_reg[15][14]/D         8.95           9.02 r        -0.07  (VIOLATED)
   y_pipe_reg[15][14]/D         8.95           9.01 r        -0.06  (VIOLATED)
   x_pipe_reg[5][16]/D          8.95           9.01 f        -0.06  (VIOLATED)
   x_pipe_reg[14][15]/D         8.95           9.01 f        -0.06  (VIOLATED)
   y_pipe_reg[13][14]/D         8.95           9.01 f        -0.06  (VIOLATED)
   y_pipe_reg[15][16]/D         8.90           8.96 r        -0.06  (VIOLATED)
   y_pipe_reg[5][16]/D          8.95           9.01 f        -0.06  (VIOLATED)
   x_pipe_reg[14][19]/D         8.95           9.00 r        -0.05  (VIOLATED)
   y_pipe_reg[4][16]/D          8.95           9.00 f        -0.05  (VIOLATED)
   x_pipe_reg[11][15]/D         8.95           9.00 f        -0.05  (VIOLATED)
   y_pipe_reg[15][12]/D         8.95           9.00 r        -0.05  (VIOLATED)
   y_pipe_reg[15][18]/D         8.95           8.99 r        -0.04  (VIOLATED)
   x_pipe_reg[16][19]/D         8.95           8.99 r        -0.04  (VIOLATED)
   y_pipe_reg[9][10]/D          8.95           8.99 f        -0.04  (VIOLATED)
   y_pipe_reg[9][11]/D          8.95           8.99 f        -0.04  (VIOLATED)
   y_pipe_reg[9][12]/D          8.95           8.99 f        -0.04  (VIOLATED)
   y_pipe_reg[9][13]/D          8.95           8.99 f        -0.04  (VIOLATED)
   y_pipe_reg[9][14]/D          8.95           8.99 f        -0.04  (VIOLATED)
   x_pipe_reg[16][12]/D         8.95           8.99 f        -0.04  (VIOLATED)
   x_pipe_reg[15][19]/D         8.95           8.99 f        -0.04  (VIOLATED)
   y_pipe_reg[11][17]/D         8.95           8.99 r        -0.04  (VIOLATED)
   y_pipe_reg[11][18]/D         8.95           8.99 r        -0.04  (VIOLATED)
   y_pipe_reg[16][7]/D          8.95           8.99 f        -0.04  (VIOLATED)
   z_pipe_reg[3][19]/D          8.95           8.99 r        -0.04  (VIOLATED)
   z_pipe_reg[3][16]/D          8.95           8.99 f        -0.04  (VIOLATED)
   y_pipe_reg[10][14]/D         8.95           8.99 r        -0.04  (VIOLATED)
   x_pipe_reg[8][18]/D          8.95           8.99 r        -0.04  (VIOLATED)
   x_pipe_reg[14][18]/D         8.95           8.99 r        -0.04  (VIOLATED)
   x_pipe_reg[12][16]/D         8.95           8.99 r        -0.04  (VIOLATED)
   x_pipe_reg[7][16]/D          8.95           8.99 f        -0.04  (VIOLATED)
   x_pipe_reg[12][17]/D         8.95           8.99 r        -0.04  (VIOLATED)
   x_pipe_reg[12][18]/D         8.95           8.99 r        -0.04  (VIOLATED)
   x_pipe_reg[13][9]/D          8.95           8.98 r        -0.03  (VIOLATED)
   y_pipe_reg[12][8]/D          8.95           8.98 f        -0.03  (VIOLATED)
   y_pipe_reg[10][16]/D         8.95           8.98 r        -0.03  (VIOLATED)
   y_pipe_reg[8][16]/D          8.95           8.98 r        -0.03  (VIOLATED)
   y_pipe_reg[14][13]/D         8.95           8.98 r        -0.03  (VIOLATED)
   y_pipe_reg[14][14]/D         8.95           8.98 r        -0.03  (VIOLATED)
   x_pipe_reg[13][7]/D          8.95           8.98 f        -0.03  (VIOLATED)
   x_pipe_reg[10][16]/D         8.95           8.97 r        -0.02  (VIOLATED)
   y_pipe_reg[3][8]/D           8.95           8.97 f        -0.02  (VIOLATED)
   x_pipe_reg[14][8]/D          8.95           8.97 f        -0.02  (VIOLATED)
   y_pipe_reg[11][15]/D         8.95           8.97 f        -0.02  (VIOLATED)
   x_pipe_reg[15][16]/D         8.95           8.97 r        -0.02  (VIOLATED)
   x_pipe_reg[7][8]/D           8.95           8.97 f        -0.02  (VIOLATED)
   x_pipe_reg[3][12]/D          8.95           8.97 f        -0.02  (VIOLATED)
   x_pipe_reg[15][15]/D         8.95           8.96 f        -0.01  (VIOLATED)
   x_pipe_reg[15][17]/D         8.95           8.96 f        -0.01  (VIOLATED)
   x_pipe_reg[15][18]/D         8.95           8.96 f        -0.01  (VIOLATED)
   x_pipe_reg[14][13]/D         8.95           8.96 r        -0.01  (VIOLATED)
   y_pipe_reg[5][12]/D          8.95           8.96 f        -0.01  (VIOLATED)
   x_pipe_reg[16][15]/D         8.95           8.96 r        -0.01  (VIOLATED)
   x_pipe_reg[16][8]/D          8.95           8.96 f        -0.01  (VIOLATED)
   x_pipe_reg[3][18]/D          8.95           8.96 f        -0.01  (VIOLATED)
   x_pipe_reg[3][19]/D          8.95           8.96 f        -0.01  (VIOLATED)
   x_pipe_reg[5][9]/D           8.95           8.96 r        -0.01  (VIOLATED)
   x_pipe_reg[5][10]/D          8.95           8.96 r        -0.01  (VIOLATED)
   x_pipe_reg[5][11]/D          8.95           8.96 r        -0.01  (VIOLATED)
   x_pipe_reg[5][13]/D          8.95           8.96 r        -0.01  (VIOLATED)
   x_pipe_reg[5][14]/D          8.95           8.96 r        -0.01  (VIOLATED)
   x_pipe_reg[9][16]/D          8.95           8.96 r        -0.01  (VIOLATED)
   x_pipe_reg[11][16]/D         8.95           8.95 r         0.00  (VIOLATED: increase significant digits)
   y_pipe_reg[9][18]/D          8.95           8.95 r         0.00  (VIOLATED: increase significant digits)
   x_pipe_reg[14][10]/D         8.95           8.95 f         0.00  (VIOLATED: increase significant digits)
   x_pipe_reg[14][11]/D         8.95           8.95 f         0.00  (VIOLATED: increase significant digits)
   x_pipe_reg[14][12]/D         8.95           8.95 f         0.00  (VIOLATED: increase significant digits)
   x_pipe_reg[4][17]/D          8.95           8.95 f         0.00  (VIOLATED: increase significant digits)
   x_pipe_reg[4][18]/D          8.95           8.95 f         0.00  (VIOLATED: increase significant digits)
   x_pipe_reg[4][19]/D          8.95           8.95 f         0.00  (VIOLATED: increase significant digits)
   y_pipe_reg[6][16]/D          8.95           8.95 r         0.00  (VIOLATED: increase significant digits)


1
