 
****************************************
Report : qor
Design : cordic_pipelined
Version: W-2024.09-SP2
Date   : Thu Apr 30 16:56:06 2026
****************************************


  Timing Path Group 'clk'
  -----------------------------------
  Levels of Logic:               8.00
  Critical Path Length:          8.49
  Critical Path Slack:          -7.34
  Critical Path Clk Period:      2.00
  Total Negative Slack:      -5081.85
  No. of Violating Paths:      912.00
  Worst Hold Violation:          0.00
  Total Hold Violation:          0.00
  No. of Hold Violations:        0.00
  -----------------------------------


  Cell Count
  -----------------------------------
  Hierarchical Cell Count:          0
  Hierarchical Port Count:          0
  Leaf Cell Count:              12915
  Buf/Inv Cell Count:            1676
  Buf Cell Count:                 426
  Inv Cell Count:                1676
  CT Buf/Inv Cell Count:            0
  Combinational Cell Count:     12015
  Sequential Cell Count:          900
  Macro Count:                      0
  -----------------------------------


  Area
  -----------------------------------
  Combinational Area:    31033.000000
  Noncombinational Area:  8431.000000
  Buf/Inv Area:           2489.000000
  Total Buffer Area:           880.00
  Total Inverter Area:        2489.00
  Macro/Black Box Area:      0.000000
  Net Area:                  0.000000
  -----------------------------------
  Cell Area:             39464.000000
  Design Area:           39464.000000


  Design Rules
  -----------------------------------
  Total Number of Nets:         13723
  Nets With Violations:             0
  Max Trans Violations:             0
  Max Cap Violations:               0
  -----------------------------------


  Hostname: ts3.ecse.rpi.edu

  Compile CPU Statistics
  -----------------------------------------
  Resource Sharing:                    2.58
  Logic Optimization:                 14.41
  Mapping Optimization:               31.96
  -----------------------------------------
  Overall Compile Time:               60.72
  Overall Compile Wall Clock Time:    75.68

  --------------------------------------------------------------------

  Design  WNS: 7.34  TNS: 5081.85  Number of Violating Paths: 912


  Design (Hold)  WNS: 0.00  TNS: 0.00  Number of Violating Paths: 0

  --------------------------------------------------------------------


1
