 
****************************************
Report : qor
Design : cordic_pipelined
Version: W-2024.09-SP2
Date   : Thu Apr 30 16:53:25 2026
****************************************


  Timing Path Group 'clk'
  -----------------------------------
  Levels of Logic:               8.00
  Critical Path Length:          8.56
  Critical Path Slack:          -4.41
  Critical Path Clk Period:      5.00
  Total Negative Slack:      -2622.48
  No. of Violating Paths:      818.00
  Worst Hold Violation:          0.00
  Total Hold Violation:          0.00
  No. of Hold Violations:        0.00
  -----------------------------------


  Cell Count
  -----------------------------------
  Hierarchical Cell Count:          0
  Hierarchical Port Count:          0
  Leaf Cell Count:              13035
  Buf/Inv Cell Count:            1674
  Buf Cell Count:                 390
  Inv Cell Count:                1674
  CT Buf/Inv Cell Count:            0
  Combinational Cell Count:     12135
  Sequential Cell Count:          900
  Macro Count:                      0
  -----------------------------------


  Area
  -----------------------------------
  Combinational Area:    30084.000000
  Noncombinational Area:  8405.000000
  Buf/Inv Area:           2331.000000
  Total Buffer Area:           775.00
  Total Inverter Area:        2331.00
  Macro/Black Box Area:      0.000000
  Net Area:                  0.000000
  -----------------------------------
  Cell Area:             38489.000000
  Design Area:           38489.000000


  Design Rules
  -----------------------------------
  Total Number of Nets:         13820
  Nets With Violations:             0
  Max Trans Violations:             0
  Max Cap Violations:               0
  -----------------------------------


  Hostname: ts3.ecse.rpi.edu

  Compile CPU Statistics
  -----------------------------------------
  Resource Sharing:                    2.67
  Logic Optimization:                 14.03
  Mapping Optimization:               26.62
  -----------------------------------------
  Overall Compile Time:               54.40
  Overall Compile Wall Clock Time:    71.75

  --------------------------------------------------------------------

  Design  WNS: 4.41  TNS: 2622.48  Number of Violating Paths: 818


  Design (Hold)  WNS: 0.00  TNS: 0.00  Number of Violating Paths: 0

  --------------------------------------------------------------------


1
