 
****************************************
Report : qor
Design : cordic_pipelined
Version: W-2024.09-SP2
Date   : Thu Apr 30 18:30:35 2026
****************************************


  Timing Path Group 'clk'
  -----------------------------------
  Levels of Logic:               7.00
  Critical Path Length:          8.75
  Critical Path Slack:          -1.60
  Critical Path Clk Period:      8.00
  Total Negative Slack:       -598.30
  No. of Violating Paths:      609.00
  Worst Hold Violation:          0.00
  Total Hold Violation:          0.00
  No. of Hold Violations:        0.00
  -----------------------------------


  Cell Count
  -----------------------------------
  Hierarchical Cell Count:          0
  Hierarchical Port Count:          0
  Leaf Cell Count:              14022
  Buf/Inv Cell Count:            1238
  Buf Cell Count:                 430
  Inv Cell Count:                1238
  CT Buf/Inv Cell Count:            0
  Combinational Cell Count:     13124
  Sequential Cell Count:          898
  Macro Count:                      0
  -----------------------------------


  Area
  -----------------------------------
  Combinational Area:    27943.000000
  Noncombinational Area:  8374.000000
  Buf/Inv Area:           1605.000000
  Total Buffer Area:           731.00
  Total Inverter Area:        1605.00
  Macro/Black Box Area:      0.000000
  Net Area:                  0.000000
  -----------------------------------
  Cell Area:             36317.000000
  Design Area:           36317.000000


  Design Rules
  -----------------------------------
  Total Number of Nets:         14833
  Nets With Violations:             0
  Max Trans Violations:             0
  Max Cap Violations:               0
  -----------------------------------


  Hostname: ts3.ecse.rpi.edu

  Compile CPU Statistics
  -----------------------------------------
  Resource Sharing:                    2.57
  Logic Optimization:                 13.99
  Mapping Optimization:               25.79
  -----------------------------------------
  Overall Compile Time:               53.16
  Overall Compile Wall Clock Time:    72.14

  --------------------------------------------------------------------

  Design  WNS: 1.60  TNS: 598.30  Number of Violating Paths: 609


  Design (Hold)  WNS: 0.00  TNS: 0.00  Number of Violating Paths: 0

  --------------------------------------------------------------------


1
