 
****************************************
Report : qor
Design : cordic_pipelined
Version: W-2024.09-SP2
Date   : Thu Apr 30 16:54:44 2026
****************************************


  Timing Path Group 'clk'
  -----------------------------------
  Levels of Logic:               7.00
  Critical Path Length:          8.53
  Critical Path Slack:          -6.38
  Critical Path Clk Period:      3.00
  Total Negative Slack:      -4250.28
  No. of Violating Paths:      836.00
  Worst Hold Violation:          0.00
  Total Hold Violation:          0.00
  No. of Hold Violations:        0.00
  -----------------------------------


  Cell Count
  -----------------------------------
  Hierarchical Cell Count:          0
  Hierarchical Port Count:          0
  Leaf Cell Count:              12977
  Buf/Inv Cell Count:            1739
  Buf Cell Count:                 427
  Inv Cell Count:                1739
  CT Buf/Inv Cell Count:            0
  Combinational Cell Count:     12077
  Sequential Cell Count:          900
  Macro Count:                      0
  -----------------------------------


  Area
  -----------------------------------
  Combinational Area:    30659.000000
  Noncombinational Area:  8449.000000
  Buf/Inv Area:           2496.000000
  Total Buffer Area:           860.00
  Total Inverter Area:        2496.00
  Macro/Black Box Area:      0.000000
  Net Area:                  0.000000
  -----------------------------------
  Cell Area:             39108.000000
  Design Area:           39108.000000


  Design Rules
  -----------------------------------
  Total Number of Nets:         13793
  Nets With Violations:             0
  Max Trans Violations:             0
  Max Cap Violations:               0
  -----------------------------------


  Hostname: ts3.ecse.rpi.edu

  Compile CPU Statistics
  -----------------------------------------
  Resource Sharing:                    2.57
  Logic Optimization:                 14.17
  Mapping Optimization:               27.88
  -----------------------------------------
  Overall Compile Time:               55.97
  Overall Compile Wall Clock Time:    72.62

  --------------------------------------------------------------------

  Design  WNS: 6.38  TNS: 4250.28  Number of Violating Paths: 836


  Design (Hold)  WNS: 0.00  TNS: 0.00  Number of Violating Paths: 0

  --------------------------------------------------------------------


1
