 
****************************************
Report : resources
Design : cordic_pipelined
Version: W-2024.09-SP2
Date   : Thu Apr 30 16:52:07 2026
****************************************


Resource Report for this hierarchy in file ./rtl/cordic_pipelined.sv
=============================================================================
| Cell           | Module         | Parameters | Contained Operations       |
=============================================================================
| gte_x_1        | DW_cmp         | width=20   | gte_120 (cordic_pipelined.sv:120) |
| gte_x_5        | DW_cmp         | width=20   | gte_120_I2 (cordic_pipelined.sv:120) |
| gte_x_6        | DW_cmp         | width=20   | gte_120_I3 (cordic_pipelined.sv:120) |
| gte_x_7        | DW_cmp         | width=20   | gte_120_I4 (cordic_pipelined.sv:120) |
| gte_x_8        | DW_cmp         | width=20   | gte_120_I5 (cordic_pipelined.sv:120) |
| gte_x_9        | DW_cmp         | width=20   | gte_120_I6 (cordic_pipelined.sv:120) |
| gte_x_10       | DW_cmp         | width=20   | gte_120_I7 (cordic_pipelined.sv:120) |
| gte_x_11       | DW_cmp         | width=20   | gte_120_I8 (cordic_pipelined.sv:120) |
| gte_x_12       | DW_cmp         | width=20   | gte_120_I9 (cordic_pipelined.sv:120) |
| gte_x_13       | DW_cmp         | width=20   | gte_120_I10 (cordic_pipelined.sv:120) |
| gte_x_14       | DW_cmp         | width=20   | gte_120_I11 (cordic_pipelined.sv:120) |
| gte_x_15       | DW_cmp         | width=20   | gte_120_I12 (cordic_pipelined.sv:120) |
| gte_x_16       | DW_cmp         | width=20   | gte_120_I13 (cordic_pipelined.sv:120) |
| gte_x_17       | DW_cmp         | width=20   | gte_120_I14 (cordic_pipelined.sv:120) |
| gte_x_18       | DW_cmp         | width=20   | gte_120_I15 (cordic_pipelined.sv:120) |
| gte_x_19       | DW_cmp         | width=20   | gte_120_I16 (cordic_pipelined.sv:120) |
| gt_x_22        | DW_cmp         | width=19   | gt_85_C134 (cordic_pipelined.sv:85) |
| lt_x_23        | DW_cmp         | width=19   | lt_87_C134 (cordic_pipelined.sv:87) |
| gt_x_25        | DW_cmp         | width=19   | gt_85_C135 (cordic_pipelined.sv:85) |
| lt_x_26        | DW_cmp         | width=19   | lt_87_C135 (cordic_pipelined.sv:87) |
| DP_OP_256_286_2611              |            |                            |
|                | DP_OP_256_286_2611 |        |                            |
| DP_OP_254_274_6844              |            |                            |
|                | DP_OP_254_274_6844 |        |                            |
| DP_OP_163_292_7973              |            |                            |
|                | DP_OP_163_292_7973 |        |                            |
| DP_OP_162_285_657               |            |                            |
|                | DP_OP_162_285_657 |         |                            |
| DP_OP_161_270_9576              |            |                            |
|                | DP_OP_161_270_9576 |        |                            |
| DP_OP_160_293_310               |            |                            |
|                | DP_OP_160_293_310 |         |                            |
| DP_OP_159_284_3572              |            |                            |
|                | DP_OP_159_284_3572 |        |                            |
| DP_OP_158_269_7805              |            |                            |
|                | DP_OP_158_269_7805 |        |                            |
| DP_OP_157_294_6676              |            |                            |
|                | DP_OP_157_294_6676 |        |                            |
| DP_OP_156_283_1380              |            |                            |
|                | DP_OP_156_283_1380 |        |                            |
| DP_OP_155_268_2611              |            |                            |
|                | DP_OP_155_268_2611 |        |                            |
| DP_OP_154_296_4884              |            |                            |
|                | DP_OP_154_296_4884 |        |                            |
| DP_OP_153_282_6153              |            |                            |
|                | DP_OP_153_282_6153 |        |                            |
| DP_OP_152_267_2460              |            |                            |
|                | DP_OP_152_267_2460 |        |                            |
| DP_OP_151_297_8212              |            |                            |
|                | DP_OP_151_297_8212 |        |                            |
| DP_OP_150_281_4437              |            |                            |
|                | DP_OP_150_281_4437 |        |                            |
| DP_OP_149_266_8757              |            |                            |
|                | DP_OP_149_266_8757 |        |                            |
| DP_OP_148_298_37                |            |                            |
|                | DP_OP_148_298_37 |          |                            |
| DP_OP_147_280_831               |            |                            |
|                | DP_OP_147_280_831 |         |                            |
| DP_OP_146_265_8757              |            |                            |
|                | DP_OP_146_265_8757 |        |                            |
| DP_OP_145J1_194_9236            |            |                            |
|                | DP_OP_145J1_194_9236 |      |                            |
| DP_OP_144_279_4913              |            |                            |
|                | DP_OP_144_279_4913 |        |                            |
| DP_OP_143_264_6954              |            |                            |
|                | DP_OP_143_264_6954 |        |                            |
| DP_OP_142J1_185_7171            |            |                            |
|                | DP_OP_142J1_185_7171 |      |                            |
| DP_OP_141_278_8995              |            |                            |
|                | DP_OP_141_278_8995 |        |                            |
| DP_OP_140_263_6954              |            |                            |
|                | DP_OP_140_263_6954 |        |                            |
| DP_OP_139J1_176_7939            |            |                            |
|                | DP_OP_139J1_176_7939 |      |                            |
| DP_OP_138_276_8144              |            |                            |
|                | DP_OP_138_276_8144 |        |                            |
| DP_OP_137_262_2021              |            |                            |
|                | DP_OP_137_262_2021 |        |                            |
| DP_OP_136_290_8195              |            |                            |
|                | DP_OP_136_290_8195 |        |                            |
| DP_OP_135_275_5865              |            |                            |
|                | DP_OP_135_275_5865 |        |                            |
| DP_OP_134_261_3824              |            |                            |
|                | DP_OP_134_261_3824 |        |                            |
| DP_OP_133_289_7427              |            |                            |
|                | DP_OP_133_289_7427 |        |                            |
| DP_OP_132_273_2735              |            |                            |
|                | DP_OP_132_273_2735 |        |                            |
| DP_OP_131_260_5627              |            |                            |
|                | DP_OP_131_260_5627 |        |                            |
| DP_OP_130_291_9731              |            |                            |
|                | DP_OP_130_291_9731 |        |                            |
| DP_OP_129_272_2735              |            |                            |
|                | DP_OP_129_272_2735 |        |                            |
| DP_OP_128_259_694               |            |                            |
|                | DP_OP_128_259_694 |         |                            |
| DP_OP_127_288_2580              |            |                            |
|                | DP_OP_127_288_2580 |        |                            |
| DP_OP_126_271_8620              |            |                            |
|                | DP_OP_126_271_8620 |        |                            |
| DP_OP_125_258_8858              |            |                            |
|                | DP_OP_125_258_8858 |        |                            |
| DP_OP_124_287_788               |            |                            |
|                | DP_OP_124_287_788 |         |                            |
| DP_OP_123_277_932               |            |                            |
|                | DP_OP_123_277_932 |         |                            |
| DP_OP_122_257_9491              |            |                            |
|                | DP_OP_122_257_9491 |        |                            |
| DP_OP_121_295_4116              |            |                            |
|                | DP_OP_121_295_4116 |        |                            |
=============================================================================

Datapath Report for DP_OP_256_286_2611
==============================================================================
| Cell                 | Contained Operations                                |
==============================================================================
| DP_OP_256_286_2611   | add_122_2_I16 (cordic_pipelined.sv:122)             |
|                      | sub_126_I16 (cordic_pipelined.sv:126)               |
==============================================================================

==============================================================================
|       |      | Data     |       |                                          |
| Var   | Type | Class    | Width | Expression                               |
==============================================================================
| I1    | PI   | Signed   | 20    |                                          |
| I2    | PI   | Signed   | 5     |                                          |
| I3    | PI   | Unsigned | 1     |                                          |
| O1    | PO   | Signed   | 20    | addsub(I1,I2,I3) ( cordic_pipelined.sv:122 cordic_pipelined.sv:126 ) |
==============================================================================

Datapath Report for DP_OP_254_274_6844
==============================================================================
| Cell                 | Contained Operations                                |
==============================================================================
| DP_OP_254_274_6844   | sub_121_I16 (cordic_pipelined.sv:121)               |
|                      | add_125_2_I16 (cordic_pipelined.sv:125)             |
==============================================================================

==============================================================================
|       |      | Data     |       |                                          |
| Var   | Type | Class    | Width | Expression                               |
==============================================================================
| I1    | PI   | Signed   | 20    |                                          |
| I2    | PI   | Signed   | 5     |                                          |
| I3    | PI   | Unsigned | 1     |                                          |
| O1    | PO   | Signed   | 20    | addsub(I1,I2,I3) ( cordic_pipelined.sv:121 cordic_pipelined.sv:125 ) |
==============================================================================

Datapath Report for DP_OP_163_292_7973
==============================================================================
| Cell                 | Contained Operations                                |
==============================================================================
| DP_OP_163_292_7973   | sub_123_I15 (cordic_pipelined.sv:123)               |
|                      | add_127_2_I15 (cordic_pipelined.sv:127)             |
==============================================================================

==============================================================================
|       |      | Data     |       |                                          |
| Var   | Type | Class    | Width | Expression                               |
==============================================================================
| I1    | PI   | Signed   | 20    |                                          |
| I2    | PI   | Unsigned | 1     |                                          |
| O1    | PO   | Signed   | 20    | addsub(I1,$unsigned(3'b100),I2) ( cordic_pipelined.sv:123 cordic_pipelined.sv:127 ) |
==============================================================================

Datapath Report for DP_OP_162_285_657
==============================================================================
| Cell                 | Contained Operations                                |
==============================================================================
| DP_OP_162_285_657    | add_122_2_I15 (cordic_pipelined.sv:122)             |
|                      | sub_126_I15 (cordic_pipelined.sv:126)               |
==============================================================================

==============================================================================
|       |      | Data     |       |                                          |
| Var   | Type | Class    | Width | Expression                               |
==============================================================================
| I1    | PI   | Signed   | 20    |                                          |
| I2    | PI   | Signed   | 6     |                                          |
| I3    | PI   | Unsigned | 1     |                                          |
| O1    | PO   | Signed   | 20    | addsub(I1,I2,I3) ( cordic_pipelined.sv:122 cordic_pipelined.sv:126 ) |
==============================================================================

Datapath Report for DP_OP_161_270_9576
==============================================================================
| Cell                 | Contained Operations                                |
==============================================================================
| DP_OP_161_270_9576   | sub_121_I15 (cordic_pipelined.sv:121)               |
|                      | add_125_2_I15 (cordic_pipelined.sv:125)             |
==============================================================================

==============================================================================
|       |      | Data     |       |                                          |
| Var   | Type | Class    | Width | Expression                               |
==============================================================================
| I1    | PI   | Signed   | 20    |                                          |
| I2    | PI   | Signed   | 6     |                                          |
| I3    | PI   | Unsigned | 1     |                                          |
| O1    | PO   | Signed   | 20    | addsub(I1,I2,I3) ( cordic_pipelined.sv:121 cordic_pipelined.sv:125 ) |
==============================================================================

Datapath Report for DP_OP_160_293_310
==============================================================================
| Cell                 | Contained Operations                                |
==============================================================================
| DP_OP_160_293_310    | sub_123_I14 (cordic_pipelined.sv:123)               |
|                      | add_127_2_I14 (cordic_pipelined.sv:127)             |
==============================================================================

==============================================================================
|       |      | Data     |       |                                          |
| Var   | Type | Class    | Width | Expression                               |
==============================================================================
| I1    | PI   | Signed   | 20    |                                          |
| I2    | PI   | Unsigned | 1     |                                          |
| O1    | PO   | Signed   | 20    | addsub(I1,$unsigned(4'b1000),I2) ( cordic_pipelined.sv:123 cordic_pipelined.sv:127 ) |
==============================================================================

Datapath Report for DP_OP_159_284_3572
==============================================================================
| Cell                 | Contained Operations                                |
==============================================================================
| DP_OP_159_284_3572   | add_122_2_I14 (cordic_pipelined.sv:122)             |
|                      | sub_126_I14 (cordic_pipelined.sv:126)               |
==============================================================================

==============================================================================
|       |      | Data     |       |                                          |
| Var   | Type | Class    | Width | Expression                               |
==============================================================================
| I1    | PI   | Signed   | 20    |                                          |
| I2    | PI   | Signed   | 7     |                                          |
| I3    | PI   | Unsigned | 1     |                                          |
| O1    | PO   | Signed   | 20    | addsub(I1,I2,I3) ( cordic_pipelined.sv:122 cordic_pipelined.sv:126 ) |
==============================================================================

Datapath Report for DP_OP_158_269_7805
==============================================================================
| Cell                 | Contained Operations                                |
==============================================================================
| DP_OP_158_269_7805   | sub_121_I14 (cordic_pipelined.sv:121)               |
|                      | add_125_2_I14 (cordic_pipelined.sv:125)             |
==============================================================================

==============================================================================
|       |      | Data     |       |                                          |
| Var   | Type | Class    | Width | Expression                               |
==============================================================================
| I1    | PI   | Signed   | 20    |                                          |
| I2    | PI   | Signed   | 7     |                                          |
| I3    | PI   | Unsigned | 1     |                                          |
| O1    | PO   | Signed   | 20    | addsub(I1,I2,I3) ( cordic_pipelined.sv:121 cordic_pipelined.sv:125 ) |
==============================================================================

Datapath Report for DP_OP_157_294_6676
==============================================================================
| Cell                 | Contained Operations                                |
==============================================================================
| DP_OP_157_294_6676   | sub_123_I13 (cordic_pipelined.sv:123)               |
|                      | add_127_2_I13 (cordic_pipelined.sv:127)             |
==============================================================================

==============================================================================
|       |      | Data     |       |                                          |
| Var   | Type | Class    | Width | Expression                               |
==============================================================================
| I1    | PI   | Signed   | 20    |                                          |
| I2    | PI   | Unsigned | 1     |                                          |
| O1    | PO   | Signed   | 20    | addsub(I1,$unsigned(5'b10000),I2) ( cordic_pipelined.sv:123 cordic_pipelined.sv:127 ) |
==============================================================================

Datapath Report for DP_OP_156_283_1380
==============================================================================
| Cell                 | Contained Operations                                |
==============================================================================
| DP_OP_156_283_1380   | add_122_2_I13 (cordic_pipelined.sv:122)             |
|                      | sub_126_I13 (cordic_pipelined.sv:126)               |
==============================================================================

==============================================================================
|       |      | Data     |       |                                          |
| Var   | Type | Class    | Width | Expression                               |
==============================================================================
| I1    | PI   | Signed   | 20    |                                          |
| I2    | PI   | Signed   | 8     |                                          |
| I3    | PI   | Unsigned | 1     |                                          |
| O1    | PO   | Signed   | 20    | addsub(I1,I2,I3) ( cordic_pipelined.sv:122 cordic_pipelined.sv:126 ) |
==============================================================================

Datapath Report for DP_OP_155_268_2611
==============================================================================
| Cell                 | Contained Operations                                |
==============================================================================
| DP_OP_155_268_2611   | sub_121_I13 (cordic_pipelined.sv:121)               |
|                      | add_125_2_I13 (cordic_pipelined.sv:125)             |
==============================================================================

==============================================================================
|       |      | Data     |       |                                          |
| Var   | Type | Class    | Width | Expression                               |
==============================================================================
| I1    | PI   | Signed   | 20    |                                          |
| I2    | PI   | Signed   | 8     |                                          |
| I3    | PI   | Unsigned | 1     |                                          |
| O1    | PO   | Signed   | 20    | addsub(I1,I2,I3) ( cordic_pipelined.sv:121 cordic_pipelined.sv:125 ) |
==============================================================================

Datapath Report for DP_OP_154_296_4884
==============================================================================
| Cell                 | Contained Operations                                |
==============================================================================
| DP_OP_154_296_4884   | sub_123_I12 (cordic_pipelined.sv:123)               |
|                      | add_127_2_I12 (cordic_pipelined.sv:127)             |
==============================================================================

==============================================================================
|       |      | Data     |       |                                          |
| Var   | Type | Class    | Width | Expression                               |
==============================================================================
| I1    | PI   | Signed   | 20    |                                          |
| I2    | PI   | Unsigned | 1     |                                          |
| O1    | PO   | Signed   | 20    | addsub(I1,$unsigned(6'b100000),I2) ( cordic_pipelined.sv:123 cordic_pipelined.sv:127 ) |
==============================================================================

Datapath Report for DP_OP_153_282_6153
==============================================================================
| Cell                 | Contained Operations                                |
==============================================================================
| DP_OP_153_282_6153   | add_122_2_I12 (cordic_pipelined.sv:122)             |
|                      | sub_126_I12 (cordic_pipelined.sv:126)               |
==============================================================================

==============================================================================
|       |      | Data     |       |                                          |
| Var   | Type | Class    | Width | Expression                               |
==============================================================================
| I1    | PI   | Signed   | 20    |                                          |
| I2    | PI   | Signed   | 9     |                                          |
| I3    | PI   | Unsigned | 1     |                                          |
| O1    | PO   | Signed   | 20    | addsub(I1,I2,I3) ( cordic_pipelined.sv:122 cordic_pipelined.sv:126 ) |
==============================================================================

Datapath Report for DP_OP_152_267_2460
==============================================================================
| Cell                 | Contained Operations                                |
==============================================================================
| DP_OP_152_267_2460   | sub_121_I12 (cordic_pipelined.sv:121)               |
|                      | add_125_2_I12 (cordic_pipelined.sv:125)             |
==============================================================================

==============================================================================
|       |      | Data     |       |                                          |
| Var   | Type | Class    | Width | Expression                               |
==============================================================================
| I1    | PI   | Signed   | 20    |                                          |
| I2    | PI   | Signed   | 9     |                                          |
| I3    | PI   | Unsigned | 1     |                                          |
| O1    | PO   | Signed   | 20    | addsub(I1,I2,I3) ( cordic_pipelined.sv:121 cordic_pipelined.sv:125 ) |
==============================================================================

Datapath Report for DP_OP_151_297_8212
==============================================================================
| Cell                 | Contained Operations                                |
==============================================================================
| DP_OP_151_297_8212   | sub_123_I11 (cordic_pipelined.sv:123)               |
|                      | add_127_2_I11 (cordic_pipelined.sv:127)             |
==============================================================================

==============================================================================
|       |      | Data     |       |                                          |
| Var   | Type | Class    | Width | Expression                               |
==============================================================================
| I1    | PI   | Signed   | 20    |                                          |
| I2    | PI   | Unsigned | 1     |                                          |
| O1    | PO   | Signed   | 20    | addsub(I1,$unsigned(7'b1000000),I2) ( cordic_pipelined.sv:123 cordic_pipelined.sv:127 ) |
==============================================================================

Datapath Report for DP_OP_150_281_4437
==============================================================================
| Cell                 | Contained Operations                                |
==============================================================================
| DP_OP_150_281_4437   | add_122_2_I11 (cordic_pipelined.sv:122)             |
|                      | sub_126_I11 (cordic_pipelined.sv:126)               |
==============================================================================

==============================================================================
|       |      | Data     |       |                                          |
| Var   | Type | Class    | Width | Expression                               |
==============================================================================
| I1    | PI   | Signed   | 20    |                                          |
| I2    | PI   | Signed   | 10    |                                          |
| I3    | PI   | Unsigned | 1     |                                          |
| O1    | PO   | Signed   | 20    | addsub(I1,I2,I3) ( cordic_pipelined.sv:122 cordic_pipelined.sv:126 ) |
==============================================================================

Datapath Report for DP_OP_149_266_8757
==============================================================================
| Cell                 | Contained Operations                                |
==============================================================================
| DP_OP_149_266_8757   | sub_121_I11 (cordic_pipelined.sv:121)               |
|                      | add_125_2_I11 (cordic_pipelined.sv:125)             |
==============================================================================

==============================================================================
|       |      | Data     |       |                                          |
| Var   | Type | Class    | Width | Expression                               |
==============================================================================
| I1    | PI   | Signed   | 20    |                                          |
| I2    | PI   | Signed   | 10    |                                          |
| I3    | PI   | Unsigned | 1     |                                          |
| O1    | PO   | Signed   | 20    | addsub(I1,I2,I3) ( cordic_pipelined.sv:121 cordic_pipelined.sv:125 ) |
==============================================================================

Datapath Report for DP_OP_148_298_37
==============================================================================
| Cell                 | Contained Operations                                |
==============================================================================
| DP_OP_148_298_37     | sub_123_I10 (cordic_pipelined.sv:123)               |
|                      | add_127_2_I10 (cordic_pipelined.sv:127)             |
==============================================================================

==============================================================================
|       |      | Data     |       |                                          |
| Var   | Type | Class    | Width | Expression                               |
==============================================================================
| I1    | PI   | Signed   | 20    |                                          |
| I2    | PI   | Unsigned | 1     |                                          |
| O1    | PO   | Signed   | 20    | addsub(I1,$unsigned(8'b10000000),I2) ( cordic_pipelined.sv:123 cordic_pipelined.sv:127 ) |
==============================================================================

Datapath Report for DP_OP_147_280_831
==============================================================================
| Cell                 | Contained Operations                                |
==============================================================================
| DP_OP_147_280_831    | add_122_2_I10 (cordic_pipelined.sv:122)             |
|                      | sub_126_I10 (cordic_pipelined.sv:126)               |
==============================================================================

==============================================================================
|       |      | Data     |       |                                          |
| Var   | Type | Class    | Width | Expression                               |
==============================================================================
| I1    | PI   | Signed   | 20    |                                          |
| I2    | PI   | Signed   | 11    |                                          |
| I3    | PI   | Unsigned | 1     |                                          |
| O1    | PO   | Signed   | 20    | addsub(I1,I2,I3) ( cordic_pipelined.sv:122 cordic_pipelined.sv:126 ) |
==============================================================================

Datapath Report for DP_OP_146_265_8757
==============================================================================
| Cell                 | Contained Operations                                |
==============================================================================
| DP_OP_146_265_8757   | sub_121_I10 (cordic_pipelined.sv:121)               |
|                      | add_125_2_I10 (cordic_pipelined.sv:125)             |
==============================================================================

==============================================================================
|       |      | Data     |       |                                          |
| Var   | Type | Class    | Width | Expression                               |
==============================================================================
| I1    | PI   | Signed   | 20    |                                          |
| I2    | PI   | Signed   | 11    |                                          |
| I3    | PI   | Unsigned | 1     |                                          |
| O1    | PO   | Signed   | 20    | addsub(I1,I2,I3) ( cordic_pipelined.sv:121 cordic_pipelined.sv:125 ) |
==============================================================================

Datapath Report for DP_OP_145J1_194_9236
==============================================================================
| Cell                 | Contained Operations                                |
==============================================================================
| DP_OP_145J1_194_9236 | sub_123_I9 (cordic_pipelined.sv:123)                |
|                      | add_127_2_I9 (cordic_pipelined.sv:127)              |
==============================================================================

==============================================================================
|       |      | Data     |       |                                          |
| Var   | Type | Class    | Width | Expression                               |
==============================================================================
| I1    | PI   | Signed   | 20    |                                          |
| I2    | PI   | Unsigned | 1     |                                          |
| O1    | PO   | Signed   | 20    | addsub(I1,$unsigned(9'b100000000),I2) ( cordic_pipelined.sv:123 cordic_pipelined.sv:127 ) |
==============================================================================

Datapath Report for DP_OP_144_279_4913
==============================================================================
| Cell                 | Contained Operations                                |
==============================================================================
| DP_OP_144_279_4913   | add_122_2_I9 (cordic_pipelined.sv:122)              |
|                      | sub_126_I9 (cordic_pipelined.sv:126)                |
==============================================================================

==============================================================================
|       |      | Data     |       |                                          |
| Var   | Type | Class    | Width | Expression                               |
==============================================================================
| I1    | PI   | Signed   | 20    |                                          |
| I2    | PI   | Signed   | 12    |                                          |
| I3    | PI   | Unsigned | 1     |                                          |
| O1    | PO   | Signed   | 20    | addsub(I1,I2,I3) ( cordic_pipelined.sv:122 cordic_pipelined.sv:126 ) |
==============================================================================

Datapath Report for DP_OP_143_264_6954
==============================================================================
| Cell                 | Contained Operations                                |
==============================================================================
| DP_OP_143_264_6954   | sub_121_I9 (cordic_pipelined.sv:121)                |
|                      | add_125_2_I9 (cordic_pipelined.sv:125)              |
==============================================================================

==============================================================================
|       |      | Data     |       |                                          |
| Var   | Type | Class    | Width | Expression                               |
==============================================================================
| I1    | PI   | Signed   | 20    |                                          |
| I2    | PI   | Signed   | 12    |                                          |
| I3    | PI   | Unsigned | 1     |                                          |
| O1    | PO   | Signed   | 20    | addsub(I1,I2,I3) ( cordic_pipelined.sv:121 cordic_pipelined.sv:125 ) |
==============================================================================

Datapath Report for DP_OP_142J1_185_7171
==============================================================================
| Cell                 | Contained Operations                                |
==============================================================================
| DP_OP_142J1_185_7171 | sub_123_I8 (cordic_pipelined.sv:123)                |
|                      | add_127_2_I8 (cordic_pipelined.sv:127)              |
==============================================================================

==============================================================================
|       |      | Data     |       |                                          |
| Var   | Type | Class    | Width | Expression                               |
==============================================================================
| I1    | PI   | Signed   | 20    |                                          |
| I2    | PI   | Unsigned | 1     |                                          |
| O1    | PO   | Signed   | 20    | addsub(I1,$unsigned(10'b1000000000),I2) ( cordic_pipelined.sv:123 cordic_pipelined.sv:127 ) |
==============================================================================

Datapath Report for DP_OP_141_278_8995
==============================================================================
| Cell                 | Contained Operations                                |
==============================================================================
| DP_OP_141_278_8995   | add_122_2_I8 (cordic_pipelined.sv:122)              |
|                      | sub_126_I8 (cordic_pipelined.sv:126)                |
==============================================================================

==============================================================================
|       |      | Data     |       |                                          |
| Var   | Type | Class    | Width | Expression                               |
==============================================================================
| I1    | PI   | Signed   | 20    |                                          |
| I2    | PI   | Signed   | 13    |                                          |
| I3    | PI   | Unsigned | 1     |                                          |
| O1    | PO   | Signed   | 20    | addsub(I1,I2,I3) ( cordic_pipelined.sv:122 cordic_pipelined.sv:126 ) |
==============================================================================

Datapath Report for DP_OP_140_263_6954
==============================================================================
| Cell                 | Contained Operations                                |
==============================================================================
| DP_OP_140_263_6954   | sub_121_I8 (cordic_pipelined.sv:121)                |
|                      | add_125_2_I8 (cordic_pipelined.sv:125)              |
==============================================================================

==============================================================================
|       |      | Data     |       |                                          |
| Var   | Type | Class    | Width | Expression                               |
==============================================================================
| I1    | PI   | Signed   | 20    |                                          |
| I2    | PI   | Signed   | 13    |                                          |
| I3    | PI   | Unsigned | 1     |                                          |
| O1    | PO   | Signed   | 20    | addsub(I1,I2,I3) ( cordic_pipelined.sv:121 cordic_pipelined.sv:125 ) |
==============================================================================

Datapath Report for DP_OP_139J1_176_7939
==============================================================================
| Cell                 | Contained Operations                                |
==============================================================================
| DP_OP_139J1_176_7939 | sub_123_I7 (cordic_pipelined.sv:123)                |
|                      | add_127_2_I7 (cordic_pipelined.sv:127)              |
==============================================================================

==============================================================================
|       |      | Data     |       |                                          |
| Var   | Type | Class    | Width | Expression                               |
==============================================================================
| I1    | PI   | Signed   | 20    |                                          |
| I2    | PI   | Unsigned | 1     |                                          |
| O1    | PO   | Signed   | 20    | addsub(I1,$unsigned(11'b10000000000),I2) ( cordic_pipelined.sv:123 cordic_pipelined.sv:127 ) |
==============================================================================

Datapath Report for DP_OP_138_276_8144
==============================================================================
| Cell                 | Contained Operations                                |
==============================================================================
| DP_OP_138_276_8144   | add_122_2_I7 (cordic_pipelined.sv:122)              |
|                      | sub_126_I7 (cordic_pipelined.sv:126)                |
==============================================================================

==============================================================================
|       |      | Data     |       |                                          |
| Var   | Type | Class    | Width | Expression                               |
==============================================================================
| I1    | PI   | Signed   | 20    |                                          |
| I2    | PI   | Signed   | 14    |                                          |
| I3    | PI   | Unsigned | 1     |                                          |
| O1    | PO   | Signed   | 20    | addsub(I1,I2,I3) ( cordic_pipelined.sv:122 cordic_pipelined.sv:126 ) |
==============================================================================

Datapath Report for DP_OP_137_262_2021
==============================================================================
| Cell                 | Contained Operations                                |
==============================================================================
| DP_OP_137_262_2021   | sub_121_I7 (cordic_pipelined.sv:121)                |
|                      | add_125_2_I7 (cordic_pipelined.sv:125)              |
==============================================================================

==============================================================================
|       |      | Data     |       |                                          |
| Var   | Type | Class    | Width | Expression                               |
==============================================================================
| I1    | PI   | Signed   | 20    |                                          |
| I2    | PI   | Signed   | 14    |                                          |
| I3    | PI   | Unsigned | 1     |                                          |
| O1    | PO   | Signed   | 20    | addsub(I1,I2,I3) ( cordic_pipelined.sv:121 cordic_pipelined.sv:125 ) |
==============================================================================

Datapath Report for DP_OP_136_290_8195
==============================================================================
| Cell                 | Contained Operations                                |
==============================================================================
| DP_OP_136_290_8195   | sub_123_I6 (cordic_pipelined.sv:123)                |
|                      | add_127_2_I6 (cordic_pipelined.sv:127)              |
==============================================================================

==============================================================================
|       |      | Data     |       |                                          |
| Var   | Type | Class    | Width | Expression                               |
==============================================================================
| I1    | PI   | Signed   | 20    |                                          |
| I2    | PI   | Unsigned | 1     |                                          |
| O1    | PO   | Signed   | 20    | addsub(I1,$unsigned(11'b11111111111),I2) ( cordic_pipelined.sv:123 cordic_pipelined.sv:127 ) |
==============================================================================

Datapath Report for DP_OP_135_275_5865
==============================================================================
| Cell                 | Contained Operations                                |
==============================================================================
| DP_OP_135_275_5865   | add_122_2_I6 (cordic_pipelined.sv:122)              |
|                      | sub_126_I6 (cordic_pipelined.sv:126)                |
==============================================================================

==============================================================================
|       |      | Data     |       |                                          |
| Var   | Type | Class    | Width | Expression                               |
==============================================================================
| I1    | PI   | Signed   | 20    |                                          |
| I2    | PI   | Signed   | 15    |                                          |
| I3    | PI   | Unsigned | 1     |                                          |
| O1    | PO   | Signed   | 20    | addsub(I1,I2,I3) ( cordic_pipelined.sv:122 cordic_pipelined.sv:126 ) |
==============================================================================

Datapath Report for DP_OP_134_261_3824
==============================================================================
| Cell                 | Contained Operations                                |
==============================================================================
| DP_OP_134_261_3824   | sub_121_I6 (cordic_pipelined.sv:121)                |
|                      | add_125_2_I6 (cordic_pipelined.sv:125)              |
==============================================================================

==============================================================================
|       |      | Data     |       |                                          |
| Var   | Type | Class    | Width | Expression                               |
==============================================================================
| I1    | PI   | Signed   | 20    |                                          |
| I2    | PI   | Signed   | 15    |                                          |
| I3    | PI   | Unsigned | 1     |                                          |
| O1    | PO   | Signed   | 20    | addsub(I1,I2,I3) ( cordic_pipelined.sv:121 cordic_pipelined.sv:125 ) |
==============================================================================

Datapath Report for DP_OP_133_289_7427
==============================================================================
| Cell                 | Contained Operations                                |
==============================================================================
| DP_OP_133_289_7427   | sub_123_I5 (cordic_pipelined.sv:123)                |
|                      | add_127_2_I5 (cordic_pipelined.sv:127)              |
==============================================================================

==============================================================================
|       |      | Data     |       |                                          |
| Var   | Type | Class    | Width | Expression                               |
==============================================================================
| I1    | PI   | Signed   | 20    |                                          |
| I2    | PI   | Unsigned | 1     |                                          |
| O1    | PO   | Signed   | 20    | addsub(I1,$unsigned(12'b111111111011),I2) ( cordic_pipelined.sv:123 cordic_pipelined.sv:127 ) |
==============================================================================

Datapath Report for DP_OP_132_273_2735
==============================================================================
| Cell                 | Contained Operations                                |
==============================================================================
| DP_OP_132_273_2735   | add_122_2_I5 (cordic_pipelined.sv:122)              |
|                      | sub_126_I5 (cordic_pipelined.sv:126)                |
==============================================================================

==============================================================================
|       |      | Data     |       |                                          |
| Var   | Type | Class    | Width | Expression                               |
==============================================================================
| I1    | PI   | Signed   | 20    |                                          |
| I2    | PI   | Signed   | 16    |                                          |
| I3    | PI   | Unsigned | 1     |                                          |
| O1    | PO   | Signed   | 20    | addsub(I1,I2,I3) ( cordic_pipelined.sv:122 cordic_pipelined.sv:126 ) |
==============================================================================

Datapath Report for DP_OP_131_260_5627
==============================================================================
| Cell                 | Contained Operations                                |
==============================================================================
| DP_OP_131_260_5627   | sub_121_I5 (cordic_pipelined.sv:121)                |
|                      | add_125_2_I5 (cordic_pipelined.sv:125)              |
==============================================================================

==============================================================================
|       |      | Data     |       |                                          |
| Var   | Type | Class    | Width | Expression                               |
==============================================================================
| I1    | PI   | Signed   | 20    |                                          |
| I2    | PI   | Signed   | 16    |                                          |
| I3    | PI   | Unsigned | 1     |                                          |
| O1    | PO   | Signed   | 20    | addsub(I1,I2,I3) ( cordic_pipelined.sv:121 cordic_pipelined.sv:125 ) |
==============================================================================

Datapath Report for DP_OP_130_291_9731
==============================================================================
| Cell                 | Contained Operations                                |
==============================================================================
| DP_OP_130_291_9731   | sub_123_I4 (cordic_pipelined.sv:123)                |
|                      | add_127_2_I4 (cordic_pipelined.sv:127)              |
==============================================================================

==============================================================================
|       |      | Data     |       |                                          |
| Var   | Type | Class    | Width | Expression                               |
==============================================================================
| I1    | PI   | Signed   | 20    |                                          |
| I2    | PI   | Unsigned | 1     |                                          |
| O1    | PO   | Signed   | 20    | addsub(I1,$unsigned(13'b1111111010110),I2) ( cordic_pipelined.sv:123 cordic_pipelined.sv:127 ) |
==============================================================================

Datapath Report for DP_OP_129_272_2735
==============================================================================
| Cell                 | Contained Operations                                |
==============================================================================
| DP_OP_129_272_2735   | add_122_2_I4 (cordic_pipelined.sv:122)              |
|                      | sub_126_I4 (cordic_pipelined.sv:126)                |
==============================================================================

==============================================================================
|       |      | Data     |       |                                          |
| Var   | Type | Class    | Width | Expression                               |
==============================================================================
| I1    | PI   | Signed   | 20    |                                          |
| I2    | PI   | Signed   | 17    |                                          |
| I3    | PI   | Unsigned | 1     |                                          |
| O1    | PO   | Signed   | 20    | addsub(I1,I2,I3) ( cordic_pipelined.sv:122 cordic_pipelined.sv:126 ) |
==============================================================================

Datapath Report for DP_OP_128_259_694
==============================================================================
| Cell                 | Contained Operations                                |
==============================================================================
| DP_OP_128_259_694    | sub_121_I4 (cordic_pipelined.sv:121)                |
|                      | add_125_2_I4 (cordic_pipelined.sv:125)              |
==============================================================================

==============================================================================
|       |      | Data     |       |                                          |
| Var   | Type | Class    | Width | Expression                               |
==============================================================================
| I1    | PI   | Signed   | 20    |                                          |
| I2    | PI   | Signed   | 17    |                                          |
| I3    | PI   | Unsigned | 1     |                                          |
| O1    | PO   | Signed   | 20    | addsub(I1,I2,I3) ( cordic_pipelined.sv:121 cordic_pipelined.sv:125 ) |
==============================================================================

Datapath Report for DP_OP_127_288_2580
==============================================================================
| Cell                 | Contained Operations                                |
==============================================================================
| DP_OP_127_288_2580   | sub_123_I3 (cordic_pipelined.sv:123)                |
|                      | add_127_2_I3 (cordic_pipelined.sv:127)              |
==============================================================================

==============================================================================
|       |      | Data     |       |                                          |
| Var   | Type | Class    | Width | Expression                               |
==============================================================================
| I1    | PI   | Signed   | 20    |                                          |
| I2    | PI   | Unsigned | 1     |                                          |
| O1    | PO   | Signed   | 20    | addsub(I1,$unsigned(14'b11111010110111),I2) ( cordic_pipelined.sv:123 cordic_pipelined.sv:127 ) |
==============================================================================

Datapath Report for DP_OP_126_271_8620
==============================================================================
| Cell                 | Contained Operations                                |
==============================================================================
| DP_OP_126_271_8620   | add_122_2_I3 (cordic_pipelined.sv:122)              |
|                      | sub_126_I3 (cordic_pipelined.sv:126)                |
==============================================================================

==============================================================================
|       |      | Data     |       |                                          |
| Var   | Type | Class    | Width | Expression                               |
==============================================================================
| I1    | PI   | Signed   | 20    |                                          |
| I2    | PI   | Signed   | 18    |                                          |
| I3    | PI   | Unsigned | 1     |                                          |
| O1    | PO   | Signed   | 20    | addsub(I1,I2,I3) ( cordic_pipelined.sv:122 cordic_pipelined.sv:126 ) |
==============================================================================

Datapath Report for DP_OP_125_258_8858
==============================================================================
| Cell                 | Contained Operations                                |
==============================================================================
| DP_OP_125_258_8858   | sub_121_I3 (cordic_pipelined.sv:121)                |
|                      | add_125_2_I3 (cordic_pipelined.sv:125)              |
==============================================================================

==============================================================================
|       |      | Data     |       |                                          |
| Var   | Type | Class    | Width | Expression                               |
==============================================================================
| I1    | PI   | Signed   | 20    |                                          |
| I2    | PI   | Signed   | 18    |                                          |
| I3    | PI   | Unsigned | 1     |                                          |
| O1    | PO   | Signed   | 20    | addsub(I1,I2,I3) ( cordic_pipelined.sv:121 cordic_pipelined.sv:125 ) |
==============================================================================

Datapath Report for DP_OP_124_287_788
==============================================================================
| Cell                 | Contained Operations                                |
==============================================================================
| DP_OP_124_287_788    | sub_123_I2 (cordic_pipelined.sv:123)                |
|                      | add_127_2_I2 (cordic_pipelined.sv:127)              |
==============================================================================

==============================================================================
|       |      | Data     |       |                                          |
| Var   | Type | Class    | Width | Expression                               |
==============================================================================
| I1    | PI   | Signed   | 20    |                                          |
| I2    | PI   | Unsigned | 1     |                                          |
| O1    | PO   | Signed   | 20    | addsub(I1,$unsigned(15'b111011010110010),I2) ( cordic_pipelined.sv:123 cordic_pipelined.sv:127 ) |
==============================================================================

Datapath Report for DP_OP_123_277_932
==============================================================================
| Cell                 | Contained Operations                                |
==============================================================================
| DP_OP_123_277_932    | add_122_2_I2 (cordic_pipelined.sv:122)              |
|                      | sub_126_I2 (cordic_pipelined.sv:126)                |
==============================================================================

==============================================================================
|       |      | Data     |       |                                          |
| Var   | Type | Class    | Width | Expression                               |
==============================================================================
| I1    | PI   | Signed   | 20    |                                          |
| I2    | PI   | Signed   | 19    |                                          |
| I3    | PI   | Unsigned | 1     |                                          |
| O1    | PO   | Signed   | 20    | addsub(I1,I2,I3) ( cordic_pipelined.sv:122 cordic_pipelined.sv:126 ) |
==============================================================================

Datapath Report for DP_OP_122_257_9491
==============================================================================
| Cell                 | Contained Operations                                |
==============================================================================
| DP_OP_122_257_9491   | sub_121_I2 (cordic_pipelined.sv:121)                |
|                      | add_125_2_I2 (cordic_pipelined.sv:125)              |
==============================================================================

==============================================================================
|       |      | Data     |       |                                          |
| Var   | Type | Class    | Width | Expression                               |
==============================================================================
| I1    | PI   | Signed   | 20    |                                          |
| I2    | PI   | Signed   | 19    |                                          |
| I3    | PI   | Unsigned | 1     |                                          |
| O1    | PO   | Signed   | 20    | addsub(I1,I2,I3) ( cordic_pipelined.sv:121 cordic_pipelined.sv:125 ) |
==============================================================================

Datapath Report for DP_OP_121_295_4116
==============================================================================
| Cell                 | Contained Operations                                |
==============================================================================
| DP_OP_121_295_4116   | sub_123 (cordic_pipelined.sv:123)                   |
|                      | add_127_2 (cordic_pipelined.sv:127)                 |
==============================================================================

==============================================================================
|       |      | Data     |       |                                          |
| Var   | Type | Class    | Width | Expression                               |
==============================================================================
| I1    | PI   | Signed   | 20    |                                          |
| I2    | PI   | Unsigned | 1     |                                          |
| O1    | PO   | Signed   | 20    | addsub(I1,$unsigned(16'b1100100100010000),I2) ( cordic_pipelined.sv:123 cordic_pipelined.sv:127 ) |
==============================================================================


Implementation Report
===============================================================================
|                    |                  | Current            | Set            |
| Cell               | Module           | Implementation     | Implementation |
===============================================================================
| gte_x_1            | DW_cmp           | apparch (area)     |                |
| gte_x_5            | DW_cmp           | apparch (area)     |                |
| gte_x_6            | DW_cmp           | apparch (area)     |                |
| gte_x_7            | DW_cmp           | apparch (area)     |                |
| gte_x_8            | DW_cmp           | apparch (area)     |                |
| gte_x_9            | DW_cmp           | apparch (area)     |                |
| gte_x_10           | DW_cmp           | apparch (area)     |                |
| gte_x_11           | DW_cmp           | apparch (area)     |                |
| gte_x_12           | DW_cmp           | apparch (area)     |                |
| gte_x_13           | DW_cmp           | apparch (area)     |                |
| gte_x_14           | DW_cmp           | apparch (area)     |                |
| gte_x_15           | DW_cmp           | apparch (area)     |                |
| gte_x_16           | DW_cmp           | apparch (area)     |                |
| gte_x_17           | DW_cmp           | apparch (area)     |                |
| gte_x_18           | DW_cmp           | apparch (area)     |                |
| gte_x_19           | DW_cmp           | apparch (area)     |                |
| gt_x_22            | DW_cmp           | apparch (area)     |                |
| lt_x_23            | DW_cmp           | apparch (area)     |                |
| gt_x_25            | DW_cmp           | apparch (area)     |                |
| lt_x_26            | DW_cmp           | apparch (area)     |                |
| DP_OP_256_286_2611 | DP_OP_256_286_2611 | str (area,speed) |                |
| DP_OP_254_274_6844 | DP_OP_254_274_6844 | str (area,speed) |                |
| DP_OP_163_292_7973 | DP_OP_163_292_7973 | str (area,speed) |                |
| DP_OP_162_285_657  | DP_OP_162_285_657 | str (area,speed)  |                |
| DP_OP_161_270_9576 | DP_OP_161_270_9576 | str (area,speed) |                |
| DP_OP_160_293_310  | DP_OP_160_293_310 | str (area,speed)  |                |
| DP_OP_159_284_3572 | DP_OP_159_284_3572 | str (area,speed) |                |
| DP_OP_158_269_7805 | DP_OP_158_269_7805 | str (area,speed) |                |
| DP_OP_157_294_6676 | DP_OP_157_294_6676 | str (area)       |                |
| DP_OP_156_283_1380 | DP_OP_156_283_1380 | str (area,speed) |                |
| DP_OP_155_268_2611 | DP_OP_155_268_2611 | str (area,speed) |                |
| DP_OP_154_296_4884 | DP_OP_154_296_4884 | str (area)       |                |
| DP_OP_153_282_6153 | DP_OP_153_282_6153 | str (area,speed) |                |
| DP_OP_152_267_2460 | DP_OP_152_267_2460 | str (area,speed) |                |
| DP_OP_151_297_8212 | DP_OP_151_297_8212 | str (area)       |                |
| DP_OP_150_281_4437 | DP_OP_150_281_4437 | str (area,speed) |                |
| DP_OP_149_266_8757 | DP_OP_149_266_8757 | str (area,speed) |                |
| DP_OP_148_298_37   | DP_OP_148_298_37 | str (area)         |                |
| DP_OP_147_280_831  | DP_OP_147_280_831 | str (area,speed)  |                |
| DP_OP_146_265_8757 | DP_OP_146_265_8757 | str (area,speed) |                |
| DP_OP_145J1_194_9236                  |                    |                |
|                    | DP_OP_145J1_194_9236 | str (area)     |                |
| DP_OP_144_279_4913 | DP_OP_144_279_4913 | str (area,speed) |                |
| DP_OP_143_264_6954 | DP_OP_143_264_6954 | str (area,speed) |                |
| DP_OP_142J1_185_7171                  |                    |                |
|                    | DP_OP_142J1_185_7171 | str (area)     |                |
| DP_OP_141_278_8995 | DP_OP_141_278_8995 | str (area,speed) |                |
| DP_OP_140_263_6954 | DP_OP_140_263_6954 | str (area,speed) |                |
| DP_OP_139J1_176_7939                  |                    |                |
|                    | DP_OP_139J1_176_7939 | str (area)     |                |
| DP_OP_138_276_8144 | DP_OP_138_276_8144 | str (area,speed) |                |
| DP_OP_137_262_2021 | DP_OP_137_262_2021 | str (area,speed) |                |
| DP_OP_136_290_8195 | DP_OP_136_290_8195 | str (area,speed) |                |
| DP_OP_135_275_5865 | DP_OP_135_275_5865 | str (area,speed) |                |
| DP_OP_134_261_3824 | DP_OP_134_261_3824 | str (area,speed) |                |
| DP_OP_133_289_7427 | DP_OP_133_289_7427 | str (area,speed) |                |
| DP_OP_132_273_2735 | DP_OP_132_273_2735 | str (area,speed) |                |
| DP_OP_131_260_5627 | DP_OP_131_260_5627 | str (area,speed) |                |
| DP_OP_130_291_9731 | DP_OP_130_291_9731 | str (area,speed) |                |
| DP_OP_129_272_2735 | DP_OP_129_272_2735 | str (area,speed) |                |
| DP_OP_128_259_694  | DP_OP_128_259_694 | str (area,speed)  |                |
| DP_OP_127_288_2580 | DP_OP_127_288_2580 | str (area,speed) |                |
| DP_OP_126_271_8620 | DP_OP_126_271_8620 | str (area,speed) |                |
| DP_OP_125_258_8858 | DP_OP_125_258_8858 | str (area,speed) |                |
| DP_OP_124_287_788  | DP_OP_124_287_788 | str (area,speed)  |                |
| DP_OP_123_277_932  | DP_OP_123_277_932 | str (area,speed)  |                |
| DP_OP_122_257_9491 | DP_OP_122_257_9491 | str (area,speed) |                |
| DP_OP_121_295_4116 | DP_OP_121_295_4116 | str (area,speed) |                |
===============================================================================

1
