Information: Updating design information... (UID-85)
 
****************************************
Report : timing
        -path full
        -delay max
        -max_paths 10
Design : cordic_pipelined
Version: W-2024.09-SP2
Date   : Thu Apr 30 16:53:25 2026
****************************************

Operating Conditions: nom_pvt   Library: lsi_10k
Wire Load Model Mode: top

  Startpoint: x_pipe_reg[12][12]
              (rising edge-triggered flip-flop clocked by clk)
  Endpoint: y_pipe_reg[13][19]
            (rising edge-triggered flip-flop clocked by clk)
  Path Group: clk
  Path Type: max

  Point                                    Incr       Path
  -----------------------------------------------------------
  clock clk (rise edge)                    0.00       0.00
  clock network delay (ideal)              0.30       0.30
  x_pipe_reg[12][12]/CP (FD2)              0.00       0.30 r
  x_pipe_reg[12][12]/Q (FD2)               1.53       1.83 f
  U3569/Z (ND2P)                           0.69       2.51 r
  U3567/Z (MUX21LP)                        0.96       3.47 r
  U3286/Z (MUX21L)                         0.96       4.43 r
  U3572/Z (MUX21LP)                        1.03       5.45 r
  U3086/Z (MUX21LP)                        1.03       6.48 r
  U3571/Z (MUX21L)                         0.83       7.31 r
  U3570/Z (EOP)                            1.13       8.44 f
  U3374/Z (MUX21L)                         0.43       8.86 r
  y_pipe_reg[13][19]/D (FD2P)              0.00       8.86 r
  data arrival time                                   8.86

  clock clk (rise edge)                    5.00       5.00
  clock network delay (ideal)              0.30       5.30
  y_pipe_reg[13][19]/CP (FD2P)             0.00       5.30 r
  library setup time                      -0.85       4.45
  data required time                                  4.45
  -----------------------------------------------------------
  data required time                                  4.45
  data arrival time                                  -8.86
  -----------------------------------------------------------
  slack (VIOLATED)                                   -4.41


  Startpoint: x_pipe_reg[12][12]
              (rising edge-triggered flip-flop clocked by clk)
  Endpoint: y_pipe_reg[13][17]
            (rising edge-triggered flip-flop clocked by clk)
  Path Group: clk
  Path Type: max

  Point                                    Incr       Path
  -----------------------------------------------------------
  clock clk (rise edge)                    0.00       0.00
  clock network delay (ideal)              0.30       0.30
  x_pipe_reg[12][12]/CP (FD2)              0.00       0.30 r
  x_pipe_reg[12][12]/Q (FD2)               1.53       1.83 f
  U3569/Z (ND2P)                           0.69       2.51 r
  U3567/Z (MUX21LP)                        0.96       3.47 r
  U3286/Z (MUX21L)                         0.96       4.43 r
  U3572/Z (MUX21LP)                        1.03       5.45 r
  U3086/Z (MUX21LP)                        1.03       6.48 r
  U3370/Z (MUX21L)                         0.83       7.31 r
  U3597/Z (EOP)                            1.13       8.44 f
  U3593/Z (MUX21L)                         0.43       8.86 r
  y_pipe_reg[13][17]/D (FD2P)              0.00       8.86 r
  data arrival time                                   8.86

  clock clk (rise edge)                    5.00       5.00
  clock network delay (ideal)              0.30       5.30
  y_pipe_reg[13][17]/CP (FD2P)             0.00       5.30 r
  library setup time                      -0.85       4.45
  data required time                                  4.45
  -----------------------------------------------------------
  data required time                                  4.45
  data arrival time                                  -8.86
  -----------------------------------------------------------
  slack (VIOLATED)                                   -4.41


  Startpoint: x_pipe_reg[13][0]
              (rising edge-triggered flip-flop clocked by clk)
  Endpoint: x_pipe_reg[14][19]
            (rising edge-triggered flip-flop clocked by clk)
  Path Group: clk
  Path Type: max

  Point                                    Incr       Path
  -----------------------------------------------------------
  clock clk (rise edge)                    0.00       0.00
  clock network delay (ideal)              0.30       0.30
  x_pipe_reg[13][0]/CP (FD2P)              0.00       0.30 r
  x_pipe_reg[13][0]/Q (FD2P)               1.55       1.85 f
  U2766/Z (ND2P)                           0.69       2.54 r
  U2765/Z (MUX21L)                         0.96       3.49 r
  U2782/Z (MUX21LP)                        1.03       4.52 r
  U2706/Z (MUX21L)                         0.89       5.41 r
  U3015/Z (MUX21LP)                        1.06       6.47 r
  U3506/Z (MUX21L)                         0.83       7.29 r
  U3505/Z (EOP)                            1.13       8.42 f
  U3362/Z (MUX21L)                         0.43       8.85 r
  x_pipe_reg[14][19]/D (FD2P)              0.00       8.85 r
  data arrival time                                   8.85

  clock clk (rise edge)                    5.00       5.00
  clock network delay (ideal)              0.30       5.30
  x_pipe_reg[14][19]/CP (FD2P)             0.00       5.30 r
  library setup time                      -0.85       4.45
  data required time                                  4.45
  -----------------------------------------------------------
  data required time                                  4.45
  data arrival time                                  -8.85
  -----------------------------------------------------------
  slack (VIOLATED)                                   -4.40


  Startpoint: x_pipe_reg[13][0]
              (rising edge-triggered flip-flop clocked by clk)
  Endpoint: x_pipe_reg[14][17]
            (rising edge-triggered flip-flop clocked by clk)
  Path Group: clk
  Path Type: max

  Point                                    Incr       Path
  -----------------------------------------------------------
  clock clk (rise edge)                    0.00       0.00
  clock network delay (ideal)              0.30       0.30
  x_pipe_reg[13][0]/CP (FD2P)              0.00       0.30 r
  x_pipe_reg[13][0]/Q (FD2P)               1.55       1.85 f
  U2766/Z (ND2P)                           0.69       2.54 r
  U2765/Z (MUX21L)                         0.96       3.49 r
  U2782/Z (MUX21LP)                        1.03       4.52 r
  U2706/Z (MUX21L)                         0.89       5.41 r
  U3015/Z (MUX21LP)                        1.06       6.47 r
  U3510/Z (MUX21L)                         0.83       7.29 r
  U3509/Z (EOP)                            1.13       8.42 f
  U3363/Z (MUX21L)                         0.43       8.85 r
  x_pipe_reg[14][17]/D (FD2P)              0.00       8.85 r
  data arrival time                                   8.85

  clock clk (rise edge)                    5.00       5.00
  clock network delay (ideal)              0.30       5.30
  x_pipe_reg[14][17]/CP (FD2P)             0.00       5.30 r
  library setup time                      -0.85       4.45
  data required time                                  4.45
  -----------------------------------------------------------
  data required time                                  4.45
  data arrival time                                  -8.85
  -----------------------------------------------------------
  slack (VIOLATED)                                   -4.40


  Startpoint: y_pipe_reg[11][11]
              (rising edge-triggered flip-flop clocked by clk)
  Endpoint: x_pipe_reg[12][15]
            (rising edge-triggered flip-flop clocked by clk)
  Path Group: clk
  Path Type: max

  Point                                    Incr       Path
  -----------------------------------------------------------
  clock clk (rise edge)                    0.00       0.00
  clock network delay (ideal)              0.30       0.30
  y_pipe_reg[11][11]/CP (FD2P)             0.00       0.30 r
  y_pipe_reg[11][11]/QN (FD2P)             2.02       2.32 f
  U6224/Z (OR2P)                           1.04       3.36 f
  U3290/Z (MUX21L)                         0.96       4.32 r
  U3379/Z (MUX21LP)                        1.03       5.34 r
  U3600/Z (MUX21LP)                        0.99       6.33 r
  U3260/Z (MUX21L)                         0.96       7.29 r
  U3599/Z (EOP)                            1.13       8.42 f
  U3598/Z (MUX21L)                         0.43       8.85 r
  x_pipe_reg[12][15]/D (FD2P)              0.00       8.85 r
  data arrival time                                   8.85

  clock clk (rise edge)                    5.00       5.00
  clock network delay (ideal)              0.30       5.30
  x_pipe_reg[12][15]/CP (FD2P)             0.00       5.30 r
  library setup time                      -0.85       4.45
  data required time                                  4.45
  -----------------------------------------------------------
  data required time                                  4.45
  data arrival time                                  -8.85
  -----------------------------------------------------------
  slack (VIOLATED)                                   -4.40


  Startpoint: y_pipe_reg[13][13]
              (rising edge-triggered flip-flop clocked by clk)
  Endpoint: x_pipe_reg[14][15]
            (rising edge-triggered flip-flop clocked by clk)
  Path Group: clk
  Path Type: max

  Point                                    Incr       Path
  -----------------------------------------------------------
  clock clk (rise edge)                    0.00       0.00
  clock network delay (ideal)              0.30       0.30
  y_pipe_reg[13][13]/CP (FD2P)             0.00       0.30 r
  y_pipe_reg[13][13]/QN (FD2P)             2.02       2.32 f
  U4522/Z (OR2P)                           1.04       3.36 f
  U2609/Z (MUX21L)                         0.96       4.32 r
  U2950/Z (MUX21LP)                        1.03       5.34 r
  U3380/Z (MUX21LP)                        0.99       6.33 r
  U3262/Z (MUX21L)                         0.96       7.29 r
  U3607/Z (EOP)                            1.13       8.42 f
  U3606/Z (MUX21L)                         0.43       8.85 r
  x_pipe_reg[14][15]/D (FD2P)              0.00       8.85 r
  data arrival time                                   8.85

  clock clk (rise edge)                    5.00       5.00
  clock network delay (ideal)              0.30       5.30
  x_pipe_reg[14][15]/CP (FD2P)             0.00       5.30 r
  library setup time                      -0.85       4.45
  data required time                                  4.45
  -----------------------------------------------------------
  data required time                                  4.45
  data arrival time                                  -8.85
  -----------------------------------------------------------
  slack (VIOLATED)                                   -4.40


  Startpoint: x_pipe_reg[13][13]
              (rising edge-triggered flip-flop clocked by clk)
  Endpoint: y_pipe_reg[14][19]
            (rising edge-triggered flip-flop clocked by clk)
  Path Group: clk
  Path Type: max

  Point                                    Incr       Path
  -----------------------------------------------------------
  clock clk (rise edge)                    0.00       0.00
  clock network delay (ideal)              0.30       0.30
  x_pipe_reg[13][13]/CP (FD2P)             0.00       0.30 r
  x_pipe_reg[13][13]/Q (FD2P)              1.48       1.78 f
  U3024/Z (ND2P)                           0.69       2.47 r
  U693/Z (MUX21L)                          0.96       3.42 r
  U2707/Z (MUX21L)                         0.96       4.38 r
  U3578/Z (MUX21LP)                        1.03       5.40 r
  U2744/Z (MUX21LP)                        1.06       6.46 r
  U3359/Z (MUX21L)                         0.83       7.29 r
  U3483/Z (ENP)                            1.13       8.42 f
  U3482/Z (MUX21L)                         0.43       8.84 r
  y_pipe_reg[14][19]/D (FD2)               0.00       8.84 r
  data arrival time                                   8.84

  clock clk (rise edge)                    5.00       5.00
  clock network delay (ideal)              0.30       5.30
  y_pipe_reg[14][19]/CP (FD2)              0.00       5.30 r
  library setup time                      -0.85       4.45
  data required time                                  4.45
  -----------------------------------------------------------
  data required time                                  4.45
  data arrival time                                  -8.84
  -----------------------------------------------------------
  slack (VIOLATED)                                   -4.39


  Startpoint: x_pipe_reg[12][12]
              (rising edge-triggered flip-flop clocked by clk)
  Endpoint: y_pipe_reg[13][14]
            (rising edge-triggered flip-flop clocked by clk)
  Path Group: clk
  Path Type: max

  Point                                    Incr       Path
  -----------------------------------------------------------
  clock clk (rise edge)                    0.00       0.00
  clock network delay (ideal)              0.30       0.30
  x_pipe_reg[12][12]/CP (FD2)              0.00       0.30 r
  x_pipe_reg[12][12]/QN (FD2)              1.88       2.18 f
  U4461/Z (OR2P)                           1.04       3.22 f
  U3317/Z (MUX21L)                         0.96       4.18 r
  U3580/Z (MUX21L)                         0.96       5.14 r
  U3085/Z (MUX21LP)                        1.12       6.26 r
  U3084/Z (MUX21LP)                        1.03       7.29 r
  U3660/Z (EOP)                            1.13       8.42 f
  U3659/Z (MUX21L)                         0.43       8.84 r
  y_pipe_reg[13][14]/D (FD2P)              0.00       8.84 r
  data arrival time                                   8.84

  clock clk (rise edge)                    5.00       5.00
  clock network delay (ideal)              0.30       5.30
  y_pipe_reg[13][14]/CP (FD2P)             0.00       5.30 r
  library setup time                      -0.85       4.45
  data required time                                  4.45
  -----------------------------------------------------------
  data required time                                  4.45
  data arrival time                                  -8.84
  -----------------------------------------------------------
  slack (VIOLATED)                                   -4.39


  Startpoint: y_pipe_reg[15][15]
              (rising edge-triggered flip-flop clocked by clk)
  Endpoint: x_pipe_reg[16][15]
            (rising edge-triggered flip-flop clocked by clk)
  Path Group: clk
  Path Type: max

  Point                                    Incr       Path
  -----------------------------------------------------------
  clock clk (rise edge)                    0.00       0.00
  clock network delay (ideal)              0.30       0.30
  y_pipe_reg[15][15]/CP (FD2)              0.00       0.30 r
  y_pipe_reg[15][15]/QN (FD2)              1.72       2.02 f
  U12008/Z (OR2P)                          1.04       3.07 f
  U12009/Z (MUX21LP)                       0.96       4.03 r
  U12010/Z (MUX21LP)                       1.03       5.05 r
  U12011/Z (MUX21LP)                       0.99       6.04 r
  U3664/Z (MUX21LP)                        1.03       7.07 r
  U3663/Z (EOP)                            1.13       8.20 f
  U3662/Z (AO7P)                           0.63       8.83 r
  x_pipe_reg[16][15]/D (FD2)               0.00       8.83 r
  data arrival time                                   8.83

  clock clk (rise edge)                    5.00       5.00
  clock network delay (ideal)              0.30       5.30
  x_pipe_reg[16][15]/CP (FD2)              0.00       5.30 r
  library setup time                      -0.85       4.45
  data required time                                  4.45
  -----------------------------------------------------------
  data required time                                  4.45
  data arrival time                                  -8.83
  -----------------------------------------------------------
  slack (VIOLATED)                                   -4.38


  Startpoint: x_pipe_reg[12][19]
              (rising edge-triggered flip-flop clocked by clk)
  Endpoint: y_pipe_reg[13][9]
            (rising edge-triggered flip-flop clocked by clk)
  Path Group: clk
  Path Type: max

  Point                                    Incr       Path
  -----------------------------------------------------------
  clock clk (rise edge)                    0.00       0.00
  clock network delay (ideal)              0.30       0.30
  x_pipe_reg[12][19]/CP (FD2P)             0.00       0.30 r
  x_pipe_reg[12][19]/Q (FD2P)              1.48       1.78 f
  U4406/Z (IVDAP)                          0.76       2.54 f
  U4412/Z (NR2P)                           1.33       3.87 r
  U4414/Z (MUX21LP)                        0.49       4.36 f
  U4418/Z (MUX21L)                         0.49       4.85 r
  U3572/Z (MUX21LP)                        0.53       5.38 f
  U4427/Z (IVAP)                           0.76       6.14 r
  U10758/Z (MUX21L)                        0.83       6.96 r
  U10760/Z (ENP)                           1.13       8.09 f
  U3776/Z (MUX21L)                         0.56       8.65 r
  U10766/Z (IVAP)                          0.17       8.82 f
  y_pipe_reg[13][9]/D (FD2)                0.00       8.82 f
  data arrival time                                   8.82

  clock clk (rise edge)                    5.00       5.00
  clock network delay (ideal)              0.30       5.30
  y_pipe_reg[13][9]/CP (FD2)               0.00       5.30 r
  library setup time                      -0.85       4.45
  data required time                                  4.45
  -----------------------------------------------------------
  data required time                                  4.45
  data arrival time                                  -8.82
  -----------------------------------------------------------
  slack (VIOLATED)                                   -4.37


1
