Information: Updating design information... (UID-85)
 
****************************************
Report : timing
        -path full
        -delay max
        -max_paths 10
Design : cordic_pipelined
Version: W-2024.09-SP2
Date   : Thu Apr 30 18:27:35 2026
****************************************

Operating Conditions: nom_pvt   Library: lsi_10k
Wire Load Model Mode: top

  Startpoint: x_pipe_reg[12][12]
              (rising edge-triggered flip-flop clocked by clk)
  Endpoint: y_pipe_reg[13][18]
            (rising edge-triggered flip-flop clocked by clk)
  Path Group: clk
  Path Type: max

  Point                                    Incr       Path
  -----------------------------------------------------------
  clock clk (rise edge)                    0.00       0.00
  clock network delay (ideal)              0.30       0.30
  x_pipe_reg[12][12]/CP (FD2P)             0.00       0.30 r
  x_pipe_reg[12][12]/Q (FD2P)              1.51       1.81 f
  U2188/Z (ND2P)                           0.69       2.50 r
  U2186/Z (MUX21LP)                        0.96       3.46 r
  U225/Z (MUX21L)                          0.96       4.42 r
  U1155/Z (MUX21LP)                        1.06       5.47 r
  U1005/Z (MUX21LP)                        0.99       6.47 r
  U1003/Z (MUX21L)                         0.83       7.29 r
  U1343/Z (EOP)                            1.13       8.42 f
  U2038/Z (AO7P)                           0.63       9.06 r
  y_pipe_reg[13][18]/D (FD2P)              0.00       9.06 r
  data arrival time                                   9.06

  clock clk (rise edge)                    9.50       9.50
  clock network delay (ideal)              0.30       9.80
  y_pipe_reg[13][18]/CP (FD2P)             0.00       9.80 r
  library setup time                      -0.85       8.95
  data required time                                  8.95
  -----------------------------------------------------------
  data required time                                  8.95
  data arrival time                                  -9.06
  -----------------------------------------------------------
  slack (VIOLATED)                                   -0.11


  Startpoint: x_pipe_reg[11][12]
              (rising edge-triggered flip-flop clocked by clk)
  Endpoint: y_pipe_reg[12][16]
            (rising edge-triggered flip-flop clocked by clk)
  Path Group: clk
  Path Type: max

  Point                                    Incr       Path
  -----------------------------------------------------------
  clock clk (rise edge)                    0.00       0.00
  clock network delay (ideal)              0.30       0.30
  x_pipe_reg[11][12]/CP (FD2P)             0.00       0.30 r
  x_pipe_reg[11][12]/Q (FD2P)              1.44       1.74 f
  U3128/Z (IVDA)                           0.88       2.62 f
  U3082/Z (ND2)                            0.78       3.40 r
  U1974/Z (MUX21LP)                        0.56       3.96 f
  U1973/Z (MUX21L)                         1.15       5.11 r
  U1588/Z (MUX21LP)                        1.09       6.20 r
  U1355/Z (MUX21L)                         1.22       7.42 r
  U1444/Z (EN)                             1.19       8.61 f
  U1442/Z (MUX21L)                         0.43       9.03 r
  y_pipe_reg[12][16]/D (FD2P)              0.00       9.03 r
  data arrival time                                   9.03

  clock clk (rise edge)                    9.50       9.50
  clock network delay (ideal)              0.30       9.80
  y_pipe_reg[12][16]/CP (FD2P)             0.00       9.80 r
  library setup time                      -0.85       8.95
  data required time                                  8.95
  -----------------------------------------------------------
  data required time                                  8.95
  data arrival time                                  -9.03
  -----------------------------------------------------------
  slack (VIOLATED)                                   -0.08


  Startpoint: y_pipe_reg[10][0]
              (rising edge-triggered flip-flop clocked by clk)
  Endpoint: y_pipe_reg[11][19]
            (rising edge-triggered flip-flop clocked by clk)
  Path Group: clk
  Path Type: max

  Point                                    Incr       Path
  -----------------------------------------------------------
  clock clk (rise edge)                    0.00       0.00
  clock network delay (ideal)              0.30       0.30
  y_pipe_reg[10][0]/CP (FD2P)              0.00       0.30 r
  y_pipe_reg[10][0]/Q (FD2P)               1.48       1.78 f
  U2083/Z (ND2P)                           0.75       2.53 r
  U3278/Z (MUX21L)                         1.15       3.68 r
  U3279/Z (MUX21L)                         1.15       4.83 r
  U3280/Z (MUX21L)                         1.15       5.98 r
  U1492/Z (MUX21L)                         1.22       7.20 r
  U10970/Z (MUX21L)                        0.62       7.82 f
  U10989/Z (MUX21H)                        1.21       9.03 f
  y_pipe_reg[11][19]/D (FD2P)              0.00       9.03 f
  data arrival time                                   9.03

  clock clk (rise edge)                    9.50       9.50
  clock network delay (ideal)              0.30       9.80
  y_pipe_reg[11][19]/CP (FD2P)             0.00       9.80 r
  library setup time                      -0.85       8.95
  data required time                                  8.95
  -----------------------------------------------------------
  data required time                                  8.95
  data arrival time                                  -9.03
  -----------------------------------------------------------
  slack (VIOLATED)                                   -0.08


  Startpoint: x_pipe_reg[3][2]
              (rising edge-triggered flip-flop clocked by clk)
  Endpoint: x_pipe_reg[4][16]
            (rising edge-triggered flip-flop clocked by clk)
  Path Group: clk
  Path Type: max

  Point                                    Incr       Path
  -----------------------------------------------------------
  clock clk (rise edge)                    0.00       0.00
  clock network delay (ideal)              0.30       0.30
  x_pipe_reg[3][2]/CP (FD2)                0.00       0.30 r
  x_pipe_reg[3][2]/Q (FD2)                 1.89       2.19 f
  U8546/Z (NR2)                            1.33       3.52 r
  U8547/Z (MUX21L)                         0.89       4.41 r
  U283/Z (MUX21L)                          0.53       4.94 f
  U901/Z (MUX21LP)                         1.09       6.03 r
  U900/Z (MUX21LP)                         1.09       7.12 r
  U899/Z (EOP)                             1.13       8.25 f
  U1826/Z (ND2P)                           0.56       8.82 r
  U2358/Z (ND2)                            0.22       9.03 f
  x_pipe_reg[4][16]/D (FD2P)               0.00       9.03 f
  data arrival time                                   9.03

  clock clk (rise edge)                    9.50       9.50
  clock network delay (ideal)              0.30       9.80
  x_pipe_reg[4][16]/CP (FD2P)              0.00       9.80 r
  library setup time                      -0.85       8.95
  data required time                                  8.95
  -----------------------------------------------------------
  data required time                                  8.95
  data arrival time                                  -9.03
  -----------------------------------------------------------
  slack (VIOLATED)                                   -0.08


  Startpoint: x_pipe_reg[9][4]
              (rising edge-triggered flip-flop clocked by clk)
  Endpoint: x_pipe_reg[10][11]
            (rising edge-triggered flip-flop clocked by clk)
  Path Group: clk
  Path Type: max

  Point                                    Incr       Path
  -----------------------------------------------------------
  clock clk (rise edge)                    0.00       0.00
  clock network delay (ideal)              0.30       0.30
  x_pipe_reg[9][4]/CP (FD2)                0.00       0.30 r
  x_pipe_reg[9][4]/Q (FD2)                 2.65       2.95 r
  U4009/Z (ND2)                            0.47       3.42 f
  U4010/Z (MUX21L)                         1.15       4.57 r
  U4011/Z (MUX21L)                         0.89       5.46 r
  U1505/Z (MUX21LP)                        0.59       6.05 f
  U2143/Z (IVP)                            1.14       7.20 r
  U10575/Z (MUX21L)                        0.62       7.82 f
  U10576/Z (MUX21H)                        1.21       9.03 f
  x_pipe_reg[10][11]/D (FD2P)              0.00       9.03 f
  data arrival time                                   9.03

  clock clk (rise edge)                    9.50       9.50
  clock network delay (ideal)              0.30       9.80
  x_pipe_reg[10][11]/CP (FD2P)             0.00       9.80 r
  library setup time                      -0.85       8.95
  data required time                                  8.95
  -----------------------------------------------------------
  data required time                                  8.95
  data arrival time                                  -9.03
  -----------------------------------------------------------
  slack (VIOLATED)                                   -0.08


  Startpoint: x_pipe_reg[9][4]
              (rising edge-triggered flip-flop clocked by clk)
  Endpoint: x_pipe_reg[10][10]
            (rising edge-triggered flip-flop clocked by clk)
  Path Group: clk
  Path Type: max

  Point                                    Incr       Path
  -----------------------------------------------------------
  clock clk (rise edge)                    0.00       0.00
  clock network delay (ideal)              0.30       0.30
  x_pipe_reg[9][4]/CP (FD2)                0.00       0.30 r
  x_pipe_reg[9][4]/Q (FD2)                 2.65       2.95 r
  U4009/Z (ND2)                            0.47       3.42 f
  U4010/Z (MUX21L)                         1.15       4.57 r
  U4011/Z (MUX21L)                         0.89       5.46 r
  U1505/Z (MUX21LP)                        0.59       6.05 f
  U2143/Z (IVP)                            1.14       7.20 r
  U10584/Z (MUX21L)                        0.62       7.82 f
  U10585/Z (MUX21H)                        1.21       9.03 f
  x_pipe_reg[10][10]/D (FD2P)              0.00       9.03 f
  data arrival time                                   9.03

  clock clk (rise edge)                    9.50       9.50
  clock network delay (ideal)              0.30       9.80
  x_pipe_reg[10][10]/CP (FD2P)             0.00       9.80 r
  library setup time                      -0.85       8.95
  data required time                                  8.95
  -----------------------------------------------------------
  data required time                                  8.95
  data arrival time                                  -9.03
  -----------------------------------------------------------
  slack (VIOLATED)                                   -0.08


  Startpoint: x_pipe_reg[9][4]
              (rising edge-triggered flip-flop clocked by clk)
  Endpoint: x_pipe_reg[10][9]
            (rising edge-triggered flip-flop clocked by clk)
  Path Group: clk
  Path Type: max

  Point                                    Incr       Path
  -----------------------------------------------------------
  clock clk (rise edge)                    0.00       0.00
  clock network delay (ideal)              0.30       0.30
  x_pipe_reg[9][4]/CP (FD2)                0.00       0.30 r
  x_pipe_reg[9][4]/Q (FD2)                 2.65       2.95 r
  U4009/Z (ND2)                            0.47       3.42 f
  U4010/Z (MUX21L)                         1.15       4.57 r
  U4011/Z (MUX21L)                         0.89       5.46 r
  U1505/Z (MUX21LP)                        0.59       6.05 f
  U2143/Z (IVP)                            1.14       7.20 r
  U10593/Z (MUX21L)                        0.62       7.82 f
  U10594/Z (MUX21H)                        1.21       9.03 f
  x_pipe_reg[10][9]/D (FD2P)               0.00       9.03 f
  data arrival time                                   9.03

  clock clk (rise edge)                    9.50       9.50
  clock network delay (ideal)              0.30       9.80
  x_pipe_reg[10][9]/CP (FD2P)              0.00       9.80 r
  library setup time                      -0.85       8.95
  data required time                                  8.95
  -----------------------------------------------------------
  data required time                                  8.95
  data arrival time                                  -9.03
  -----------------------------------------------------------
  slack (VIOLATED)                                   -0.08


  Startpoint: y_pipe_reg[9][4]
              (rising edge-triggered flip-flop clocked by clk)
  Endpoint: y_pipe_reg[10][9]
            (rising edge-triggered flip-flop clocked by clk)
  Path Group: clk
  Path Type: max

  Point                                    Incr       Path
  -----------------------------------------------------------
  clock clk (rise edge)                    0.00       0.00
  clock network delay (ideal)              0.30       0.30
  y_pipe_reg[9][4]/CP (FD2)                0.00       0.30 r
  y_pipe_reg[9][4]/Q (FD2)                 2.65       2.95 r
  U2978/Z (ND2)                            0.47       3.42 f
  U2979/Z (MUX21L)                         1.15       4.57 r
  U2980/Z (MUX21L)                         0.89       5.46 r
  U1135/Z (MUX21LP)                        0.59       6.05 f
  U2149/Z (IVP)                            1.14       7.20 r
  U10922/Z (MUX21L)                        0.62       7.82 f
  U10927/Z (MUX21H)                        1.21       9.03 f
  y_pipe_reg[10][9]/D (FD2P)               0.00       9.03 f
  data arrival time                                   9.03

  clock clk (rise edge)                    9.50       9.50
  clock network delay (ideal)              0.30       9.80
  y_pipe_reg[10][9]/CP (FD2P)              0.00       9.80 r
  library setup time                      -0.85       8.95
  data required time                                  8.95
  -----------------------------------------------------------
  data required time                                  8.95
  data arrival time                                  -9.03
  -----------------------------------------------------------
  slack (VIOLATED)                                   -0.08


  Startpoint: x_pipe_reg[9][4]
              (rising edge-triggered flip-flop clocked by clk)
  Endpoint: x_pipe_reg[10][14]
            (rising edge-triggered flip-flop clocked by clk)
  Path Group: clk
  Path Type: max

  Point                                    Incr       Path
  -----------------------------------------------------------
  clock clk (rise edge)                    0.00       0.00
  clock network delay (ideal)              0.30       0.30
  x_pipe_reg[9][4]/CP (FD2)                0.00       0.30 r
  x_pipe_reg[9][4]/Q (FD2)                 2.65       2.95 r
  U4009/Z (ND2)                            0.47       3.42 f
  U4010/Z (MUX21L)                         1.15       4.57 r
  U4011/Z (MUX21L)                         0.89       5.46 r
  U1505/Z (MUX21LP)                        0.59       6.05 f
  U2143/Z (IVP)                            1.14       7.20 r
  U10538/Z (MUX21L)                        0.62       7.82 f
  U10539/Z (MUX21H)                        1.21       9.03 f
  x_pipe_reg[10][14]/D (FD2)               0.00       9.03 f
  data arrival time                                   9.03

  clock clk (rise edge)                    9.50       9.50
  clock network delay (ideal)              0.30       9.80
  x_pipe_reg[10][14]/CP (FD2)              0.00       9.80 r
  library setup time                      -0.85       8.95
  data required time                                  8.95
  -----------------------------------------------------------
  data required time                                  8.95
  data arrival time                                  -9.03
  -----------------------------------------------------------
  slack (VIOLATED)                                   -0.08


  Startpoint: x_pipe_reg[9][4]
              (rising edge-triggered flip-flop clocked by clk)
  Endpoint: x_pipe_reg[10][12]
            (rising edge-triggered flip-flop clocked by clk)
  Path Group: clk
  Path Type: max

  Point                                    Incr       Path
  -----------------------------------------------------------
  clock clk (rise edge)                    0.00       0.00
  clock network delay (ideal)              0.30       0.30
  x_pipe_reg[9][4]/CP (FD2)                0.00       0.30 r
  x_pipe_reg[9][4]/Q (FD2)                 2.65       2.95 r
  U4009/Z (ND2)                            0.47       3.42 f
  U4010/Z (MUX21L)                         1.15       4.57 r
  U4011/Z (MUX21L)                         0.89       5.46 r
  U1505/Z (MUX21LP)                        0.59       6.05 f
  U2143/Z (IVP)                            1.14       7.20 r
  U10562/Z (MUX21L)                        0.62       7.82 f
  U10563/Z (MUX21H)                        1.21       9.03 f
  x_pipe_reg[10][12]/D (FD2)               0.00       9.03 f
  data arrival time                                   9.03

  clock clk (rise edge)                    9.50       9.50
  clock network delay (ideal)              0.30       9.80
  x_pipe_reg[10][12]/CP (FD2)              0.00       9.80 r
  library setup time                      -0.85       8.95
  data required time                                  8.95
  -----------------------------------------------------------
  data required time                                  8.95
  data arrival time                                  -9.03
  -----------------------------------------------------------
  slack (VIOLATED)                                   -0.08


1
