Information: Updating design information... (UID-85)
 
****************************************
Report : timing
        -path full
        -delay max
        -max_paths 10
Design : cordic_pipelined
Version: W-2024.09-SP2
Date   : Thu Apr 30 16:56:06 2026
****************************************

Operating Conditions: nom_pvt   Library: lsi_10k
Wire Load Model Mode: top

  Startpoint: y_pipe_reg[13][13]
              (rising edge-triggered flip-flop clocked by clk)
  Endpoint: x_pipe_reg[14][17]
            (rising edge-triggered flip-flop clocked by clk)
  Path Group: clk
  Path Type: max

  Point                                    Incr       Path
  -----------------------------------------------------------
  clock clk (rise edge)                    0.00       0.00
  clock network delay (ideal)              0.30       0.30
  y_pipe_reg[13][13]/CP (FD2P)             0.00       0.30 r
  y_pipe_reg[13][13]/Q (FD2P)              1.55       1.85 f
  U4469/Z (ND2P)                           0.62       2.47 r
  U4468/Z (MUX21L)                         0.96       3.43 r
  U4467/Z (MUX21L)                         0.96       4.38 r
  U3756/Z (MUX21LP)                        1.03       5.41 r
  U3719/Z (MUX21LP)                        0.99       6.40 r
  U3717/Z (MUX21L)                         0.83       7.23 r
  U4772/Z (EOP)                            1.13       8.36 f
  U4579/Z (MUX21L)                         0.43       8.79 r
  x_pipe_reg[14][17]/D (FD2)               0.00       8.79 r
  data arrival time                                   8.79

  clock clk (rise edge)                    2.00       2.00
  clock network delay (ideal)              0.30       2.30
  x_pipe_reg[14][17]/CP (FD2)              0.00       2.30 r
  library setup time                      -0.85       1.45
  data required time                                  1.45
  -----------------------------------------------------------
  data required time                                  1.45
  data arrival time                                  -8.79
  -----------------------------------------------------------
  slack (VIOLATED)                                   -7.34


  Startpoint: x_pipe_reg[8][8]
              (rising edge-triggered flip-flop clocked by clk)
  Endpoint: y_pipe_reg[9][16]
            (rising edge-triggered flip-flop clocked by clk)
  Path Group: clk
  Path Type: max

  Point                                    Incr       Path
  -----------------------------------------------------------
  clock clk (rise edge)                    0.00       0.00
  clock network delay (ideal)              0.30       0.30
  x_pipe_reg[8][8]/CP (FD2P)               0.00       0.30 r
  x_pipe_reg[8][8]/QN (FD2P)               2.04       2.34 f
  U3742/Z (NR2P)                           0.82       3.16 r
  U3741/Z (MUX21L)                         0.96       4.12 r
  U3740/Z (MUX21L)                         0.96       5.07 r
  U4652/Z (MUX21LP)                        1.06       6.13 r
  U4651/Z (MUX21LP)                        1.09       7.22 r
  U4650/Z (ENP)                            1.13       8.36 f
  U4649/Z (MUX21L)                         0.43       8.78 r
  y_pipe_reg[9][16]/D (FD2)                0.00       8.78 r
  data arrival time                                   8.78

  clock clk (rise edge)                    2.00       2.00
  clock network delay (ideal)              0.30       2.30
  y_pipe_reg[9][16]/CP (FD2)               0.00       2.30 r
  library setup time                      -0.85       1.45
  data required time                                  1.45
  -----------------------------------------------------------
  data required time                                  1.45
  data arrival time                                  -8.78
  -----------------------------------------------------------
  slack (VIOLATED)                                   -7.33


  Startpoint: x_pipe_reg[6][6]
              (rising edge-triggered flip-flop clocked by clk)
  Endpoint: y_pipe_reg[7][16]
            (rising edge-triggered flip-flop clocked by clk)
  Path Group: clk
  Path Type: max

  Point                                    Incr       Path
  -----------------------------------------------------------
  clock clk (rise edge)                    0.00       0.00
  clock network delay (ideal)              0.30       0.30
  x_pipe_reg[6][6]/CP (FD2P)               0.00       0.30 r
  x_pipe_reg[6][6]/QN (FD2P)               2.04       2.34 f
  U3751/Z (NR2P)                           0.82       3.16 r
  U3750/Z (MUX21L)                         0.96       4.12 r
  U4080/Z (MUX21L)                         0.96       5.07 r
  U4647/Z (MUX21LP)                        1.06       6.13 r
  U4646/Z (MUX21LP)                        1.09       7.22 r
  U4645/Z (ENP)                            1.13       8.36 f
  U4644/Z (MUX21L)                         0.43       8.78 r
  y_pipe_reg[7][16]/D (FD2)                0.00       8.78 r
  data arrival time                                   8.78

  clock clk (rise edge)                    2.00       2.00
  clock network delay (ideal)              0.30       2.30
  y_pipe_reg[7][16]/CP (FD2)               0.00       2.30 r
  library setup time                      -0.85       1.45
  data required time                                  1.45
  -----------------------------------------------------------
  data required time                                  1.45
  data arrival time                                  -8.78
  -----------------------------------------------------------
  slack (VIOLATED)                                   -7.33


  Startpoint: x_pipe_reg[12][12]
              (rising edge-triggered flip-flop clocked by clk)
  Endpoint: y_pipe_reg[13][18]
            (rising edge-triggered flip-flop clocked by clk)
  Path Group: clk
  Path Type: max

  Point                                    Incr       Path
  -----------------------------------------------------------
  clock clk (rise edge)                    0.00       0.00
  clock network delay (ideal)              0.30       0.30
  x_pipe_reg[12][12]/CP (FD2P)             0.00       0.30 r
  x_pipe_reg[12][12]/Q (FD2P)              1.51       1.81 f
  U4821/Z (ND2P)                           0.69       2.50 r
  U3644/Z (MUX21L)                         0.96       3.46 r
  U4545/Z (MUX21L)                         0.96       4.41 r
  U4689/Z (MUX21LP)                        1.03       5.44 r
  U549/Z (MUX21L)                          0.96       6.39 r
  U4389/Z (MUX21L)                         0.83       7.22 r
  U4704/Z (EOP)                            1.13       8.35 f
  U4628/Z (MUX21L)                         0.43       8.78 r
  y_pipe_reg[13][18]/D (FD2)               0.00       8.78 r
  data arrival time                                   8.78

  clock clk (rise edge)                    2.00       2.00
  clock network delay (ideal)              0.30       2.30
  y_pipe_reg[13][18]/CP (FD2)              0.00       2.30 r
  library setup time                      -0.85       1.45
  data required time                                  1.45
  -----------------------------------------------------------
  data required time                                  1.45
  data arrival time                                  -8.78
  -----------------------------------------------------------
  slack (VIOLATED)                                   -7.33


  Startpoint: x_pipe_reg[12][12]
              (rising edge-triggered flip-flop clocked by clk)
  Endpoint: y_pipe_reg[13][11]
            (rising edge-triggered flip-flop clocked by clk)
  Path Group: clk
  Path Type: max

  Point                                    Incr       Path
  -----------------------------------------------------------
  clock clk (rise edge)                    0.00       0.00
  clock network delay (ideal)              0.30       0.30
  x_pipe_reg[12][12]/CP (FD2P)             0.00       0.30 r
  x_pipe_reg[12][12]/Q (FD2P)              1.51       1.81 f
  U4821/Z (ND2P)                           0.69       2.50 r
  U3644/Z (MUX21L)                         0.96       3.46 r
  U4545/Z (MUX21L)                         0.96       4.41 r
  U4689/Z (MUX21LP)                        1.03       5.44 r
  U6008/Z (IVAP)                           0.66       6.10 f
  U5037/Z (MUX21L)                         0.83       6.92 r
  U10872/Z (ENP)                           1.13       8.06 f
  U10876/Z (MUX21LP)                       0.53       8.58 r
  U3649/Z (IVP)                            0.19       8.78 f
  y_pipe_reg[13][11]/D (FD2)               0.00       8.78 f
  data arrival time                                   8.78

  clock clk (rise edge)                    2.00       2.00
  clock network delay (ideal)              0.30       2.30
  y_pipe_reg[13][11]/CP (FD2)              0.00       2.30 r
  library setup time                      -0.85       1.45
  data required time                                  1.45
  -----------------------------------------------------------
  data required time                                  1.45
  data arrival time                                  -8.78
  -----------------------------------------------------------
  slack (VIOLATED)                                   -7.33


  Startpoint: x_pipe_reg[12][12]
              (rising edge-triggered flip-flop clocked by clk)
  Endpoint: y_pipe_reg[13][9]
            (rising edge-triggered flip-flop clocked by clk)
  Path Group: clk
  Path Type: max

  Point                                    Incr       Path
  -----------------------------------------------------------
  clock clk (rise edge)                    0.00       0.00
  clock network delay (ideal)              0.30       0.30
  x_pipe_reg[12][12]/CP (FD2P)             0.00       0.30 r
  x_pipe_reg[12][12]/Q (FD2P)              1.51       1.81 f
  U4821/Z (ND2P)                           0.69       2.50 r
  U3644/Z (MUX21L)                         0.96       3.46 r
  U4545/Z (MUX21L)                         0.96       4.41 r
  U4689/Z (MUX21LP)                        1.03       5.44 r
  U6008/Z (IVAP)                           0.66       6.10 f
  U10879/Z (MUX21L)                        0.83       6.92 r
  U10881/Z (ENP)                           1.13       8.06 f
  U822/Z (MUX21LP)                         0.53       8.58 r
  U821/Z (IVP)                             0.19       8.78 f
  y_pipe_reg[13][9]/D (FD2)                0.00       8.78 f
  data arrival time                                   8.78

  clock clk (rise edge)                    2.00       2.00
  clock network delay (ideal)              0.30       2.30
  y_pipe_reg[13][9]/CP (FD2)               0.00       2.30 r
  library setup time                      -0.85       1.45
  data required time                                  1.45
  -----------------------------------------------------------
  data required time                                  1.45
  data arrival time                                  -8.78
  -----------------------------------------------------------
  slack (VIOLATED)                                   -7.33


  Startpoint: x_pipe_reg[12][12]
              (rising edge-triggered flip-flop clocked by clk)
  Endpoint: y_pipe_reg[13][13]
            (rising edge-triggered flip-flop clocked by clk)
  Path Group: clk
  Path Type: max

  Point                                    Incr       Path
  -----------------------------------------------------------
  clock clk (rise edge)                    0.00       0.00
  clock network delay (ideal)              0.30       0.30
  x_pipe_reg[12][12]/CP (FD2P)             0.00       0.30 r
  x_pipe_reg[12][12]/Q (FD2P)              1.51       1.81 f
  U4821/Z (ND2P)                           0.69       2.50 r
  U3644/Z (MUX21L)                         0.96       3.46 r
  U4545/Z (MUX21L)                         0.96       4.41 r
  U4689/Z (MUX21LP)                        1.03       5.44 r
  U6008/Z (IVAP)                           0.66       6.10 f
  U5036/Z (MUX21L)                         0.83       6.92 r
  U10855/Z (ENP)                           1.13       8.06 f
  U10861/Z (MUX21LP)                       0.53       8.58 r
  U3650/Z (IVP)                            0.19       8.78 f
  y_pipe_reg[13][13]/D (FD2P)              0.00       8.78 f
  data arrival time                                   8.78

  clock clk (rise edge)                    2.00       2.00
  clock network delay (ideal)              0.30       2.30
  y_pipe_reg[13][13]/CP (FD2P)             0.00       2.30 r
  library setup time                      -0.85       1.45
  data required time                                  1.45
  -----------------------------------------------------------
  data required time                                  1.45
  data arrival time                                  -8.78
  -----------------------------------------------------------
  slack (VIOLATED)                                   -7.33


  Startpoint: x_pipe_reg[12][12]
              (rising edge-triggered flip-flop clocked by clk)
  Endpoint: y_pipe_reg[13][12]
            (rising edge-triggered flip-flop clocked by clk)
  Path Group: clk
  Path Type: max

  Point                                    Incr       Path
  -----------------------------------------------------------
  clock clk (rise edge)                    0.00       0.00
  clock network delay (ideal)              0.30       0.30
  x_pipe_reg[12][12]/CP (FD2P)             0.00       0.30 r
  x_pipe_reg[12][12]/Q (FD2P)              1.51       1.81 f
  U4821/Z (ND2P)                           0.69       2.50 r
  U3644/Z (MUX21L)                         0.96       3.46 r
  U4545/Z (MUX21L)                         0.96       4.41 r
  U4689/Z (MUX21LP)                        1.03       5.44 r
  U6008/Z (IVAP)                           0.66       6.10 f
  U10862/Z (MUX21L)                        0.83       6.92 r
  U10864/Z (ENP)                           1.13       8.06 f
  U820/Z (MUX21LP)                         0.53       8.58 r
  U819/Z (IVP)                             0.19       8.78 f
  y_pipe_reg[13][12]/D (FD2P)              0.00       8.78 f
  data arrival time                                   8.78

  clock clk (rise edge)                    2.00       2.00
  clock network delay (ideal)              0.30       2.30
  y_pipe_reg[13][12]/CP (FD2P)             0.00       2.30 r
  library setup time                      -0.85       1.45
  data required time                                  1.45
  -----------------------------------------------------------
  data required time                                  1.45
  data arrival time                                  -8.78
  -----------------------------------------------------------
  slack (VIOLATED)                                   -7.33


  Startpoint: y_pipe_reg[12][12]
              (rising edge-triggered flip-flop clocked by clk)
  Endpoint: x_pipe_reg[13][14]
            (rising edge-triggered flip-flop clocked by clk)
  Path Group: clk
  Path Type: max

  Point                                    Incr       Path
  -----------------------------------------------------------
  clock clk (rise edge)                    0.00       0.00
  clock network delay (ideal)              0.30       0.30
  y_pipe_reg[12][12]/CP (FD2)              0.00       0.30 r
  y_pipe_reg[12][12]/QN (FD2)              1.93       2.23 r
  U4682/Z (IVP)                            0.23       2.45 f
  U4823/Z (ND2P)                           0.69       3.14 r
  U814/Z (MUX21L)                          0.96       4.10 r
  U4430/Z (MUX21L)                         0.96       5.05 r
  U4040/Z (MUX21LP)                        1.12       6.18 r
  U4039/Z (MUX21LP)                        1.03       7.20 r
  U4826/Z (EOP)                            1.13       8.33 f
  U4577/Z (MUX21L)                         0.43       8.76 r
  x_pipe_reg[13][14]/D (FD2P)              0.00       8.76 r
  data arrival time                                   8.76

  clock clk (rise edge)                    2.00       2.00
  clock network delay (ideal)              0.30       2.30
  x_pipe_reg[13][14]/CP (FD2P)             0.00       2.30 r
  library setup time                      -0.85       1.45
  data required time                                  1.45
  -----------------------------------------------------------
  data required time                                  1.45
  data arrival time                                  -8.76
  -----------------------------------------------------------
  slack (VIOLATED)                                   -7.31


  Startpoint: y_pipe_reg[6][14]
              (rising edge-triggered flip-flop clocked by clk)
  Endpoint: x_pipe_reg[7][16]
            (rising edge-triggered flip-flop clocked by clk)
  Path Group: clk
  Path Type: max

  Point                                    Incr       Path
  -----------------------------------------------------------
  clock clk (rise edge)                    0.00       0.00
  clock network delay (ideal)              0.30       0.30
  y_pipe_reg[6][14]/CP (FD2P)              0.00       0.30 r
  y_pipe_reg[6][14]/QN (FD2P)              2.04       2.34 f
  U6542/Z (NR2)                            1.33       3.67 r
  U4088/Z (MUX21L)                         0.96       4.63 r
  U4087/Z (MUX21LP)                        1.09       5.72 r
  U3620/Z (MUX21L)                         0.89       6.61 r
  U3777/Z (MUX21LP)                        0.59       7.20 f
  U3776/Z (ENP)                            1.13       8.33 f
  U3773/Z (MUX21L)                         0.43       8.76 r
  x_pipe_reg[7][16]/D (FD2P)               0.00       8.76 r
  data arrival time                                   8.76

  clock clk (rise edge)                    2.00       2.00
  clock network delay (ideal)              0.30       2.30
  x_pipe_reg[7][16]/CP (FD2P)              0.00       2.30 r
  library setup time                      -0.85       1.45
  data required time                                  1.45
  -----------------------------------------------------------
  data required time                                  1.45
  data arrival time                                  -8.76
  -----------------------------------------------------------
  slack (VIOLATED)                                   -7.31


1
